[1.538s] Invoking command in '/home/ais/smartport_ws/build/dimension_estimator': AMENT_PREFIX_PATH=/home/ais/smartport_ws/install/vehicle_dimension_msgs:${AMENT_PREFIX_PATH} CMAKE_PREFIX_PATH=/home/ais/smartport_ws/install/vehicle_dimension_msgs LD_LIBRARY_PATH=/home/ais/smartport_ws/install/vehicle_dimension_msgs/lib:/usr/local/cuda/lib64:/usr/lib/x86_64-linux-gnu/gazebo-11/plugins:/opt/ros/humble/opt/rviz_ogre_vendor/lib:/opt/ros/humble/lib/x86_64-linux-gnu:/opt/ros/humble/lib:/usr/lib/x86_64-linux-gnu/gazebo-11/plugins PYTHONPATH=/home/ais/smartport_ws/build/dimension_estimator/prefix_override:/usr/lib/python3/dist-packages/colcon_core/task/python/colcon_distutils_commands:/home/ais/smartport_ws/install/dimension_estimator/lib/python3.10/site-packages:/home/ais/smartport_ws/install/vehicle_dimension_msgs/local/lib/python3.10/dist-packages:${PYTHONPATH} /usr/bin/python3 -W ignore:setup.py install is deprecated -W ignore:easy_install command is deprecated setup.py develop --uninstall --editable --build-directory /home/ais/smartport_ws/build/dimension_estimator/build
[2.043s] running develop
[2.444s] Removing /home/ais/smartport_ws/install/dimension_estimator/lib/python3.10/site-packages/dimension-estimator.egg-link (link to .)
[2.500s] Invoked command in '/home/ais/smartport_ws/build/dimension_estimator' returned '0': AMENT_PREFIX_PATH=/home/ais/smartport_ws/install/vehicle_dimension_msgs:${AMENT_PREFIX_PATH} CMAKE_PREFIX_PATH=/home/ais/smartport_ws/install/vehicle_dimension_msgs LD_LIBRARY_PATH=/home/ais/smartport_ws/install/vehicle_dimension_msgs/lib:/usr/local/cuda/lib64:/usr/lib/x86_64-linux-gnu/gazebo-11/plugins:/opt/ros/humble/opt/rviz_ogre_vendor/lib:/opt/ros/humble/lib/x86_64-linux-gnu:/opt/ros/humble/lib:/usr/lib/x86_64-linux-gnu/gazebo-11/plugins PYTHONPATH=/home/ais/smartport_ws/build/dimension_estimator/prefix_override:/usr/lib/python3/dist-packages/colcon_core/task/python/colcon_distutils_commands:/home/ais/smartport_ws/install/dimension_estimator/lib/python3.10/site-packages:/home/ais/smartport_ws/install/vehicle_dimension_msgs/local/lib/python3.10/dist-packages:${PYTHONPATH} /usr/bin/python3 -W ignore:setup.py install is deprecated -W ignore:easy_install command is deprecated setup.py develop --uninstall --editable --build-directory /home/ais/smartport_ws/build/dimension_estimator/build
[2.503s] Invoking command in '/home/ais/smartport_ws/src/dimension_estimator': AMENT_PREFIX_PATH=/home/ais/smartport_ws/install/vehicle_dimension_msgs:${AMENT_PREFIX_PATH} CMAKE_PREFIX_PATH=/home/ais/smartport_ws/install/vehicle_dimension_msgs LD_LIBRARY_PATH=/home/ais/smartport_ws/install/vehicle_dimension_msgs/lib:/usr/local/cuda/lib64:/usr/lib/x86_64-linux-gnu/gazebo-11/plugins:/opt/ros/humble/opt/rviz_ogre_vendor/lib:/opt/ros/humble/lib/x86_64-linux-gnu:/opt/ros/humble/lib:/usr/lib/x86_64-linux-gnu/gazebo-11/plugins PYTHONPATH=/home/ais/smartport_ws/build/dimension_estimator/prefix_override:/usr/lib/python3/dist-packages/colcon_core/task/python/colcon_distutils_commands:/home/ais/smartport_ws/install/dimension_estimator/lib/python3.10/site-packages:/home/ais/smartport_ws/install/vehicle_dimension_msgs/local/lib/python3.10/dist-packages:${PYTHONPATH} /usr/bin/python3 -W ignore:setup.py install is deprecated -W ignore:easy_install command is deprecated setup.py egg_info --egg-base ../../build/dimension_estimator build --build-base /home/ais/smartport_ws/build/dimension_estimator/build install --record /home/ais/smartport_ws/build/dimension_estimator/install.log --single-version-externally-managed install_data --force
[3.032s] running egg_info
[3.033s] writing ../../build/dimension_estimator/dimension_estimator.egg-info/PKG-INFO
[3.033s] writing dependency_links to ../../build/dimension_estimator/dimension_estimator.egg-info/dependency_links.txt
[3.034s] writing entry points to ../../build/dimension_estimator/dimension_estimator.egg-info/entry_points.txt
[3.034s] writing requirements to ../../build/dimension_estimator/dimension_estimator.egg-info/requires.txt
[3.034s] writing top-level names to ../../build/dimension_estimator/dimension_estimator.egg-info/top_level.txt
[3.038s] reading manifest file '../../build/dimension_estimator/dimension_estimator.egg-info/SOURCES.txt'
[3.039s] adding license file 'LICENSE'
[3.040s] writing manifest file '../../build/dimension_estimator/dimension_estimator.egg-info/SOURCES.txt'
[3.040s] running build
[3.041s] running build_py
[3.041s] creating /home/ais/smartport_ws/build/dimension_estimator/build
[3.041s] creating /home/ais/smartport_ws/build/dimension_estimator/build/lib
[3.041s] creating /home/ais/smartport_ws/build/dimension_estimator/build/lib/dimension_estimator
[3.041s] copying dimension_estimator/__init__.py -> /home/ais/smartport_ws/build/dimension_estimator/build/lib/dimension_estimator
[3.042s] copying dimension_estimator/dimension_estimator.py -> /home/ais/smartport_ws/build/dimension_estimator/build/lib/dimension_estimator
[3.042s] running install
[3.042s] running install_lib
[3.043s] creating /home/ais/smartport_ws/install/dimension_estimator/lib/python3.10/site-packages/dimension_estimator
[3.043s] copying /home/ais/smartport_ws/build/dimension_estimator/build/lib/dimension_estimator/__init__.py -> /home/ais/smartport_ws/install/dimension_estimator/lib/python3.10/site-packages/dimension_estimator
[3.043s] copying /home/ais/smartport_ws/build/dimension_estimator/build/lib/dimension_estimator/dimension_estimator.py -> /home/ais/smartport_ws/install/dimension_estimator/lib/python3.10/site-packages/dimension_estimator
[3.044s] byte-compiling /home/ais/smartport_ws/install/dimension_estimator/lib/python3.10/site-packages/dimension_estimator/__init__.py to __init__.cpython-310.pyc
[3.044s] byte-compiling /home/ais/smartport_ws/install/dimension_estimator/lib/python3.10/site-packages/dimension_estimator/dimension_estimator.py to dimension_estimator.cpython-310.pyc
[3.046s] running install_data
[3.046s] copying resource/dimension_estimator -> /home/ais/smartport_ws/install/dimension_estimator/share/ament_index/resource_index/packages
[3.047s] copying package.xml -> /home/ais/smartport_ws/install/dimension_estimator/share/dimension_estimator
[3.047s] running install_egg_info
[3.050s] Copying ../../build/dimension_estimator/dimension_estimator.egg-info to /home/ais/smartport_ws/install/dimension_estimator/lib/python3.10/site-packages/dimension_estimator-0.1.0-py3.10.egg-info
[3.051s] running install_scripts
[3.080s] Installing dimension_estimator script to /home/ais/smartport_ws/install/dimension_estimator/lib/dimension_estimator
[3.081s] writing list of installed files to '/home/ais/smartport_ws/build/dimension_estimator/install.log'
[3.117s] Invoked command in '/home/ais/smartport_ws/src/dimension_estimator' returned '0': AMENT_PREFIX_PATH=/home/ais/smartport_ws/install/vehicle_dimension_msgs:${AMENT_PREFIX_PATH} CMAKE_PREFIX_PATH=/home/ais/smartport_ws/install/vehicle_dimension_msgs LD_LIBRARY_PATH=/home/ais/smartport_ws/install/vehicle_dimension_msgs/lib:/usr/local/cuda/lib64:/usr/lib/x86_64-linux-gnu/gazebo-11/plugins:/opt/ros/humble/opt/rviz_ogre_vendor/lib:/opt/ros/humble/lib/x86_64-linux-gnu:/opt/ros/humble/lib:/usr/lib/x86_64-linux-gnu/gazebo-11/plugins PYTHONPATH=/home/ais/smartport_ws/build/dimension_estimator/prefix_override:/usr/lib/python3/dist-packages/colcon_core/task/python/colcon_distutils_commands:/home/ais/smartport_ws/install/dimension_estimator/lib/python3.10/site-packages:/home/ais/smartport_ws/install/vehicle_dimension_msgs/local/lib/python3.10/dist-packages:${PYTHONPATH} /usr/bin/python3 -W ignore:setup.py install is deprecated -W ignore:easy_install command is deprecated setup.py egg_info --egg-base ../../build/dimension_estimator build --build-base /home/ais/smartport_ws/build/dimension_estimator/build install --record /home/ais/smartport_ws/build/dimension_estimator/install.log --single-version-externally-managed install_data --force
