[0.015s] Invoking command in '/home/ais/smartport_ws/build/vehicle_dimension_msgs': CMAKE_PREFIX_PATH=/opt/ros/humble /usr/bin/cmake --build /home/ais/smartport_ws/build/vehicle_dimension_msgs -- -j8 -l8
[0.083s] [  1%] Built target vehicle_dimension_msgs__cpp
[0.091s] [  1%] Built target ament_cmake_python_symlink_vehicle_dimension_msgs
[0.092s] [ 12%] Built target vehicle_dimension_msgs__rosidl_generator_c
[0.154s] [ 23%] Built target vehicle_dimension_msgs__rosidl_typesupport_cpp
[0.164s] [ 34%] Built target vehicle_dimension_msgs__rosidl_typesupport_introspection_cpp
[0.176s] [ 49%] Built target vehicle_dimension_msgs__rosidl_typesupport_fastrtps_c
[0.177s] [ 56%] Built target vehicle_dimension_msgs__rosidl_typesupport_fastrtps_cpp
[0.182s] [ 67%] Built target vehicle_dimension_msgs__rosidl_typesupport_c
[0.199s] [ 78%] Built target vehicle_dimension_msgs__rosidl_typesupport_introspection_c
[0.241s] [ 78%] Built target vehicle_dimension_msgs
[0.272s] [ 80%] Built target vehicle_dimension_msgs__py
[0.310s] [ 89%] Built target vehicle_dimension_msgs__rosidl_generator_py
[0.376s] [ 92%] Built target vehicle_dimension_msgs__rosidl_typesupport_c__pyext
[0.414s] [ 96%] Built target vehicle_dimension_msgs__rosidl_typesupport_fastrtps_c__pyext
[0.432s] [100%] Built target vehicle_dimension_msgs__rosidl_typesupport_introspection_c__pyext
[0.725s] running egg_info
[0.726s] writing vehicle_dimension_msgs.egg-info/PKG-INFO
[0.726s] writing dependency_links to vehicle_dimension_msgs.egg-info/dependency_links.txt
[0.726s] writing top-level names to vehicle_dimension_msgs.egg-info/top_level.txt
[0.730s] reading manifest file 'vehicle_dimension_msgs.egg-info/SOURCES.txt'
[0.730s] writing manifest file 'vehicle_dimension_msgs.egg-info/SOURCES.txt'
[0.769s] [100%] Built target ament_cmake_python_build_vehicle_dimension_msgs_egg
[0.785s] Invoked command in '/home/ais/smartport_ws/build/vehicle_dimension_msgs' returned '0': CMAKE_PREFIX_PATH=/opt/ros/humble /usr/bin/cmake --build /home/ais/smartport_ws/build/vehicle_dimension_msgs -- -j8 -l8
[0.797s] Invoking command in '/home/ais/smartport_ws/build/vehicle_dimension_msgs': CMAKE_PREFIX_PATH=/opt/ros/humble /usr/bin/cmake --install /home/ais/smartport_ws/build/vehicle_dimension_msgs
[0.805s] -- Install configuration: ""
[0.806s] -- Execute custom install script
[0.806s] -- Up-to-date symlink: /home/ais/smartport_ws/install/vehicle_dimension_msgs/share/ament_index/resource_index/rosidl_interfaces/vehicle_dimension_msgs
[0.807s] -- Up-to-date symlink: /home/ais/smartport_ws/install/vehicle_dimension_msgs/include/vehicle_dimension_msgs/vehicle_dimension_msgs/msg/detail/vehicle_bounding_box__functions.h
[0.807s] -- Up-to-date symlink: /home/ais/smartport_ws/install/vehicle_dimension_msgs/include/vehicle_dimension_msgs/vehicle_dimension_msgs/msg/detail/vehicle_bounding_box__struct.h
[0.807s] -- Up-to-date symlink: /home/ais/smartport_ws/install/vehicle_dimension_msgs/include/vehicle_dimension_msgs/vehicle_dimension_msgs/msg/detail/vehicle_bounding_box__type_support.h
[0.807s] -- Up-to-date symlink: /home/ais/smartport_ws/install/vehicle_dimension_msgs/include/vehicle_dimension_msgs/vehicle_dimension_msgs/msg/detail/vehicle_bounding_box_array__functions.h
[0.808s] -- Up-to-date symlink: /home/ais/smartport_ws/install/vehicle_dimension_msgs/include/vehicle_dimension_msgs/vehicle_dimension_msgs/msg/detail/vehicle_bounding_box_array__struct.h
[0.808s] -- Up-to-date symlink: /home/ais/smartport_ws/install/vehicle_dimension_msgs/include/vehicle_dimension_msgs/vehicle_dimension_msgs/msg/detail/vehicle_bounding_box_array__type_support.h
[0.808s] -- Up-to-date symlink: /home/ais/smartport_ws/install/vehicle_dimension_msgs/include/vehicle_dimension_msgs/vehicle_dimension_msgs/msg/detail/vehicle_dimension__functions.h
[0.808s] -- Up-to-date symlink: /home/ais/smartport_ws/install/vehicle_dimension_msgs/include/vehicle_dimension_msgs/vehicle_dimension_msgs/msg/detail/vehicle_dimension__struct.h
[0.809s] -- Up-to-date symlink: /home/ais/smartport_ws/install/vehicle_dimension_msgs/include/vehicle_dimension_msgs/vehicle_dimension_msgs/msg/detail/vehicle_dimension__type_support.h
[0.809s] -- Up-to-date symlink: /home/ais/smartport_ws/install/vehicle_dimension_msgs/include/vehicle_dimension_msgs/vehicle_dimension_msgs/msg/detail/vehicle_tariff__functions.h
[0.809s] -- Up-to-date symlink: /home/ais/smartport_ws/install/vehicle_dimension_msgs/include/vehicle_dimension_msgs/vehicle_dimension_msgs/msg/detail/vehicle_tariff__struct.h
[0.809s] -- Up-to-date symlink: /home/ais/smartport_ws/install/vehicle_dimension_msgs/include/vehicle_dimension_msgs/vehicle_dimension_msgs/msg/detail/vehicle_tariff__type_support.h
[0.809s] -- Up-to-date symlink: /home/ais/smartport_ws/install/vehicle_dimension_msgs/include/vehicle_dimension_msgs/vehicle_dimension_msgs/msg/rosidl_generator_c__visibility_control.h
[0.809s] -- Up-to-date symlink: /home/ais/smartport_ws/install/vehicle_dimension_msgs/include/vehicle_dimension_msgs/vehicle_dimension_msgs/msg/vehicle_bounding_box.h
[0.810s] -- Up-to-date symlink: /home/ais/smartport_ws/install/vehicle_dimension_msgs/include/vehicle_dimension_msgs/vehicle_dimension_msgs/msg/vehicle_bounding_box_array.h
[0.810s] -- Up-to-date symlink: /home/ais/smartport_ws/install/vehicle_dimension_msgs/include/vehicle_dimension_msgs/vehicle_dimension_msgs/msg/vehicle_dimension.h
[0.810s] -- Up-to-date symlink: /home/ais/smartport_ws/install/vehicle_dimension_msgs/include/vehicle_dimension_msgs/vehicle_dimension_msgs/msg/vehicle_tariff.h
[0.810s] -- Up-to-date symlink: /home/ais/smartport_ws/install/vehicle_dimension_msgs/share/vehicle_dimension_msgs/environment/library_path.sh
[0.810s] -- Up-to-date symlink: /home/ais/smartport_ws/install/vehicle_dimension_msgs/share/vehicle_dimension_msgs/environment/library_path.dsv
[0.811s] -- Up-to-date symlink: /home/ais/smartport_ws/install/vehicle_dimension_msgs/include/vehicle_dimension_msgs/vehicle_dimension_msgs/msg/detail/vehicle_bounding_box__rosidl_typesupport_fastrtps_c.h
[0.811s] -- Up-to-date symlink: /home/ais/smartport_ws/install/vehicle_dimension_msgs/include/vehicle_dimension_msgs/vehicle_dimension_msgs/msg/detail/vehicle_bounding_box_array__rosidl_typesupport_fastrtps_c.h
[0.812s] -- Up-to-date symlink: /home/ais/smartport_ws/install/vehicle_dimension_msgs/include/vehicle_dimension_msgs/vehicle_dimension_msgs/msg/detail/vehicle_dimension__rosidl_typesupport_fastrtps_c.h
[0.812s] -- Up-to-date symlink: /home/ais/smartport_ws/install/vehicle_dimension_msgs/include/vehicle_dimension_msgs/vehicle_dimension_msgs/msg/detail/vehicle_tariff__rosidl_typesupport_fastrtps_c.h
[0.812s] -- Up-to-date symlink: /home/ais/smartport_ws/install/vehicle_dimension_msgs/include/vehicle_dimension_msgs/vehicle_dimension_msgs/msg/rosidl_typesupport_fastrtps_c__visibility_control.h
[0.812s] -- Up-to-date symlink: /home/ais/smartport_ws/install/vehicle_dimension_msgs/include/vehicle_dimension_msgs/vehicle_dimension_msgs/msg/detail/vehicle_bounding_box__rosidl_typesupport_introspection_c.h
[0.812s] -- Up-to-date symlink: /home/ais/smartport_ws/install/vehicle_dimension_msgs/include/vehicle_dimension_msgs/vehicle_dimension_msgs/msg/detail/vehicle_bounding_box_array__rosidl_typesupport_introspection_c.h
[0.812s] -- Up-to-date symlink: /home/ais/smartport_ws/install/vehicle_dimension_msgs/include/vehicle_dimension_msgs/vehicle_dimension_msgs/msg/detail/vehicle_dimension__rosidl_typesupport_introspection_c.h
[0.813s] -- Up-to-date symlink: /home/ais/smartport_ws/install/vehicle_dimension_msgs/include/vehicle_dimension_msgs/vehicle_dimension_msgs/msg/detail/vehicle_tariff__rosidl_typesupport_introspection_c.h
[0.813s] -- Up-to-date symlink: /home/ais/smartport_ws/install/vehicle_dimension_msgs/include/vehicle_dimension_msgs/vehicle_dimension_msgs/msg/rosidl_typesupport_introspection_c__visibility_control.h
[0.814s] -- Up-to-date symlink: /home/ais/smartport_ws/install/vehicle_dimension_msgs/include/vehicle_dimension_msgs/vehicle_dimension_msgs/msg/detail/vehicle_bounding_box__builder.hpp
[0.814s] -- Up-to-date symlink: /home/ais/smartport_ws/install/vehicle_dimension_msgs/include/vehicle_dimension_msgs/vehicle_dimension_msgs/msg/detail/vehicle_bounding_box__struct.hpp
[0.815s] -- Up-to-date symlink: /home/ais/smartport_ws/install/vehicle_dimension_msgs/include/vehicle_dimension_msgs/vehicle_dimension_msgs/msg/detail/vehicle_bounding_box__traits.hpp
[0.815s] -- Up-to-date symlink: /home/ais/smartport_ws/install/vehicle_dimension_msgs/include/vehicle_dimension_msgs/vehicle_dimension_msgs/msg/detail/vehicle_bounding_box__type_support.hpp
[0.815s] -- Up-to-date symlink: /home/ais/smartport_ws/install/vehicle_dimension_msgs/include/vehicle_dimension_msgs/vehicle_dimension_msgs/msg/detail/vehicle_bounding_box_array__builder.hpp
[0.815s] -- Up-to-date symlink: /home/ais/smartport_ws/install/vehicle_dimension_msgs/include/vehicle_dimension_msgs/vehicle_dimension_msgs/msg/detail/vehicle_bounding_box_array__struct.hpp
[0.816s] -- Up-to-date symlink: /home/ais/smartport_ws/install/vehicle_dimension_msgs/include/vehicle_dimension_msgs/vehicle_dimension_msgs/msg/detail/vehicle_bounding_box_array__traits.hpp
[0.816s] -- Up-to-date symlink: /home/ais/smartport_ws/install/vehicle_dimension_msgs/include/vehicle_dimension_msgs/vehicle_dimension_msgs/msg/detail/vehicle_bounding_box_array__type_support.hpp
[0.816s] -- Up-to-date symlink: /home/ais/smartport_ws/install/vehicle_dimension_msgs/include/vehicle_dimension_msgs/vehicle_dimension_msgs/msg/detail/vehicle_dimension__builder.hpp
[0.816s] -- Up-to-date symlink: /home/ais/smartport_ws/install/vehicle_dimension_msgs/include/vehicle_dimension_msgs/vehicle_dimension_msgs/msg/detail/vehicle_dimension__struct.hpp
[0.817s] -- Up-to-date symlink: /home/ais/smartport_ws/install/vehicle_dimension_msgs/include/vehicle_dimension_msgs/vehicle_dimension_msgs/msg/detail/vehicle_dimension__traits.hpp
[0.818s] -- Up-to-date symlink: /home/ais/smartport_ws/install/vehicle_dimension_msgs/include/vehicle_dimension_msgs/vehicle_dimension_msgs/msg/detail/vehicle_dimension__type_support.hpp
[0.818s] -- Up-to-date symlink: /home/ais/smartport_ws/install/vehicle_dimension_msgs/include/vehicle_dimension_msgs/vehicle_dimension_msgs/msg/detail/vehicle_tariff__builder.hpp
[0.818s] -- Up-to-date symlink: /home/ais/smartport_ws/install/vehicle_dimension_msgs/include/vehicle_dimension_msgs/vehicle_dimension_msgs/msg/detail/vehicle_tariff__struct.hpp
[0.818s] -- Up-to-date symlink: /home/ais/smartport_ws/install/vehicle_dimension_msgs/include/vehicle_dimension_msgs/vehicle_dimension_msgs/msg/detail/vehicle_tariff__traits.hpp
[0.818s] -- Up-to-date symlink: /home/ais/smartport_ws/install/vehicle_dimension_msgs/include/vehicle_dimension_msgs/vehicle_dimension_msgs/msg/detail/vehicle_tariff__type_support.hpp
[0.818s] -- Up-to-date symlink: /home/ais/smartport_ws/install/vehicle_dimension_msgs/include/vehicle_dimension_msgs/vehicle_dimension_msgs/msg/rosidl_generator_cpp__visibility_control.hpp
[0.819s] -- Up-to-date symlink: /home/ais/smartport_ws/install/vehicle_dimension_msgs/include/vehicle_dimension_msgs/vehicle_dimension_msgs/msg/vehicle_bounding_box.hpp
[0.819s] -- Up-to-date symlink: /home/ais/smartport_ws/install/vehicle_dimension_msgs/include/vehicle_dimension_msgs/vehicle_dimension_msgs/msg/vehicle_bounding_box_array.hpp
[0.819s] -- Up-to-date symlink: /home/ais/smartport_ws/install/vehicle_dimension_msgs/include/vehicle_dimension_msgs/vehicle_dimension_msgs/msg/vehicle_dimension.hpp
[0.820s] -- Up-to-date symlink: /home/ais/smartport_ws/install/vehicle_dimension_msgs/include/vehicle_dimension_msgs/vehicle_dimension_msgs/msg/vehicle_tariff.hpp
[0.820s] -- Up-to-date symlink: /home/ais/smartport_ws/install/vehicle_dimension_msgs/include/vehicle_dimension_msgs/vehicle_dimension_msgs/msg/detail/vehicle_bounding_box__rosidl_typesupport_fastrtps_cpp.hpp
[0.821s] -- Up-to-date symlink: /home/ais/smartport_ws/install/vehicle_dimension_msgs/include/vehicle_dimension_msgs/vehicle_dimension_msgs/msg/detail/vehicle_bounding_box_array__rosidl_typesupport_fastrtps_cpp.hpp
[0.821s] -- Up-to-date symlink: /home/ais/smartport_ws/install/vehicle_dimension_msgs/include/vehicle_dimension_msgs/vehicle_dimension_msgs/msg/detail/vehicle_dimension__rosidl_typesupport_fastrtps_cpp.hpp
[0.821s] -- Up-to-date symlink: /home/ais/smartport_ws/install/vehicle_dimension_msgs/include/vehicle_dimension_msgs/vehicle_dimension_msgs/msg/detail/vehicle_tariff__rosidl_typesupport_fastrtps_cpp.hpp
[0.821s] -- Up-to-date symlink: /home/ais/smartport_ws/install/vehicle_dimension_msgs/include/vehicle_dimension_msgs/vehicle_dimension_msgs/msg/rosidl_typesupport_fastrtps_cpp__visibility_control.h
[0.822s] -- Up-to-date symlink: /home/ais/smartport_ws/install/vehicle_dimension_msgs/include/vehicle_dimension_msgs/vehicle_dimension_msgs/msg/detail/vehicle_bounding_box__rosidl_typesupport_introspection_cpp.hpp
[0.822s] -- Up-to-date symlink: /home/ais/smartport_ws/install/vehicle_dimension_msgs/include/vehicle_dimension_msgs/vehicle_dimension_msgs/msg/detail/vehicle_bounding_box_array__rosidl_typesupport_introspection_cpp.hpp
[0.822s] -- Up-to-date symlink: /home/ais/smartport_ws/install/vehicle_dimension_msgs/include/vehicle_dimension_msgs/vehicle_dimension_msgs/msg/detail/vehicle_dimension__rosidl_typesupport_introspection_cpp.hpp
[0.823s] -- Up-to-date symlink: /home/ais/smartport_ws/install/vehicle_dimension_msgs/include/vehicle_dimension_msgs/vehicle_dimension_msgs/msg/detail/vehicle_tariff__rosidl_typesupport_introspection_cpp.hpp
[0.823s] -- Up-to-date symlink: /home/ais/smartport_ws/install/vehicle_dimension_msgs/share/vehicle_dimension_msgs/environment/pythonpath.sh
[0.823s] -- Up-to-date symlink: /home/ais/smartport_ws/install/vehicle_dimension_msgs/share/vehicle_dimension_msgs/environment/pythonpath.dsv
[0.824s] -- Up-to-date symlink: /home/ais/smartport_ws/install/vehicle_dimension_msgs/local/lib/python3.10/dist-packages/vehicle_dimension_msgs-0.1.0-py3.10.egg-info/PKG-INFO
[0.824s] -- Up-to-date symlink: /home/ais/smartport_ws/install/vehicle_dimension_msgs/local/lib/python3.10/dist-packages/vehicle_dimension_msgs-0.1.0-py3.10.egg-info/SOURCES.txt
[0.825s] -- Up-to-date symlink: /home/ais/smartport_ws/install/vehicle_dimension_msgs/local/lib/python3.10/dist-packages/vehicle_dimension_msgs-0.1.0-py3.10.egg-info/dependency_links.txt
[0.825s] -- Up-to-date symlink: /home/ais/smartport_ws/install/vehicle_dimension_msgs/local/lib/python3.10/dist-packages/vehicle_dimension_msgs-0.1.0-py3.10.egg-info/top_level.txt
[0.826s] -- Up-to-date symlink: /home/ais/smartport_ws/install/vehicle_dimension_msgs/local/lib/python3.10/dist-packages/vehicle_dimension_msgs/__init__.py
[0.826s] -- Up-to-date symlink: /home/ais/smartport_ws/install/vehicle_dimension_msgs/local/lib/python3.10/dist-packages/vehicle_dimension_msgs/_vehicle_dimension_msgs_s.ep.rosidl_typesupport_c.c
[0.826s] -- Up-to-date symlink: /home/ais/smartport_ws/install/vehicle_dimension_msgs/local/lib/python3.10/dist-packages/vehicle_dimension_msgs/_vehicle_dimension_msgs_s.ep.rosidl_typesupport_fastrtps_c.c
[0.827s] -- Up-to-date symlink: /home/ais/smartport_ws/install/vehicle_dimension_msgs/local/lib/python3.10/dist-packages/vehicle_dimension_msgs/_vehicle_dimension_msgs_s.ep.rosidl_typesupport_introspection_c.c
[0.827s] -- Up-to-date symlink: /home/ais/smartport_ws/install/vehicle_dimension_msgs/local/lib/python3.10/dist-packages/vehicle_dimension_msgs/libvehicle_dimension_msgs__rosidl_generator_py.so
[0.827s] -- Up-to-date symlink: /home/ais/smartport_ws/install/vehicle_dimension_msgs/local/lib/python3.10/dist-packages/vehicle_dimension_msgs/msg/__init__.py
[0.827s] -- Up-to-date symlink: /home/ais/smartport_ws/install/vehicle_dimension_msgs/local/lib/python3.10/dist-packages/vehicle_dimension_msgs/msg/_vehicle_bounding_box.py
[0.827s] -- Up-to-date symlink: /home/ais/smartport_ws/install/vehicle_dimension_msgs/local/lib/python3.10/dist-packages/vehicle_dimension_msgs/msg/_vehicle_bounding_box_array.py
[0.827s] -- Up-to-date symlink: /home/ais/smartport_ws/install/vehicle_dimension_msgs/local/lib/python3.10/dist-packages/vehicle_dimension_msgs/msg/_vehicle_bounding_box_array_s.c
[0.827s] -- Up-to-date symlink: /home/ais/smartport_ws/install/vehicle_dimension_msgs/local/lib/python3.10/dist-packages/vehicle_dimension_msgs/msg/_vehicle_bounding_box_s.c
[0.828s] -- Up-to-date symlink: /home/ais/smartport_ws/install/vehicle_dimension_msgs/local/lib/python3.10/dist-packages/vehicle_dimension_msgs/msg/_vehicle_dimension.py
[0.828s] -- Up-to-date symlink: /home/ais/smartport_ws/install/vehicle_dimension_msgs/local/lib/python3.10/dist-packages/vehicle_dimension_msgs/msg/_vehicle_dimension_s.c
[0.828s] -- Up-to-date symlink: /home/ais/smartport_ws/install/vehicle_dimension_msgs/local/lib/python3.10/dist-packages/vehicle_dimension_msgs/msg/_vehicle_tariff.py
[0.829s] -- Up-to-date symlink: /home/ais/smartport_ws/install/vehicle_dimension_msgs/local/lib/python3.10/dist-packages/vehicle_dimension_msgs/msg/_vehicle_tariff_s.c
[0.829s] -- Up-to-date symlink: /home/ais/smartport_ws/install/vehicle_dimension_msgs/local/lib/python3.10/dist-packages/vehicle_dimension_msgs/vehicle_dimension_msgs_s__rosidl_typesupport_c.cpython-310-x86_64-linux-gnu.so
[0.829s] -- Up-to-date symlink: /home/ais/smartport_ws/install/vehicle_dimension_msgs/local/lib/python3.10/dist-packages/vehicle_dimension_msgs/vehicle_dimension_msgs_s__rosidl_typesupport_fastrtps_c.cpython-310-x86_64-linux-gnu.so
[0.829s] -- Up-to-date symlink: /home/ais/smartport_ws/install/vehicle_dimension_msgs/local/lib/python3.10/dist-packages/vehicle_dimension_msgs/vehicle_dimension_msgs_s__rosidl_typesupport_introspection_c.cpython-310-x86_64-linux-gnu.so
[0.830s] -- Up-to-date symlink: /home/ais/smartport_ws/install/vehicle_dimension_msgs/local/lib/python3.10/dist-packages/vehicle_dimension_msgs/vehicle_dimension_msgs_s__rosidl_typesupport_fastrtps_c.cpython-310-x86_64-linux-gnu.so
[0.830s] -- Up-to-date symlink: /home/ais/smartport_ws/install/vehicle_dimension_msgs/local/lib/python3.10/dist-packages/vehicle_dimension_msgs/vehicle_dimension_msgs_s__rosidl_typesupport_introspection_c.cpython-310-x86_64-linux-gnu.so
[0.830s] -- Up-to-date symlink: /home/ais/smartport_ws/install/vehicle_dimension_msgs/local/lib/python3.10/dist-packages/vehicle_dimension_msgs/vehicle_dimension_msgs_s__rosidl_typesupport_c.cpython-310-x86_64-linux-gnu.so
[0.831s] -- Up-to-date symlink: /home/ais/smartport_ws/install/vehicle_dimension_msgs/share/vehicle_dimension_msgs/msg/VehicleDimension.idl
[0.831s] -- Up-to-date symlink: /home/ais/smartport_ws/install/vehicle_dimension_msgs/share/vehicle_dimension_msgs/msg/VehicleBoundingBox.idl
[0.832s] -- Up-to-date symlink: /home/ais/smartport_ws/install/vehicle_dimension_msgs/share/vehicle_dimension_msgs/msg/VehicleBoundingBoxArray.idl
[0.832s] -- Up-to-date symlink: /home/ais/smartport_ws/install/vehicle_dimension_msgs/share/vehicle_dimension_msgs/msg/VehicleTariff.idl
[0.832s] -- Up-to-date symlink: /home/ais/smartport_ws/install/vehicle_dimension_msgs/share/vehicle_dimension_msgs/msg/VehicleDimension.msg
[0.833s] -- Up-to-date symlink: /home/ais/smartport_ws/install/vehicle_dimension_msgs/share/vehicle_dimension_msgs/msg/VehicleBoundingBox.msg
[0.833s] -- Up-to-date symlink: /home/ais/smartport_ws/install/vehicle_dimension_msgs/share/vehicle_dimension_msgs/msg/VehicleBoundingBoxArray.msg
[0.833s] -- Up-to-date symlink: /home/ais/smartport_ws/install/vehicle_dimension_msgs/share/vehicle_dimension_msgs/msg/VehicleTariff.msg
[0.833s] -- Up-to-date symlink: /home/ais/smartport_ws/install/vehicle_dimension_msgs/share/ament_index/resource_index/package_run_dependencies/vehicle_dimension_msgs
[0.834s] -- Up-to-date symlink: /home/ais/smartport_ws/install/vehicle_dimension_msgs/share/ament_index/resource_index/parent_prefix_path/vehicle_dimension_msgs
[0.835s] -- Up-to-date symlink: /home/ais/smartport_ws/install/vehicle_dimension_msgs/share/vehicle_dimension_msgs/environment/ament_prefix_path.sh
[0.835s] -- Up-to-date symlink: /home/ais/smartport_ws/install/vehicle_dimension_msgs/share/vehicle_dimension_msgs/environment/ament_prefix_path.dsv
[0.836s] -- Up-to-date symlink: /home/ais/smartport_ws/install/vehicle_dimension_msgs/share/vehicle_dimension_msgs/environment/path.sh
[0.836s] -- Up-to-date symlink: /home/ais/smartport_ws/install/vehicle_dimension_msgs/share/vehicle_dimension_msgs/environment/path.dsv
[0.836s] -- Up-to-date symlink: /home/ais/smartport_ws/install/vehicle_dimension_msgs/share/vehicle_dimension_msgs/local_setup.bash
[0.836s] -- Up-to-date symlink: /home/ais/smartport_ws/install/vehicle_dimension_msgs/share/vehicle_dimension_msgs/local_setup.sh
[0.837s] -- Up-to-date symlink: /home/ais/smartport_ws/install/vehicle_dimension_msgs/share/vehicle_dimension_msgs/local_setup.zsh
[0.837s] -- Up-to-date symlink: /home/ais/smartport_ws/install/vehicle_dimension_msgs/share/vehicle_dimension_msgs/local_setup.dsv
[0.837s] -- Symlinking: /home/ais/smartport_ws/install/vehicle_dimension_msgs/share/vehicle_dimension_msgs/package.dsv
[0.849s] -- Up-to-date symlink: /home/ais/smartport_ws/install/vehicle_dimension_msgs/share/ament_index/resource_index/packages/vehicle_dimension_msgs
[0.849s] -- Up-to-date symlink: /home/ais/smartport_ws/install/vehicle_dimension_msgs/share/vehicle_dimension_msgs/cmake/rosidl_cmake-extras.cmake
[0.850s] -- Up-to-date symlink: /home/ais/smartport_ws/install/vehicle_dimension_msgs/share/vehicle_dimension_msgs/cmake/ament_cmake_export_dependencies-extras.cmake
[0.850s] -- Up-to-date symlink: /home/ais/smartport_ws/install/vehicle_dimension_msgs/share/vehicle_dimension_msgs/cmake/ament_cmake_export_include_directories-extras.cmake
[0.850s] -- Up-to-date symlink: /home/ais/smartport_ws/install/vehicle_dimension_msgs/share/vehicle_dimension_msgs/cmake/ament_cmake_export_libraries-extras.cmake
[0.852s] -- Up-to-date symlink: /home/ais/smartport_ws/install/vehicle_dimension_msgs/share/vehicle_dimension_msgs/cmake/ament_cmake_export_targets-extras.cmake
[0.852s] -- Up-to-date symlink: /home/ais/smartport_ws/install/vehicle_dimension_msgs/share/vehicle_dimension_msgs/cmake/rosidl_cmake_export_typesupport_targets-extras.cmake
[0.853s] -- Up-to-date symlink: /home/ais/smartport_ws/install/vehicle_dimension_msgs/share/vehicle_dimension_msgs/cmake/rosidl_cmake_export_typesupport_libraries-extras.cmake
[0.853s] -- Up-to-date symlink: /home/ais/smartport_ws/install/vehicle_dimension_msgs/share/vehicle_dimension_msgs/cmake/vehicle_dimension_msgsConfig.cmake
[0.854s] -- Up-to-date symlink: /home/ais/smartport_ws/install/vehicle_dimension_msgs/share/vehicle_dimension_msgs/cmake/vehicle_dimension_msgsConfig-version.cmake
[0.854s] -- Up-to-date symlink: /home/ais/smartport_ws/install/vehicle_dimension_msgs/share/vehicle_dimension_msgs/package.xml
[0.854s] -- Up-to-date: /home/ais/smartport_ws/install/vehicle_dimension_msgs/lib/libvehicle_dimension_msgs__rosidl_generator_c.so
[0.855s] -- Up-to-date: /home/ais/smartport_ws/install/vehicle_dimension_msgs/lib/libvehicle_dimension_msgs__rosidl_typesupport_fastrtps_c.so
[0.855s] -- Up-to-date: /home/ais/smartport_ws/install/vehicle_dimension_msgs/lib/libvehicle_dimension_msgs__rosidl_typesupport_introspection_c.so
[0.855s] -- Up-to-date: /home/ais/smartport_ws/install/vehicle_dimension_msgs/lib/libvehicle_dimension_msgs__rosidl_typesupport_c.so
[0.856s] -- Up-to-date: /home/ais/smartport_ws/install/vehicle_dimension_msgs/lib/libvehicle_dimension_msgs__rosidl_typesupport_fastrtps_cpp.so
[0.857s] -- Up-to-date: /home/ais/smartport_ws/install/vehicle_dimension_msgs/lib/libvehicle_dimension_msgs__rosidl_typesupport_introspection_cpp.so
[0.858s] -- Up-to-date: /home/ais/smartport_ws/install/vehicle_dimension_msgs/lib/libvehicle_dimension_msgs__rosidl_typesupport_cpp.so
[0.904s] Listing '/home/ais/smartport_ws/install/vehicle_dimension_msgs/local/lib/python3.10/dist-packages/vehicle_dimension_msgs'...
[0.904s] Listing '/home/ais/smartport_ws/install/vehicle_dimension_msgs/local/lib/python3.10/dist-packages/vehicle_dimension_msgs/msg'...
[0.910s] -- Up-to-date: /home/ais/smartport_ws/install/vehicle_dimension_msgs/lib/libvehicle_dimension_msgs__rosidl_generator_py.so
[0.910s] -- Up-to-date: /home/ais/smartport_ws/install/vehicle_dimension_msgs/share/vehicle_dimension_msgs/cmake/export_vehicle_dimension_msgs__rosidl_generator_cExport.cmake
[0.910s] -- Up-to-date: /home/ais/smartport_ws/install/vehicle_dimension_msgs/share/vehicle_dimension_msgs/cmake/export_vehicle_dimension_msgs__rosidl_generator_cExport-noconfig.cmake
[0.911s] -- Up-to-date: /home/ais/smartport_ws/install/vehicle_dimension_msgs/share/vehicle_dimension_msgs/cmake/export_vehicle_dimension_msgs__rosidl_typesupport_fastrtps_cExport.cmake
[0.911s] -- Up-to-date: /home/ais/smartport_ws/install/vehicle_dimension_msgs/share/vehicle_dimension_msgs/cmake/export_vehicle_dimension_msgs__rosidl_typesupport_fastrtps_cExport-noconfig.cmake
[0.911s] -- Up-to-date: /home/ais/smartport_ws/install/vehicle_dimension_msgs/share/vehicle_dimension_msgs/cmake/vehicle_dimension_msgs__rosidl_typesupport_introspection_cExport.cmake
[0.911s] -- Up-to-date: /home/ais/smartport_ws/install/vehicle_dimension_msgs/share/vehicle_dimension_msgs/cmake/vehicle_dimension_msgs__rosidl_typesupport_introspection_cExport-noconfig.cmake
[0.911s] -- Up-to-date: /home/ais/smartport_ws/install/vehicle_dimension_msgs/share/vehicle_dimension_msgs/cmake/vehicle_dimension_msgs__rosidl_typesupport_cExport.cmake
[0.911s] -- Up-to-date: /home/ais/smartport_ws/install/vehicle_dimension_msgs/share/vehicle_dimension_msgs/cmake/vehicle_dimension_msgs__rosidl_typesupport_cExport-noconfig.cmake
[0.912s] -- Up-to-date: /home/ais/smartport_ws/install/vehicle_dimension_msgs/share/vehicle_dimension_msgs/cmake/export_vehicle_dimension_msgs__rosidl_generator_cppExport.cmake
[0.912s] -- Up-to-date: /home/ais/smartport_ws/install/vehicle_dimension_msgs/share/vehicle_dimension_msgs/cmake/export_vehicle_dimension_msgs__rosidl_typesupport_fastrtps_cppExport.cmake
[0.912s] -- Up-to-date: /home/ais/smartport_ws/install/vehicle_dimension_msgs/share/vehicle_dimension_msgs/cmake/export_vehicle_dimension_msgs__rosidl_typesupport_fastrtps_cppExport-noconfig.cmake
[0.912s] -- Up-to-date: /home/ais/smartport_ws/install/vehicle_dimension_msgs/share/vehicle_dimension_msgs/cmake/vehicle_dimension_msgs__rosidl_typesupport_introspection_cppExport.cmake
[0.912s] -- Up-to-date: /home/ais/smartport_ws/install/vehicle_dimension_msgs/share/vehicle_dimension_msgs/cmake/vehicle_dimension_msgs__rosidl_typesupport_introspection_cppExport-noconfig.cmake
[0.912s] -- Up-to-date: /home/ais/smartport_ws/install/vehicle_dimension_msgs/share/vehicle_dimension_msgs/cmake/vehicle_dimension_msgs__rosidl_typesupport_cppExport.cmake
[0.913s] -- Up-to-date: /home/ais/smartport_ws/install/vehicle_dimension_msgs/share/vehicle_dimension_msgs/cmake/vehicle_dimension_msgs__rosidl_typesupport_cppExport-noconfig.cmake
[0.913s] -- Up-to-date: /home/ais/smartport_ws/install/vehicle_dimension_msgs/share/vehicle_dimension_msgs/cmake/export_vehicle_dimension_msgs__rosidl_generator_pyExport.cmake
[0.913s] -- Up-to-date: /home/ais/smartport_ws/install/vehicle_dimension_msgs/share/vehicle_dimension_msgs/cmake/export_vehicle_dimension_msgs__rosidl_generator_pyExport-noconfig.cmake
[0.915s] Invoked command in '/home/ais/smartport_ws/build/vehicle_dimension_msgs' returned '0': CMAKE_PREFIX_PATH=/opt/ros/humble /usr/bin/cmake --install /home/ais/smartport_ws/build/vehicle_dimension_msgs
