[0.011s] Invoking command in '/home/ais/smartport_ws/build/realsense2_camera': AMENT_PREFIX_PATH=/home/ais/smartport_ws/install/realsense2_camera_msgs:${AMENT_PREFIX_PATH} CMAKE_PREFIX_PATH=/home/ais/smartport_ws/install/realsense2_camera_msgs:/opt/ros/humble LD_LIBRARY_PATH=/home/ais/smartport_ws/install/realsense2_camera_msgs/lib:/usr/local/cuda/lib64:/usr/lib/x86_64-linux-gnu/gazebo-11/plugins:/opt/ros/humble/opt/rviz_ogre_vendor/lib:/opt/ros/humble/lib/x86_64-linux-gnu:/opt/ros/humble/lib:/usr/lib/x86_64-linux-gnu/gazebo-11/plugins PYTHONPATH=/home/ais/smartport_ws/install/realsense2_camera_msgs/local/lib/python3.10/dist-packages:${PYTHONPATH} /usr/bin/cmake /home/ais/smartport_ws/src/realsense-ros/realsense2_camera -DAMENT_CMAKE_SYMLINK_INSTALL=1 -DCMAKE_INSTALL_PREFIX=/home/ais/smartport_ws/install/realsense2_camera
[0.076s] -- The C compiler identification is GNU 11.4.0
[0.138s] -- The CXX compiler identification is GNU 11.4.0
[0.148s] -- Detecting C compiler ABI info
[0.222s] -- Detecting C compiler ABI info - done
[0.231s] -- Check for working C compiler: /usr/bin/cc - skipped
[0.231s] -- Detecting C compile features
[0.231s] -- Detecting C compile features - done
[0.235s] -- Detecting CXX compiler ABI info
[0.326s] -- Detecting CXX compiler ABI info - done
[0.334s] -- Check for working CXX compiler: /usr/bin/c++ - skipped
[0.334s] -- Detecting CXX compile features
[0.335s] -- Detecting CXX compile features - done
[0.336s] -- Create Release Build.
[0.338s] -- Found ament_cmake: 1.3.12 (/opt/ros/humble/share/ament_cmake/cmake)
[0.519s] -- Found Python3: /usr/bin/python3 (found version "3.10.12") found components: Interpreter 
[0.593s] -- Override CMake install command with custom implementation using symlinks instead of copying resources
[0.630s] -- Found builtin_interfaces: 1.2.2 (/opt/ros/humble/share/builtin_interfaces/cmake)
[0.676s] -- Found rosidl_generator_c: 3.1.7 (/opt/ros/humble/share/rosidl_generator_c/cmake)
[0.684s] -- Found rosidl_adapter: 3.1.7 (/opt/ros/humble/share/rosidl_adapter/cmake)
[0.697s] -- Found rosidl_generator_cpp: 3.1.7 (/opt/ros/humble/share/rosidl_generator_cpp/cmake)
[0.715s] -- Using all available rosidl_typesupport_c: rosidl_typesupport_fastrtps_c;rosidl_typesupport_introspection_c
[0.737s] -- Using all available rosidl_typesupport_cpp: rosidl_typesupport_fastrtps_cpp;rosidl_typesupport_introspection_cpp
[0.759s] -- Found cv_bridge: 3.2.1 (/opt/ros/humble/share/cv_bridge/cmake)
[0.846s] -- Found image_transport: 3.1.12 (/opt/ros/humble/share/image_transport/cmake)
[0.926s] -- Found rmw_implementation_cmake: 6.1.2 (/opt/ros/humble/share/rmw_implementation_cmake/cmake)
[0.930s] -- Found rmw_fastrtps_cpp: 6.2.8 (/opt/ros/humble/share/rmw_fastrtps_cpp/cmake)
[1.046s] -- Found OpenSSL: /usr/lib/x86_64-linux-gnu/libcrypto.so (found version "3.0.2")  
[1.087s] -- Found FastRTPS: /opt/ros/humble/include  
[1.142s] -- Using RMW implementation 'rmw_fastrtps_cpp' as default
[1.158s] -- Looking for pthread.h
[1.243s] -- Looking for pthread.h - found
[1.243s] -- Performing Test CMAKE_HAVE_LIBC_PTHREAD
[1.318s] -- Performing Test CMAKE_HAVE_LIBC_PTHREAD - Success
[1.319s] -- Found Threads: TRUE  
[1.429s] -- Found rclcpp_action: 16.0.14 (/opt/ros/humble/share/rclcpp_action/cmake)
[1.480s] -- Found rclcpp_components: 16.0.14 (/opt/ros/humble/share/rclcpp_components/cmake)
[1.511s] -- Found realsense2_camera_msgs: 4.56.4 (/home/ais/smartport_ws/install/realsense2_camera_msgs/share/realsense2_camera_msgs/cmake)
[1.540s] -- Found std_srvs: 4.9.0 (/opt/ros/humble/share/std_srvs/cmake)
[1.561s] -- Found nav_msgs: 4.9.0 (/opt/ros/humble/share/nav_msgs/cmake)
[1.591s] -- Found tf2_ros: 0.25.16 (/opt/ros/humble/share/tf2_ros/cmake)
[1.644s] -- Found diagnostic_updater: 4.0.6 (/opt/ros/humble/share/diagnostic_updater/cmake)
[1.678s] -- Found OpenCV: /usr (found version "4.5.4") found components: core 
[1.680s] -- Build for ROS2 Humble
[1.686s] -- Found ament_cmake_gtest: 1.3.12 (/opt/ros/humble/share/ament_cmake_gtest/cmake)
[1.691s] -- Found gtest sources under '/opt/ros/humble/src/gtest_vendor': C++ tests using 'Google Test' will be built
[1.697s] -- Found ament_cmake_pytest: 1.3.12 (/opt/ros/humble/share/ament_cmake_pytest/cmake)
[13.134s] -- rs_device_info:
[13.134s] -- Device Name                   Serial Number       Firmware Version
[13.135s] Intel RealSense D455          151422254839        5.17.0.10
[13.135s] 
[13.135s] -- D455 device found
[23.876s] -- Configuring done
[23.906s] -- Generating done
[23.914s] -- Build files have been written to: /home/ais/smartport_ws/build/realsense2_camera
[23.927s] Invoked command in '/home/ais/smartport_ws/build/realsense2_camera' returned '0': AMENT_PREFIX_PATH=/home/ais/smartport_ws/install/realsense2_camera_msgs:${AMENT_PREFIX_PATH} CMAKE_PREFIX_PATH=/home/ais/smartport_ws/install/realsense2_camera_msgs:/opt/ros/humble LD_LIBRARY_PATH=/home/ais/smartport_ws/install/realsense2_camera_msgs/lib:/usr/local/cuda/lib64:/usr/lib/x86_64-linux-gnu/gazebo-11/plugins:/opt/ros/humble/opt/rviz_ogre_vendor/lib:/opt/ros/humble/lib/x86_64-linux-gnu:/opt/ros/humble/lib:/usr/lib/x86_64-linux-gnu/gazebo-11/plugins PYTHONPATH=/home/ais/smartport_ws/install/realsense2_camera_msgs/local/lib/python3.10/dist-packages:${PYTHONPATH} /usr/bin/cmake /home/ais/smartport_ws/src/realsense-ros/realsense2_camera -DAMENT_CMAKE_SYMLINK_INSTALL=1 -DCMAKE_INSTALL_PREFIX=/home/ais/smartport_ws/install/realsense2_camera
[23.928s] Invoking command in '/home/ais/smartport_ws/build/realsense2_camera': AMENT_PREFIX_PATH=/home/ais/smartport_ws/install/realsense2_camera_msgs:${AMENT_PREFIX_PATH} CMAKE_PREFIX_PATH=/home/ais/smartport_ws/install/realsense2_camera_msgs:/opt/ros/humble LD_LIBRARY_PATH=/home/ais/smartport_ws/install/realsense2_camera_msgs/lib:/usr/local/cuda/lib64:/usr/lib/x86_64-linux-gnu/gazebo-11/plugins:/opt/ros/humble/opt/rviz_ogre_vendor/lib:/opt/ros/humble/lib/x86_64-linux-gnu:/opt/ros/humble/lib:/usr/lib/x86_64-linux-gnu/gazebo-11/plugins PYTHONPATH=/home/ais/smartport_ws/install/realsense2_camera_msgs/local/lib/python3.10/dist-packages:${PYTHONPATH} /usr/bin/cmake --build /home/ais/smartport_ws/build/realsense2_camera -- -j8 -l8
[23.983s] [  4%] [32mBuilding CXX object gtest/CMakeFiles/gtest.dir/src/gtest-all.cc.o[0m
[23.983s] [ 12%] [32mBuilding CXX object CMakeFiles/realsense2_camera_node.dir/rclcpp_components/node_main_realsense2_camera_node.cpp.o[0m
[23.984s] [ 12%] [32mBuilding CXX object gtest/CMakeFiles/gtest_main.dir/src/gtest_main.cc.o[0m
[23.984s] [ 16%] [32mBuilding CXX object CMakeFiles/realsense2_camera.dir/src/realsense_node_factory.cpp.o[0m
[23.984s] [ 20%] [32mBuilding CXX object CMakeFiles/realsense2_camera.dir/src/base_realsense_node.cpp.o[0m
[23.984s] [ 24%] [32mBuilding CXX object CMakeFiles/realsense2_camera.dir/src/parameters.cpp.o[0m
[23.984s] [ 28%] [32mBuilding CXX object CMakeFiles/realsense2_camera.dir/src/rs_node_setup.cpp.o[0m
[23.985s] [ 32%] [32mBuilding CXX object CMakeFiles/realsense2_camera.dir/src/ros_sensor.cpp.o[0m
[25.543s] [ 36%] [32m[1mLinking CXX static library libgtest_main.a[0m
[25.610s] [ 36%] Built target gtest_main
[25.628s] [ 40%] [32mBuilding CXX object CMakeFiles/realsense2_camera.dir/src/ros_utils.cpp.o[0m
[32.312s] [ 44%] [32m[1mLinking CXX executable realsense2_camera_node[0m
[32.574s] [ 44%] Built target realsense2_camera_node
[32.593s] [ 48%] [32mBuilding CXX object CMakeFiles/realsense2_camera.dir/src/dynamic_params.cpp.o[0m
[33.837s] [ 52%] [32mBuilding CXX object CMakeFiles/realsense2_camera.dir/src/sensor_params.cpp.o[0m
[39.803s] [ 56%] [32mBuilding CXX object CMakeFiles/realsense2_camera.dir/src/named_filter.cpp.o[0m
[41.112s] [ 60%] [32mBuilding CXX object CMakeFiles/realsense2_camera.dir/src/pointcloud_filter.cpp.o[0m
[41.329s] [ 64%] [32m[1mLinking CXX static library libgtest.a[0m
[41.404s] [ 64%] Built target gtest
[41.423s] [ 68%] [32mBuilding CXX object CMakeFiles/realsense2_camera.dir/src/align_depth_filter.cpp.o[0m
[45.990s] [ 72%] [32mBuilding CXX object CMakeFiles/gtest_template.dir/test/gtest_template.cpp.o[0m
[46.088s] [ 76%] [32mBuilding CXX object CMakeFiles/realsense2_camera.dir/src/profile_manager.cpp.o[0m
[47.866s] [ 80%] [32m[1mLinking CXX executable gtest_template[0m
[48.080s] [ 80%] Built target gtest_template
[48.100s] [ 84%] [32mBuilding CXX object CMakeFiles/realsense2_camera.dir/src/image_publisher.cpp.o[0m
[50.075s] [ 88%] [32mBuilding CXX object CMakeFiles/realsense2_camera.dir/src/tfs.cpp.o[0m
[50.889s] [ 92%] [32mBuilding CXX object CMakeFiles/realsense2_camera.dir/src/actions.cpp.o[0m
[52.010s] [ 96%] [32mBuilding CXX object CMakeFiles/realsense2_camera.dir/src/ros_param_backend.cpp.o[0m
[65.643s] [100%] [32m[1mLinking CXX shared library librealsense2_camera.so[0m
[66.139s] [100%] Built target realsense2_camera
[66.149s] Invoked command in '/home/ais/smartport_ws/build/realsense2_camera' returned '0': AMENT_PREFIX_PATH=/home/ais/smartport_ws/install/realsense2_camera_msgs:${AMENT_PREFIX_PATH} CMAKE_PREFIX_PATH=/home/ais/smartport_ws/install/realsense2_camera_msgs:/opt/ros/humble LD_LIBRARY_PATH=/home/ais/smartport_ws/install/realsense2_camera_msgs/lib:/usr/local/cuda/lib64:/usr/lib/x86_64-linux-gnu/gazebo-11/plugins:/opt/ros/humble/opt/rviz_ogre_vendor/lib:/opt/ros/humble/lib/x86_64-linux-gnu:/opt/ros/humble/lib:/usr/lib/x86_64-linux-gnu/gazebo-11/plugins PYTHONPATH=/home/ais/smartport_ws/install/realsense2_camera_msgs/local/lib/python3.10/dist-packages:${PYTHONPATH} /usr/bin/cmake --build /home/ais/smartport_ws/build/realsense2_camera -- -j8 -l8
[66.151s] Invoking command in '/home/ais/smartport_ws/build/realsense2_camera': AMENT_PREFIX_PATH=/home/ais/smartport_ws/install/realsense2_camera_msgs:${AMENT_PREFIX_PATH} CMAKE_PREFIX_PATH=/home/ais/smartport_ws/install/realsense2_camera_msgs:/opt/ros/humble LD_LIBRARY_PATH=/home/ais/smartport_ws/install/realsense2_camera_msgs/lib:/usr/local/cuda/lib64:/usr/lib/x86_64-linux-gnu/gazebo-11/plugins:/opt/ros/humble/opt/rviz_ogre_vendor/lib:/opt/ros/humble/lib/x86_64-linux-gnu:/opt/ros/humble/lib:/usr/lib/x86_64-linux-gnu/gazebo-11/plugins PYTHONPATH=/home/ais/smartport_ws/install/realsense2_camera_msgs/local/lib/python3.10/dist-packages:${PYTHONPATH} /usr/bin/cmake --install /home/ais/smartport_ws/build/realsense2_camera
[66.157s] -- Install configuration: "Release"
[66.158s] -- Execute custom install script
[66.158s] -- Symlinking: /home/ais/smartport_ws/install/realsense2_camera/share/realsense2_camera/config/global_settings.yaml
[66.166s] -- Symlinking: /home/ais/smartport_ws/install/realsense2_camera/lib/realsense2_camera/realsense2_camera_node
[66.174s] -- Symlinking: /home/ais/smartport_ws/install/realsense2_camera/lib/librealsense2_camera.so
[66.183s] -- Symlinking: /home/ais/smartport_ws/install/realsense2_camera/include/align_depth_filter.h
[66.192s] -- Symlinking: /home/ais/smartport_ws/install/realsense2_camera/include/base_realsense_node.h
[66.201s] -- Symlinking: /home/ais/smartport_ws/install/realsense2_camera/include/constants.h
[66.210s] -- Symlinking: /home/ais/smartport_ws/install/realsense2_camera/include/dynamic_params.h
[66.219s] -- Symlinking: /home/ais/smartport_ws/install/realsense2_camera/include/gl_window.h
[66.227s] -- Symlinking: /home/ais/smartport_ws/install/realsense2_camera/include/image_publisher.h
[66.235s] -- Symlinking: /home/ais/smartport_ws/install/realsense2_camera/include/named_filter.h
[66.243s] -- Symlinking: /home/ais/smartport_ws/install/realsense2_camera/include/pointcloud_filter.h
[66.252s] -- Symlinking: /home/ais/smartport_ws/install/realsense2_camera/include/profile_manager.h
[66.261s] -- Symlinking: /home/ais/smartport_ws/install/realsense2_camera/include/realsense_node_factory.h
[66.270s] -- Symlinking: /home/ais/smartport_ws/install/realsense2_camera/include/ros_node_base.h
[66.278s] -- Symlinking: /home/ais/smartport_ws/install/realsense2_camera/include/ros_param_backend.h
[66.286s] -- Symlinking: /home/ais/smartport_ws/install/realsense2_camera/include/ros_sensor.h
[66.294s] -- Symlinking: /home/ais/smartport_ws/install/realsense2_camera/include/ros_utils.h
[66.302s] -- Symlinking: /home/ais/smartport_ws/install/realsense2_camera/include/sensor_params.h
[66.310s] -- Symlinking: /home/ais/smartport_ws/install/realsense2_camera/share/realsense2_camera/launch/default.rviz
[66.318s] -- Symlinking: /home/ais/smartport_ws/install/realsense2_camera/share/realsense2_camera/launch/rs_intra_process_demo_launch.py
[66.326s] -- Symlinking: /home/ais/smartport_ws/install/realsense2_camera/share/realsense2_camera/launch/rs_launch.py
[66.334s] -- Symlinking: /home/ais/smartport_ws/install/realsense2_camera/share/realsense2_camera/launch/rs_multi_camera_launch.py
[66.343s] -- Symlinking: /home/ais/smartport_ws/install/realsense2_camera/share/realsense2_camera/launch/rs_multi_camera_launch_sync.py
[66.354s] -- Symlinking: /home/ais/smartport_ws/install/realsense2_camera/share/realsense2_camera/examples/align_depth/README.md
[66.362s] -- Symlinking: /home/ais/smartport_ws/install/realsense2_camera/share/realsense2_camera/examples/align_depth/rs_align_depth_launch.py
[66.370s] -- Symlinking: /home/ais/smartport_ws/install/realsense2_camera/share/realsense2_camera/examples/d500_tables/calib_config_example.json
[66.378s] -- Symlinking: /home/ais/smartport_ws/install/realsense2_camera/share/realsense2_camera/examples/dual_camera/README.md
[66.386s] -- Symlinking: /home/ais/smartport_ws/install/realsense2_camera/share/realsense2_camera/examples/dual_camera/rs_dual_camera_launch.py
[66.395s] -- Symlinking: /home/ais/smartport_ws/install/realsense2_camera/share/realsense2_camera/examples/dual_camera/rviz/dual_camera_pointcloud.rviz
[66.403s] -- Symlinking: /home/ais/smartport_ws/install/realsense2_camera/share/realsense2_camera/examples/launch_from_rosbag/README.md
[66.411s] -- Symlinking: /home/ais/smartport_ws/install/realsense2_camera/share/realsense2_camera/examples/launch_from_rosbag/rs_launch_from_rosbag.py
[66.419s] -- Symlinking: /home/ais/smartport_ws/install/realsense2_camera/share/realsense2_camera/examples/launch_params_from_file/README.md
[66.429s] -- Symlinking: /home/ais/smartport_ws/install/realsense2_camera/share/realsense2_camera/examples/launch_params_from_file/config/config.yaml
[66.438s] -- Symlinking: /home/ais/smartport_ws/install/realsense2_camera/share/realsense2_camera/examples/launch_params_from_file/rs_launch_get_params_from_yaml.py
[66.448s] -- Symlinking: /home/ais/smartport_ws/install/realsense2_camera/share/realsense2_camera/examples/pointcloud/README.md
[66.457s] -- Symlinking: /home/ais/smartport_ws/install/realsense2_camera/share/realsense2_camera/examples/pointcloud/rs_d405_pointcloud_launch.py
[66.466s] -- Symlinking: /home/ais/smartport_ws/install/realsense2_camera/share/realsense2_camera/examples/pointcloud/rs_d455_pointcloud_launch.py
[66.474s] -- Symlinking: /home/ais/smartport_ws/install/realsense2_camera/share/realsense2_camera/examples/pointcloud/rs_pointcloud_infra_launch.py
[66.484s] -- Symlinking: /home/ais/smartport_ws/install/realsense2_camera/share/realsense2_camera/examples/pointcloud/rs_pointcloud_launch.py
[66.492s] -- Symlinking: /home/ais/smartport_ws/install/realsense2_camera/share/realsense2_camera/examples/pointcloud/rviz/pointcloud.rviz
[66.499s] -- Symlinking: /home/ais/smartport_ws/install/realsense2_camera/share/realsense2_camera/examples/pointcloud/rviz/urdf_pointcloud.rviz
[66.507s] -- Symlinking: /home/ais/smartport_ws/install/realsense2_camera/share/realsense2_camera/environment/library_path.sh
[66.515s] -- Symlinking: /home/ais/smartport_ws/install/realsense2_camera/share/realsense2_camera/environment/library_path.dsv
[66.524s] -- Symlinking: /home/ais/smartport_ws/install/realsense2_camera/share/ament_index/resource_index/package_run_dependencies/realsense2_camera
[66.533s] -- Symlinking: /home/ais/smartport_ws/install/realsense2_camera/share/ament_index/resource_index/parent_prefix_path/realsense2_camera
[66.542s] -- Symlinking: /home/ais/smartport_ws/install/realsense2_camera/share/realsense2_camera/environment/ament_prefix_path.sh
[66.551s] -- Symlinking: /home/ais/smartport_ws/install/realsense2_camera/share/realsense2_camera/environment/ament_prefix_path.dsv
[66.560s] -- Symlinking: /home/ais/smartport_ws/install/realsense2_camera/share/realsense2_camera/environment/path.sh
[66.569s] -- Symlinking: /home/ais/smartport_ws/install/realsense2_camera/share/realsense2_camera/environment/path.dsv
[66.577s] -- Symlinking: /home/ais/smartport_ws/install/realsense2_camera/share/realsense2_camera/local_setup.bash
[66.585s] -- Symlinking: /home/ais/smartport_ws/install/realsense2_camera/share/realsense2_camera/local_setup.sh
[66.593s] -- Symlinking: /home/ais/smartport_ws/install/realsense2_camera/share/realsense2_camera/local_setup.zsh
[66.601s] -- Symlinking: /home/ais/smartport_ws/install/realsense2_camera/share/realsense2_camera/local_setup.dsv
[66.608s] -- Symlinking: /home/ais/smartport_ws/install/realsense2_camera/share/realsense2_camera/package.dsv
[66.617s] -- Symlinking: /home/ais/smartport_ws/install/realsense2_camera/share/ament_index/resource_index/packages/realsense2_camera
[66.626s] -- Symlinking: /home/ais/smartport_ws/install/realsense2_camera/share/ament_index/resource_index/rclcpp_components/realsense2_camera
[66.636s] -- Symlinking: /home/ais/smartport_ws/install/realsense2_camera/share/realsense2_camera/cmake/ament_cmake_export_include_directories-extras.cmake
[66.645s] -- Symlinking: /home/ais/smartport_ws/install/realsense2_camera/share/realsense2_camera/cmake/ament_cmake_export_libraries-extras.cmake
[66.653s] -- Symlinking: /home/ais/smartport_ws/install/realsense2_camera/share/realsense2_camera/cmake/ament_cmake_export_dependencies-extras.cmake
[66.661s] -- Symlinking: /home/ais/smartport_ws/install/realsense2_camera/share/realsense2_camera/cmake/realsense2_cameraConfig.cmake
[66.670s] -- Symlinking: /home/ais/smartport_ws/install/realsense2_camera/share/realsense2_camera/cmake/realsense2_cameraConfig-version.cmake
[66.678s] -- Symlinking: /home/ais/smartport_ws/install/realsense2_camera/share/realsense2_camera/package.xml
[66.689s] Invoked command in '/home/ais/smartport_ws/build/realsense2_camera' returned '0': AMENT_PREFIX_PATH=/home/ais/smartport_ws/install/realsense2_camera_msgs:${AMENT_PREFIX_PATH} CMAKE_PREFIX_PATH=/home/ais/smartport_ws/install/realsense2_camera_msgs:/opt/ros/humble LD_LIBRARY_PATH=/home/ais/smartport_ws/install/realsense2_camera_msgs/lib:/usr/local/cuda/lib64:/usr/lib/x86_64-linux-gnu/gazebo-11/plugins:/opt/ros/humble/opt/rviz_ogre_vendor/lib:/opt/ros/humble/lib/x86_64-linux-gnu:/opt/ros/humble/lib:/usr/lib/x86_64-linux-gnu/gazebo-11/plugins PYTHONPATH=/home/ais/smartport_ws/install/realsense2_camera_msgs/local/lib/python3.10/dist-packages:${PYTHONPATH} /usr/bin/cmake --install /home/ais/smartport_ws/build/realsense2_camera
