[3.047s] Invoking command in '/home/ais/smartport_ws/build/dimension_estimator': LD_LIBRARY_PATH=/home/ais/smartport_ws/install/vehicle_dimension_msgs/lib:/home/ais/smartport_ws/install/realsense2_camera/lib:/home/ais/smartport_ws/install/realsense2_camera_msgs/lib:/usr/local/cuda/lib64:/usr/lib/x86_64-linux-gnu/gazebo-11/plugins:/opt/ros/humble/opt/rviz_ogre_vendor/lib:/opt/ros/humble/lib/x86_64-linux-gnu:/opt/ros/humble/lib:/usr/lib/x86_64-linux-gnu/gazebo-11/plugins PYTHONPATH=/home/ais/smartport_ws/build/dimension_estimator/prefix_override:/usr/lib/python3/dist-packages/colcon_core/task/python/colcon_distutils_commands:/home/ais/smartport_ws/install/dimension_estimator/lib/python3.10/site-packages:${PYTHONPATH} /usr/bin/python3 -W ignore:setup.py install is deprecated -W ignore:easy_install command is deprecated setup.py develop --uninstall --editable --build-directory /home/ais/smartport_ws/build/dimension_estimator/build
[3.985s] running develop
[4.715s] Removing /home/ais/smartport_ws/install/dimension_estimator/lib/python3.10/site-packages/dimension-estimator.egg-link (link to .)
[4.768s] Invoked command in '/home/ais/smartport_ws/build/dimension_estimator' returned '0': LD_LIBRARY_PATH=/home/ais/smartport_ws/install/vehicle_dimension_msgs/lib:/home/ais/smartport_ws/install/realsense2_camera/lib:/home/ais/smartport_ws/install/realsense2_camera_msgs/lib:/usr/local/cuda/lib64:/usr/lib/x86_64-linux-gnu/gazebo-11/plugins:/opt/ros/humble/opt/rviz_ogre_vendor/lib:/opt/ros/humble/lib/x86_64-linux-gnu:/opt/ros/humble/lib:/usr/lib/x86_64-linux-gnu/gazebo-11/plugins PYTHONPATH=/home/ais/smartport_ws/build/dimension_estimator/prefix_override:/usr/lib/python3/dist-packages/colcon_core/task/python/colcon_distutils_commands:/home/ais/smartport_ws/install/dimension_estimator/lib/python3.10/site-packages:${PYTHONPATH} /usr/bin/python3 -W ignore:setup.py install is deprecated -W ignore:easy_install command is deprecated setup.py develop --uninstall --editable --build-directory /home/ais/smartport_ws/build/dimension_estimator/build
[4.771s] Invoking command in '/home/ais/smartport_ws/src/dimension_estimator': LD_LIBRARY_PATH=/home/ais/smartport_ws/install/vehicle_dimension_msgs/lib:/home/ais/smartport_ws/install/realsense2_camera/lib:/home/ais/smartport_ws/install/realsense2_camera_msgs/lib:/usr/local/cuda/lib64:/usr/lib/x86_64-linux-gnu/gazebo-11/plugins:/opt/ros/humble/opt/rviz_ogre_vendor/lib:/opt/ros/humble/lib/x86_64-linux-gnu:/opt/ros/humble/lib:/usr/lib/x86_64-linux-gnu/gazebo-11/plugins PYTHONPATH=/home/ais/smartport_ws/build/dimension_estimator/prefix_override:/usr/lib/python3/dist-packages/colcon_core/task/python/colcon_distutils_commands:/home/ais/smartport_ws/install/dimension_estimator/lib/python3.10/site-packages:${PYTHONPATH} /usr/bin/python3 -W ignore:setup.py install is deprecated -W ignore:easy_install command is deprecated setup.py egg_info --egg-base ../../build/dimension_estimator build --build-base /home/ais/smartport_ws/build/dimension_estimator/build install --record /home/ais/smartport_ws/build/dimension_estimator/install.log --single-version-externally-managed install_data --force
[5.659s] running egg_info
[5.659s] writing ../../build/dimension_estimator/dimension_estimator.egg-info/PKG-INFO
[5.659s] writing dependency_links to ../../build/dimension_estimator/dimension_estimator.egg-info/dependency_links.txt
[5.659s] writing entry points to ../../build/dimension_estimator/dimension_estimator.egg-info/entry_points.txt
[5.659s] writing requirements to ../../build/dimension_estimator/dimension_estimator.egg-info/requires.txt
[5.660s] writing top-level names to ../../build/dimension_estimator/dimension_estimator.egg-info/top_level.txt
[5.661s] reading manifest file '../../build/dimension_estimator/dimension_estimator.egg-info/SOURCES.txt'
[5.661s] adding license file 'LICENSE'
[5.675s] writing manifest file '../../build/dimension_estimator/dimension_estimator.egg-info/SOURCES.txt'
[5.675s] running build
[5.675s] running build_py
[5.675s] copying dimension_estimator/dimension_estimator.py -> /home/ais/smartport_ws/build/dimension_estimator/build/lib/dimension_estimator
[5.675s] running install
[5.676s] running install_lib
[5.676s] creating /home/ais/smartport_ws/install/dimension_estimator/lib/python3.10/site-packages/dimension_estimator
[5.676s] copying /home/ais/smartport_ws/build/dimension_estimator/build/lib/dimension_estimator/__init__.py -> /home/ais/smartport_ws/install/dimension_estimator/lib/python3.10/site-packages/dimension_estimator
[5.676s] copying /home/ais/smartport_ws/build/dimension_estimator/build/lib/dimension_estimator/dimension_estimator.py -> /home/ais/smartport_ws/install/dimension_estimator/lib/python3.10/site-packages/dimension_estimator
[5.677s] byte-compiling /home/ais/smartport_ws/install/dimension_estimator/lib/python3.10/site-packages/dimension_estimator/__init__.py to __init__.cpython-310.pyc
[5.677s] byte-compiling /home/ais/smartport_ws/install/dimension_estimator/lib/python3.10/site-packages/dimension_estimator/dimension_estimator.py to dimension_estimator.cpython-310.pyc
[5.677s] running install_data
[5.677s] copying resource/dimension_estimator -> /home/ais/smartport_ws/install/dimension_estimator/share/ament_index/resource_index/packages
[5.677s] copying package.xml -> /home/ais/smartport_ws/install/dimension_estimator/share/dimension_estimator
[5.678s] running install_egg_info
[5.682s] Copying ../../build/dimension_estimator/dimension_estimator.egg-info to /home/ais/smartport_ws/install/dimension_estimator/lib/python3.10/site-packages/dimension_estimator-0.1.0-py3.10.egg-info
[5.685s] running install_scripts
[5.728s] Installing dimension_estimator script to /home/ais/smartport_ws/install/dimension_estimator/lib/dimension_estimator
[5.728s] writing list of installed files to '/home/ais/smartport_ws/build/dimension_estimator/install.log'
[5.788s] Invoked command in '/home/ais/smartport_ws/src/dimension_estimator' returned '0': LD_LIBRARY_PATH=/home/ais/smartport_ws/install/vehicle_dimension_msgs/lib:/home/ais/smartport_ws/install/realsense2_camera/lib:/home/ais/smartport_ws/install/realsense2_camera_msgs/lib:/usr/local/cuda/lib64:/usr/lib/x86_64-linux-gnu/gazebo-11/plugins:/opt/ros/humble/opt/rviz_ogre_vendor/lib:/opt/ros/humble/lib/x86_64-linux-gnu:/opt/ros/humble/lib:/usr/lib/x86_64-linux-gnu/gazebo-11/plugins PYTHONPATH=/home/ais/smartport_ws/build/dimension_estimator/prefix_override:/usr/lib/python3/dist-packages/colcon_core/task/python/colcon_distutils_commands:/home/ais/smartport_ws/install/dimension_estimator/lib/python3.10/site-packages:${PYTHONPATH} /usr/bin/python3 -W ignore:setup.py install is deprecated -W ignore:easy_install command is deprecated setup.py egg_info --egg-base ../../build/dimension_estimator build --build-base /home/ais/smartport_ws/build/dimension_estimator/build install --record /home/ais/smartport_ws/build/dimension_estimator/install.log --single-version-externally-managed install_data --force
