[2.306s] Invoking command in '/home/ais/smartport_ws/build/tariff_calculator': AMENT_PREFIX_PATH=/home/ais/smartport_ws/install/vehicle_dimension_msgs:${AMENT_PREFIX_PATH} CMAKE_PREFIX_PATH=/home/ais/smartport_ws/install/vehicle_dimension_msgs LD_LIBRARY_PATH=/home/ais/smartport_ws/install/vehicle_dimension_msgs/lib:/usr/local/cuda/lib64:/usr/lib/x86_64-linux-gnu/gazebo-11/plugins:/opt/ros/humble/opt/rviz_ogre_vendor/lib:/opt/ros/humble/lib/x86_64-linux-gnu:/opt/ros/humble/lib:/usr/lib/x86_64-linux-gnu/gazebo-11/plugins PYTHONPATH=/home/ais/smartport_ws/build/tariff_calculator/prefix_override:/usr/lib/python3/dist-packages/colcon_core/task/python/colcon_distutils_commands:/home/ais/smartport_ws/install/tariff_calculator/lib/python3.10/site-packages:/home/ais/smartport_ws/install/vehicle_dimension_msgs/local/lib/python3.10/dist-packages:${PYTHONPATH} /usr/bin/python3 -W ignore:setup.py install is deprecated -W ignore:easy_install command is deprecated setup.py develop --editable --build-directory /home/ais/smartport_ws/build/tariff_calculator/build --no-deps symlink_data
[3.264s] running develop
[3.843s] running egg_info
[3.843s] creating tariff_calculator.egg-info
[3.843s] writing tariff_calculator.egg-info/PKG-INFO
[3.844s] writing dependency_links to tariff_calculator.egg-info/dependency_links.txt
[3.844s] writing entry points to tariff_calculator.egg-info/entry_points.txt
[3.844s] writing requirements to tariff_calculator.egg-info/requires.txt
[3.844s] writing top-level names to tariff_calculator.egg-info/top_level.txt
[3.845s] writing manifest file 'tariff_calculator.egg-info/SOURCES.txt'
[3.847s] reading manifest file 'tariff_calculator.egg-info/SOURCES.txt'
[3.847s] writing manifest file 'tariff_calculator.egg-info/SOURCES.txt'
[3.849s] running build_ext
[3.849s] Creating /home/ais/smartport_ws/install/tariff_calculator/lib/python3.10/site-packages/tariff-calculator.egg-link (link to .)
[3.850s] Installing tariff_calculator script to /home/ais/smartport_ws/install/tariff_calculator/lib/tariff_calculator
[3.850s] 
[3.850s] Installed /home/ais/smartport_ws/build/tariff_calculator
[3.851s] running symlink_data
[3.851s] creating /home/ais/smartport_ws/install/tariff_calculator/share/ament_index
[3.851s] creating /home/ais/smartport_ws/install/tariff_calculator/share/ament_index/resource_index
[3.851s] creating /home/ais/smartport_ws/install/tariff_calculator/share/ament_index/resource_index/packages
[3.851s] symbolically linking /home/ais/smartport_ws/build/tariff_calculator/resource/tariff_calculator -> /home/ais/smartport_ws/install/tariff_calculator/share/ament_index/resource_index/packages
[3.851s] symbolically linking /home/ais/smartport_ws/build/tariff_calculator/package.xml -> /home/ais/smartport_ws/install/tariff_calculator/share/tariff_calculator
[3.889s] Invoked command in '/home/ais/smartport_ws/build/tariff_calculator' returned '0': AMENT_PREFIX_PATH=/home/ais/smartport_ws/install/vehicle_dimension_msgs:${AMENT_PREFIX_PATH} CMAKE_PREFIX_PATH=/home/ais/smartport_ws/install/vehicle_dimension_msgs LD_LIBRARY_PATH=/home/ais/smartport_ws/install/vehicle_dimension_msgs/lib:/usr/local/cuda/lib64:/usr/lib/x86_64-linux-gnu/gazebo-11/plugins:/opt/ros/humble/opt/rviz_ogre_vendor/lib:/opt/ros/humble/lib/x86_64-linux-gnu:/opt/ros/humble/lib:/usr/lib/x86_64-linux-gnu/gazebo-11/plugins PYTHONPATH=/home/ais/smartport_ws/build/tariff_calculator/prefix_override:/usr/lib/python3/dist-packages/colcon_core/task/python/colcon_distutils_commands:/home/ais/smartport_ws/install/tariff_calculator/lib/python3.10/site-packages:/home/ais/smartport_ws/install/vehicle_dimension_msgs/local/lib/python3.10/dist-packages:${PYTHONPATH} /usr/bin/python3 -W ignore:setup.py install is deprecated -W ignore:easy_install command is deprecated setup.py develop --editable --build-directory /home/ais/smartport_ws/build/tariff_calculator/build --no-deps symlink_data
