running develop
Removing /home/ais/smartport_ws/install/dimension_gui/lib/python3.10/site-packages/dimension-gui.egg-link (link to .)
running egg_info
writing ../../build/dimension_gui/dimension_gui.egg-info/PKG-INFO
writing dependency_links to ../../build/dimension_gui/dimension_gui.egg-info/dependency_links.txt
writing entry points to ../../build/dimension_gui/dimension_gui.egg-info/entry_points.txt
writing requirements to ../../build/dimension_gui/dimension_gui.egg-info/requires.txt
writing top-level names to ../../build/dimension_gui/dimension_gui.egg-info/top_level.txt
reading manifest file '../../build/dimension_gui/dimension_gui.egg-info/SOURCES.txt'
adding license file 'LICENSE'
writing manifest file '../../build/dimension_gui/dimension_gui.egg-info/SOURCES.txt'
running build
running build_py
creating /home/ais/smartport_ws/build/dimension_gui/build
creating /home/ais/smartport_ws/build/dimension_gui/build/lib
creating /home/ais/smartport_ws/build/dimension_gui/build/lib/dimension_gui
copying dimension_gui/dimension_gui.py -> /home/ais/smartport_ws/build/dimension_gui/build/lib/dimension_gui
copying dimension_gui/__init__.py -> /home/ais/smartport_ws/build/dimension_gui/build/lib/dimension_gui
running install
running install_lib
creating /home/ais/smartport_ws/install/dimension_gui/lib/python3.10/site-packages/dimension_gui
copying /home/ais/smartport_ws/build/dimension_gui/build/lib/dimension_gui/dimension_gui.py -> /home/ais/smartport_ws/install/dimension_gui/lib/python3.10/site-packages/dimension_gui
copying /home/ais/smartport_ws/build/dimension_gui/build/lib/dimension_gui/__init__.py -> /home/ais/smartport_ws/install/dimension_gui/lib/python3.10/site-packages/dimension_gui
byte-compiling /home/ais/smartport_ws/install/dimension_gui/lib/python3.10/site-packages/dimension_gui/dimension_gui.py to dimension_gui.cpython-310.pyc
byte-compiling /home/ais/smartport_ws/install/dimension_gui/lib/python3.10/site-packages/dimension_gui/__init__.py to __init__.cpython-310.pyc
running install_data
copying resource/dimension_gui -> /home/ais/smartport_ws/install/dimension_gui/share/ament_index/resource_index/packages
copying resource/dimension_system -> /home/ais/smartport_ws/install/dimension_gui/share/ament_index/resource_index/packages
copying package.xml -> /home/ais/smartport_ws/install/dimension_gui/share/dimension_gui
copying launch/dimension_system.launch.py -> /home/ais/smartport_ws/install/dimension_gui/share/dimension_gui/launch
copying launch/dimension_system.launch.py -> /home/ais/smartport_ws/install/dimension_gui/share/dimension_system/launch
running install_egg_info
Copying ../../build/dimension_gui/dimension_gui.egg-info to /home/ais/smartport_ws/install/dimension_gui/lib/python3.10/site-packages/dimension_gui-0.1.0-py3.10.egg-info
running install_scripts
Installing dimension_gui script to /home/ais/smartport_ws/install/dimension_gui/lib/dimension_gui
writing list of installed files to '/home/ais/smartport_ws/build/dimension_gui/install.log'
