[0.163s] [34mcolcon[0m [1;30mDEBUG[0m [32mCommand line arguments: ['/usr/bin/colcon', 'build', '--packages-select', 'yolov8_detector', 'dimension_estimator'][0m
[0.163s] [34mcolcon[0m [1;30mDEBUG[0m [32mParsed command line arguments: Namespace(log_base=None, log_level=None, verb_name='build', build_base='build', install_base='install', merge_install=False, symlink_install=False, test_result_base=None, continue_on_error=False, executor='parallel', parallel_workers=8, event_handlers=None, ignore_user_meta=False, metas=['./colcon.meta'], base_paths=['.'], packages_ignore=None, packages_ignore_regex=None, paths=None, packages_up_to=None, packages_up_to_regex=None, packages_above=None, packages_above_and_dependencies=None, packages_above_depth=None, packages_select_by_dep=None, packages_skip_by_dep=None, packages_skip_up_to=None, packages_select_build_failed=False, packages_skip_build_finished=False, packages_select_test_failures=False, packages_skip_test_passed=False, packages_select=['yolov8_detector', 'dimension_estimator'], packages_skip=None, packages_select_regex=None, packages_skip_regex=None, packages_start=None, packages_end=None, allow_overriding=[], cmake_args=None, cmake_target=None, cmake_target_skip_unavailable=False, cmake_clean_cache=False, cmake_clean_first=False, cmake_force_configure=False, ament_cmake_args=None, catkin_cmake_args=None, catkin_skip_building_tests=False, mixin_files=None, mixin=None, verb_parser=<colcon_mixin.mixin.mixin_argument.MixinArgumentDecorator object at 0x72b254722590>, verb_extension=<colcon_core.verb.build.BuildVerb object at 0x72b254823490>, main=<bound method BuildVerb.main of <colcon_core.verb.build.BuildVerb object at 0x72b254823490>>, mixin_verb=('build',))[0m
[0.486s] [34mcolcon.colcon_core.package_discovery[0m [1;30mLevel 1[0m discover_packages(colcon_meta) check parameters
[0.486s] [34mcolcon.colcon_core.package_discovery[0m [1;30mLevel 1[0m discover_packages(recursive) check parameters
[0.486s] [34mcolcon.colcon_core.package_discovery[0m [1;30mLevel 1[0m discover_packages(ignore) check parameters
[0.486s] [34mcolcon.colcon_core.package_discovery[0m [1;30mLevel 1[0m discover_packages(path) check parameters
[0.486s] [34mcolcon.colcon_core.package_discovery[0m [1;30mLevel 1[0m discover_packages(colcon_meta) discover
[0.486s] [34mcolcon.colcon_core.package_discovery[0m [1;30mLevel 1[0m discover_packages(recursive) discover
[0.487s] [34mcolcon.colcon_core.package_discovery[0m [1;30mINFO[0m Crawling recursively for packages in '/home/ais/smartport_ws'
[0.487s] [34mcolcon.colcon_core.package_identification[0m [1;30mLevel 1[0m _identify(.) by extensions ['ignore', 'ignore_ament_install']
[0.487s] [34mcolcon.colcon_core.package_identification[0m [1;30mLevel 1[0m _identify(.) by extension 'ignore'
[0.487s] [34mcolcon.colcon_core.package_identification[0m [1;30mLevel 1[0m _identify(.) by extension 'ignore_ament_install'
[0.487s] [34mcolcon.colcon_core.package_identification[0m [1;30mLevel 1[0m _identify(.) by extensions ['colcon_pkg']
[0.487s] [34mcolcon.colcon_core.package_identification[0m [1;30mLevel 1[0m _identify(.) by extension 'colcon_pkg'
[0.487s] [34mcolcon.colcon_core.package_identification[0m [1;30mLevel 1[0m _identify(.) by extensions ['colcon_meta']
[0.487s] [34mcolcon.colcon_core.package_identification[0m [1;30mLevel 1[0m _identify(.) by extension 'colcon_meta'
[0.487s] [34mcolcon.colcon_core.package_identification[0m [1;30mLevel 1[0m _identify(.) by extensions ['ros']
[0.487s] [34mcolcon.colcon_core.package_identification[0m [1;30mLevel 1[0m _identify(.) by extension 'ros'
[0.501s] [34mcolcon.colcon_core.package_identification[0m [1;30mLevel 1[0m _identify(.) by extensions ['cmake', 'python']
[0.501s] [34mcolcon.colcon_core.package_identification[0m [1;30mLevel 1[0m _identify(.) by extension 'cmake'
[0.501s] [34mcolcon.colcon_core.package_identification[0m [1;30mLevel 1[0m _identify(.) by extension 'python'
[0.501s] [34mcolcon.colcon_core.package_identification[0m [1;30mLevel 1[0m _identify(.) by extensions ['python_setup_py']
[0.501s] [34mcolcon.colcon_core.package_identification[0m [1;30mLevel 1[0m _identify(.) by extension 'python_setup_py'
[0.501s] [34mcolcon.colcon_core.package_identification[0m [1;30mLevel 1[0m _identify(build) by extensions ['ignore', 'ignore_ament_install']
[0.501s] [34mcolcon.colcon_core.package_identification[0m [1;30mLevel 1[0m _identify(build) by extension 'ignore'
[0.501s] [34mcolcon.colcon_core.package_identification[0m [1;30mLevel 1[0m _identify(build) ignored
[0.501s] [34mcolcon.colcon_core.package_identification[0m [1;30mLevel 1[0m _identify(install) by extensions ['ignore', 'ignore_ament_install']
[0.502s] [34mcolcon.colcon_core.package_identification[0m [1;30mLevel 1[0m _identify(install) by extension 'ignore'
[0.502s] [34mcolcon.colcon_core.package_identification[0m [1;30mLevel 1[0m _identify(install) ignored
[0.502s] [34mcolcon.colcon_core.package_identification[0m [1;30mLevel 1[0m _identify(log) by extensions ['ignore', 'ignore_ament_install']
[0.502s] [34mcolcon.colcon_core.package_identification[0m [1;30mLevel 1[0m _identify(log) by extension 'ignore'
[0.502s] [34mcolcon.colcon_core.package_identification[0m [1;30mLevel 1[0m _identify(log) ignored
[0.502s] [34mcolcon.colcon_core.package_identification[0m [1;30mLevel 1[0m _identify(src) by extensions ['ignore', 'ignore_ament_install']
[0.502s] [34mcolcon.colcon_core.package_identification[0m [1;30mLevel 1[0m _identify(src) by extension 'ignore'
[0.502s] [34mcolcon.colcon_core.package_identification[0m [1;30mLevel 1[0m _identify(src) by extension 'ignore_ament_install'
[0.502s] [34mcolcon.colcon_core.package_identification[0m [1;30mLevel 1[0m _identify(src) by extensions ['colcon_pkg']
[0.502s] [34mcolcon.colcon_core.package_identification[0m [1;30mLevel 1[0m _identify(src) by extension 'colcon_pkg'
[0.502s] [34mcolcon.colcon_core.package_identification[0m [1;30mLevel 1[0m _identify(src) by extensions ['colcon_meta']
[0.502s] [34mcolcon.colcon_core.package_identification[0m [1;30mLevel 1[0m _identify(src) by extension 'colcon_meta'
[0.502s] [34mcolcon.colcon_core.package_identification[0m [1;30mLevel 1[0m _identify(src) by extensions ['ros']
[0.502s] [34mcolcon.colcon_core.package_identification[0m [1;30mLevel 1[0m _identify(src) by extension 'ros'
[0.503s] [34mcolcon.colcon_core.package_identification[0m [1;30mLevel 1[0m _identify(src) by extensions ['cmake', 'python']
[0.503s] [34mcolcon.colcon_core.package_identification[0m [1;30mLevel 1[0m _identify(src) by extension 'cmake'
[0.503s] [34mcolcon.colcon_core.package_identification[0m [1;30mLevel 1[0m _identify(src) by extension 'python'
[0.503s] [34mcolcon.colcon_core.package_identification[0m [1;30mLevel 1[0m _identify(src) by extensions ['python_setup_py']
[0.503s] [34mcolcon.colcon_core.package_identification[0m [1;30mLevel 1[0m _identify(src) by extension 'python_setup_py'
[0.503s] [34mcolcon.colcon_core.package_identification[0m [1;30mLevel 1[0m _identify(src/dimension_estimator) by extensions ['ignore', 'ignore_ament_install']
[0.503s] [34mcolcon.colcon_core.package_identification[0m [1;30mLevel 1[0m _identify(src/dimension_estimator) by extension 'ignore'
[0.503s] [34mcolcon.colcon_core.package_identification[0m [1;30mLevel 1[0m _identify(src/dimension_estimator) by extension 'ignore_ament_install'
[0.503s] [34mcolcon.colcon_core.package_identification[0m [1;30mLevel 1[0m _identify(src/dimension_estimator) by extensions ['colcon_pkg']
[0.503s] [34mcolcon.colcon_core.package_identification[0m [1;30mLevel 1[0m _identify(src/dimension_estimator) by extension 'colcon_pkg'
[0.503s] [34mcolcon.colcon_core.package_identification[0m [1;30mLevel 1[0m _identify(src/dimension_estimator) by extensions ['colcon_meta']
[0.503s] [34mcolcon.colcon_core.package_identification[0m [1;30mLevel 1[0m _identify(src/dimension_estimator) by extension 'colcon_meta'
[0.503s] [34mcolcon.colcon_core.package_identification[0m [1;30mLevel 1[0m _identify(src/dimension_estimator) by extensions ['ros']
[0.503s] [34mcolcon.colcon_core.package_identification[0m [1;30mLevel 1[0m _identify(src/dimension_estimator) by extension 'ros'
[0.507s] [34mcolcon.colcon_core.package_identification[0m [1;30mDEBUG[0m [32mPackage 'src/dimension_estimator' with type 'ros.ament_python' and name 'dimension_estimator'[0m
[0.507s] [34mcolcon.colcon_core.package_identification[0m [1;30mLevel 1[0m _identify(src/dimension_gui) by extensions ['ignore', 'ignore_ament_install']
[0.507s] [34mcolcon.colcon_core.package_identification[0m [1;30mLevel 1[0m _identify(src/dimension_gui) by extension 'ignore'
[0.507s] [34mcolcon.colcon_core.package_identification[0m [1;30mLevel 1[0m _identify(src/dimension_gui) by extension 'ignore_ament_install'
[0.507s] [34mcolcon.colcon_core.package_identification[0m [1;30mLevel 1[0m _identify(src/dimension_gui) by extensions ['colcon_pkg']
[0.507s] [34mcolcon.colcon_core.package_identification[0m [1;30mLevel 1[0m _identify(src/dimension_gui) by extension 'colcon_pkg'
[0.507s] [34mcolcon.colcon_core.package_identification[0m [1;30mLevel 1[0m _identify(src/dimension_gui) by extensions ['colcon_meta']
[0.507s] [34mcolcon.colcon_core.package_identification[0m [1;30mLevel 1[0m _identify(src/dimension_gui) by extension 'colcon_meta'
[0.507s] [34mcolcon.colcon_core.package_identification[0m [1;30mLevel 1[0m _identify(src/dimension_gui) by extensions ['ros']
[0.507s] [34mcolcon.colcon_core.package_identification[0m [1;30mLevel 1[0m _identify(src/dimension_gui) by extension 'ros'
[0.508s] [34mcolcon.colcon_core.package_identification[0m [1;30mDEBUG[0m [32mPackage 'src/dimension_gui' with type 'ros.ament_python' and name 'dimension_gui'[0m
[0.508s] [34mcolcon.colcon_core.package_identification[0m [1;30mLevel 1[0m _identify(src/realsense-ros) by extensions ['ignore', 'ignore_ament_install']
[0.509s] [34mcolcon.colcon_core.package_identification[0m [1;30mLevel 1[0m _identify(src/realsense-ros) by extension 'ignore'
[0.509s] [34mcolcon.colcon_core.package_identification[0m [1;30mLevel 1[0m _identify(src/realsense-ros) by extension 'ignore_ament_install'
[0.509s] [34mcolcon.colcon_core.package_identification[0m [1;30mLevel 1[0m _identify(src/realsense-ros) by extensions ['colcon_pkg']
[0.509s] [34mcolcon.colcon_core.package_identification[0m [1;30mLevel 1[0m _identify(src/realsense-ros) by extension 'colcon_pkg'
[0.509s] [34mcolcon.colcon_core.package_identification[0m [1;30mLevel 1[0m _identify(src/realsense-ros) by extensions ['colcon_meta']
[0.509s] [34mcolcon.colcon_core.package_identification[0m [1;30mLevel 1[0m _identify(src/realsense-ros) by extension 'colcon_meta'
[0.509s] [34mcolcon.colcon_core.package_identification[0m [1;30mLevel 1[0m _identify(src/realsense-ros) by extensions ['ros']
[0.509s] [34mcolcon.colcon_core.package_identification[0m [1;30mLevel 1[0m _identify(src/realsense-ros) by extension 'ros'
[0.509s] [34mcolcon.colcon_core.package_identification[0m [1;30mLevel 1[0m _identify(src/realsense-ros) by extensions ['cmake', 'python']
[0.509s] [34mcolcon.colcon_core.package_identification[0m [1;30mLevel 1[0m _identify(src/realsense-ros) by extension 'cmake'
[0.509s] [34mcolcon.colcon_core.package_identification[0m [1;30mLevel 1[0m _identify(src/realsense-ros) by extension 'python'
[0.509s] [34mcolcon.colcon_core.package_identification[0m [1;30mLevel 1[0m _identify(src/realsense-ros) by extensions ['python_setup_py']
[0.509s] [34mcolcon.colcon_core.package_identification[0m [1;30mLevel 1[0m _identify(src/realsense-ros) by extension 'python_setup_py'
[0.510s] [34mcolcon.colcon_core.package_identification[0m [1;30mLevel 1[0m _identify(src/realsense-ros/realsense2_camera) by extensions ['ignore', 'ignore_ament_install']
[0.510s] [34mcolcon.colcon_core.package_identification[0m [1;30mLevel 1[0m _identify(src/realsense-ros/realsense2_camera) by extension 'ignore'
[0.510s] [34mcolcon.colcon_core.package_identification[0m [1;30mLevel 1[0m _identify(src/realsense-ros/realsense2_camera) by extension 'ignore_ament_install'
[0.510s] [34mcolcon.colcon_core.package_identification[0m [1;30mLevel 1[0m _identify(src/realsense-ros/realsense2_camera) by extensions ['colcon_pkg']
[0.510s] [34mcolcon.colcon_core.package_identification[0m [1;30mLevel 1[0m _identify(src/realsense-ros/realsense2_camera) by extension 'colcon_pkg'
[0.510s] [34mcolcon.colcon_core.package_identification[0m [1;30mLevel 1[0m _identify(src/realsense-ros/realsense2_camera) by extensions ['colcon_meta']
[0.510s] [34mcolcon.colcon_core.package_identification[0m [1;30mLevel 1[0m _identify(src/realsense-ros/realsense2_camera) by extension 'colcon_meta'
[0.510s] [34mcolcon.colcon_core.package_identification[0m [1;30mLevel 1[0m _identify(src/realsense-ros/realsense2_camera) by extensions ['ros']
[0.510s] [34mcolcon.colcon_core.package_identification[0m [1;30mLevel 1[0m _identify(src/realsense-ros/realsense2_camera) by extension 'ros'
[0.520s] [34mcolcon.colcon_core.package_identification[0m [1;30mDEBUG[0m [32mPackage 'src/realsense-ros/realsense2_camera' with type 'ros.ament_cmake' and name 'realsense2_camera'[0m
[0.520s] [34mcolcon.colcon_core.package_identification[0m [1;30mLevel 1[0m _identify(src/realsense-ros/realsense2_camera_msgs) by extensions ['ignore', 'ignore_ament_install']
[0.520s] [34mcolcon.colcon_core.package_identification[0m [1;30mLevel 1[0m _identify(src/realsense-ros/realsense2_camera_msgs) by extension 'ignore'
[0.520s] [34mcolcon.colcon_core.package_identification[0m [1;30mLevel 1[0m _identify(src/realsense-ros/realsense2_camera_msgs) by extension 'ignore_ament_install'
[0.520s] [34mcolcon.colcon_core.package_identification[0m [1;30mLevel 1[0m _identify(src/realsense-ros/realsense2_camera_msgs) by extensions ['colcon_pkg']
[0.520s] [34mcolcon.colcon_core.package_identification[0m [1;30mLevel 1[0m _identify(src/realsense-ros/realsense2_camera_msgs) by extension 'colcon_pkg'
[0.520s] [34mcolcon.colcon_core.package_identification[0m [1;30mLevel 1[0m _identify(src/realsense-ros/realsense2_camera_msgs) by extensions ['colcon_meta']
[0.520s] [34mcolcon.colcon_core.package_identification[0m [1;30mLevel 1[0m _identify(src/realsense-ros/realsense2_camera_msgs) by extension 'colcon_meta'
[0.520s] [34mcolcon.colcon_core.package_identification[0m [1;30mLevel 1[0m _identify(src/realsense-ros/realsense2_camera_msgs) by extensions ['ros']
[0.520s] [34mcolcon.colcon_core.package_identification[0m [1;30mLevel 1[0m _identify(src/realsense-ros/realsense2_camera_msgs) by extension 'ros'
[0.522s] [34mcolcon.colcon_core.package_identification[0m [1;30mDEBUG[0m [32mPackage 'src/realsense-ros/realsense2_camera_msgs' with type 'ros.ament_cmake' and name 'realsense2_camera_msgs'[0m
[0.522s] [34mcolcon.colcon_core.package_identification[0m [1;30mLevel 1[0m _identify(src/realsense-ros/realsense2_description) by extensions ['ignore', 'ignore_ament_install']
[0.522s] [34mcolcon.colcon_core.package_identification[0m [1;30mLevel 1[0m _identify(src/realsense-ros/realsense2_description) by extension 'ignore'
[0.522s] [34mcolcon.colcon_core.package_identification[0m [1;30mLevel 1[0m _identify(src/realsense-ros/realsense2_description) by extension 'ignore_ament_install'
[0.522s] [34mcolcon.colcon_core.package_identification[0m [1;30mLevel 1[0m _identify(src/realsense-ros/realsense2_description) by extensions ['colcon_pkg']
[0.522s] [34mcolcon.colcon_core.package_identification[0m [1;30mLevel 1[0m _identify(src/realsense-ros/realsense2_description) by extension 'colcon_pkg'
[0.522s] [34mcolcon.colcon_core.package_identification[0m [1;30mLevel 1[0m _identify(src/realsense-ros/realsense2_description) by extensions ['colcon_meta']
[0.522s] [34mcolcon.colcon_core.package_identification[0m [1;30mLevel 1[0m _identify(src/realsense-ros/realsense2_description) by extension 'colcon_meta'
[0.522s] [34mcolcon.colcon_core.package_identification[0m [1;30mLevel 1[0m _identify(src/realsense-ros/realsense2_description) by extensions ['ros']
[0.522s] [34mcolcon.colcon_core.package_identification[0m [1;30mLevel 1[0m _identify(src/realsense-ros/realsense2_description) by extension 'ros'
[0.524s] [34mcolcon.colcon_core.package_identification[0m [1;30mDEBUG[0m [32mPackage 'src/realsense-ros/realsense2_description' with type 'ros.ament_cmake' and name 'realsense2_description'[0m
[0.524s] [34mcolcon.colcon_core.package_identification[0m [1;30mLevel 1[0m _identify(src/realsense-ros/scripts) by extensions ['ignore', 'ignore_ament_install']
[0.524s] [34mcolcon.colcon_core.package_identification[0m [1;30mLevel 1[0m _identify(src/realsense-ros/scripts) by extension 'ignore'
[0.524s] [34mcolcon.colcon_core.package_identification[0m [1;30mLevel 1[0m _identify(src/realsense-ros/scripts) by extension 'ignore_ament_install'
[0.524s] [34mcolcon.colcon_core.package_identification[0m [1;30mLevel 1[0m _identify(src/realsense-ros/scripts) by extensions ['colcon_pkg']
[0.525s] [34mcolcon.colcon_core.package_identification[0m [1;30mLevel 1[0m _identify(src/realsense-ros/scripts) by extension 'colcon_pkg'
[0.525s] [34mcolcon.colcon_core.package_identification[0m [1;30mLevel 1[0m _identify(src/realsense-ros/scripts) by extensions ['colcon_meta']
[0.525s] [34mcolcon.colcon_core.package_identification[0m [1;30mLevel 1[0m _identify(src/realsense-ros/scripts) by extension 'colcon_meta'
[0.525s] [34mcolcon.colcon_core.package_identification[0m [1;30mLevel 1[0m _identify(src/realsense-ros/scripts) by extensions ['ros']
[0.525s] [34mcolcon.colcon_core.package_identification[0m [1;30mLevel 1[0m _identify(src/realsense-ros/scripts) by extension 'ros'
[0.525s] [34mcolcon.colcon_core.package_identification[0m [1;30mLevel 1[0m _identify(src/realsense-ros/scripts) by extensions ['cmake', 'python']
[0.525s] [34mcolcon.colcon_core.package_identification[0m [1;30mLevel 1[0m _identify(src/realsense-ros/scripts) by extension 'cmake'
[0.525s] [34mcolcon.colcon_core.package_identification[0m [1;30mLevel 1[0m _identify(src/realsense-ros/scripts) by extension 'python'
[0.525s] [34mcolcon.colcon_core.package_identification[0m [1;30mLevel 1[0m _identify(src/realsense-ros/scripts) by extensions ['python_setup_py']
[0.525s] [34mcolcon.colcon_core.package_identification[0m [1;30mLevel 1[0m _identify(src/realsense-ros/scripts) by extension 'python_setup_py'
[0.525s] [34mcolcon.colcon_core.package_identification[0m [1;30mLevel 1[0m _identify(src/tariff_calculator) by extensions ['ignore', 'ignore_ament_install']
[0.526s] [34mcolcon.colcon_core.package_identification[0m [1;30mLevel 1[0m _identify(src/tariff_calculator) by extension 'ignore'
[0.526s] [34mcolcon.colcon_core.package_identification[0m [1;30mLevel 1[0m _identify(src/tariff_calculator) by extension 'ignore_ament_install'
[0.526s] [34mcolcon.colcon_core.package_identification[0m [1;30mLevel 1[0m _identify(src/tariff_calculator) by extensions ['colcon_pkg']
[0.526s] [34mcolcon.colcon_core.package_identification[0m [1;30mLevel 1[0m _identify(src/tariff_calculator) by extension 'colcon_pkg'
[0.526s] [34mcolcon.colcon_core.package_identification[0m [1;30mLevel 1[0m _identify(src/tariff_calculator) by extensions ['colcon_meta']
[0.526s] [34mcolcon.colcon_core.package_identification[0m [1;30mLevel 1[0m _identify(src/tariff_calculator) by extension 'colcon_meta'
[0.526s] [34mcolcon.colcon_core.package_identification[0m [1;30mLevel 1[0m _identify(src/tariff_calculator) by extensions ['ros']
[0.526s] [34mcolcon.colcon_core.package_identification[0m [1;30mLevel 1[0m _identify(src/tariff_calculator) by extension 'ros'
[0.527s] [34mcolcon.colcon_core.package_identification[0m [1;30mDEBUG[0m [32mPackage 'src/tariff_calculator' with type 'ros.ament_python' and name 'tariff_calculator'[0m
[0.527s] [34mcolcon.colcon_core.package_identification[0m [1;30mLevel 1[0m _identify(src/vehicle_dimension_msgs) by extensions ['ignore', 'ignore_ament_install']
[0.527s] [34mcolcon.colcon_core.package_identification[0m [1;30mLevel 1[0m _identify(src/vehicle_dimension_msgs) by extension 'ignore'
[0.527s] [34mcolcon.colcon_core.package_identification[0m [1;30mLevel 1[0m _identify(src/vehicle_dimension_msgs) by extension 'ignore_ament_install'
[0.527s] [34mcolcon.colcon_core.package_identification[0m [1;30mLevel 1[0m _identify(src/vehicle_dimension_msgs) by extensions ['colcon_pkg']
[0.527s] [34mcolcon.colcon_core.package_identification[0m [1;30mLevel 1[0m _identify(src/vehicle_dimension_msgs) by extension 'colcon_pkg'
[0.527s] [34mcolcon.colcon_core.package_identification[0m [1;30mLevel 1[0m _identify(src/vehicle_dimension_msgs) by extensions ['colcon_meta']
[0.527s] [34mcolcon.colcon_core.package_identification[0m [1;30mLevel 1[0m _identify(src/vehicle_dimension_msgs) by extension 'colcon_meta'
[0.527s] [34mcolcon.colcon_core.package_identification[0m [1;30mLevel 1[0m _identify(src/vehicle_dimension_msgs) by extensions ['ros']
[0.528s] [34mcolcon.colcon_core.package_identification[0m [1;30mLevel 1[0m _identify(src/vehicle_dimension_msgs) by extension 'ros'
[0.528s] [34mcolcon.colcon_core.package_identification[0m [1;30mDEBUG[0m [32mPackage 'src/vehicle_dimension_msgs' with type 'ros.ament_cmake' and name 'vehicle_dimension_msgs'[0m
[0.528s] [34mcolcon.colcon_core.package_identification[0m [1;30mLevel 1[0m _identify(src/yolov8_detector) by extensions ['ignore', 'ignore_ament_install']
[0.528s] [34mcolcon.colcon_core.package_identification[0m [1;30mLevel 1[0m _identify(src/yolov8_detector) by extension 'ignore'
[0.528s] [34mcolcon.colcon_core.package_identification[0m [1;30mLevel 1[0m _identify(src/yolov8_detector) by extension 'ignore_ament_install'
[0.529s] [34mcolcon.colcon_core.package_identification[0m [1;30mLevel 1[0m _identify(src/yolov8_detector) by extensions ['colcon_pkg']
[0.529s] [34mcolcon.colcon_core.package_identification[0m [1;30mLevel 1[0m _identify(src/yolov8_detector) by extension 'colcon_pkg'
[0.529s] [34mcolcon.colcon_core.package_identification[0m [1;30mLevel 1[0m _identify(src/yolov8_detector) by extensions ['colcon_meta']
[0.529s] [34mcolcon.colcon_core.package_identification[0m [1;30mLevel 1[0m _identify(src/yolov8_detector) by extension 'colcon_meta'
[0.529s] [34mcolcon.colcon_core.package_identification[0m [1;30mLevel 1[0m _identify(src/yolov8_detector) by extensions ['ros']
[0.529s] [34mcolcon.colcon_core.package_identification[0m [1;30mLevel 1[0m _identify(src/yolov8_detector) by extension 'ros'
[0.530s] [34mcolcon.colcon_core.package_identification[0m [1;30mDEBUG[0m [32mPackage 'src/yolov8_detector' with type 'ros.ament_python' and name 'yolov8_detector'[0m
[0.530s] [34mcolcon.colcon_core.package_discovery[0m [1;30mLevel 1[0m discover_packages(recursive) using defaults
[0.530s] [34mcolcon.colcon_core.package_discovery[0m [1;30mLevel 1[0m discover_packages(ignore) discover
[0.530s] [34mcolcon.colcon_core.package_discovery[0m [1;30mLevel 1[0m discover_packages(ignore) using defaults
[0.531s] [34mcolcon.colcon_core.package_discovery[0m [1;30mLevel 1[0m discover_packages(path) discover
[0.531s] [34mcolcon.colcon_core.package_discovery[0m [1;30mLevel 1[0m discover_packages(path) using defaults
[0.553s] [34mcolcon.colcon_core.package_selection[0m [1;30mINFO[0m Skipping not selected package 'realsense2_camera_msgs' in 'src/realsense-ros/realsense2_camera_msgs'
[0.553s] [34mcolcon.colcon_core.package_selection[0m [1;30mINFO[0m Skipping not selected package 'vehicle_dimension_msgs' in 'src/vehicle_dimension_msgs'
[0.553s] [34mcolcon.colcon_core.package_selection[0m [1;30mINFO[0m Skipping not selected package 'dimension_gui' in 'src/dimension_gui'
[0.553s] [34mcolcon.colcon_core.package_selection[0m [1;30mINFO[0m Skipping not selected package 'realsense2_camera' in 'src/realsense-ros/realsense2_camera'
[0.553s] [34mcolcon.colcon_core.package_selection[0m [1;30mINFO[0m Skipping not selected package 'realsense2_description' in 'src/realsense-ros/realsense2_description'
[0.553s] [34mcolcon.colcon_core.package_selection[0m [1;30mINFO[0m Skipping not selected package 'tariff_calculator' in 'src/tariff_calculator'
[0.554s] [34mcolcon.colcon_core.package_discovery[0m [1;30mLevel 1[0m discover_packages(prefix_path) check parameters
[0.554s] [34mcolcon.colcon_core.package_discovery[0m [1;30mLevel 1[0m discover_packages(prefix_path) discover
[0.558s] [34mcolcon.colcon_installed_package_information.package_discovery[0m [1;30mDEBUG[0m [32mFound 461 installed packages in /opt/ros/humble[0m
[0.562s] [34mcolcon.colcon_core.package_discovery[0m [1;30mLevel 1[0m discover_packages(prefix_path) using defaults
[0.642s] [34mcolcon.colcon_core.verb[0m [1;30mLevel 5[0m set package 'dimension_estimator' build argument 'cmake_args' from command line to 'None'
[0.642s] [34mcolcon.colcon_core.verb[0m [1;30mLevel 5[0m set package 'dimension_estimator' build argument 'cmake_target' from command line to 'None'
[0.643s] [34mcolcon.colcon_core.verb[0m [1;30mLevel 5[0m set package 'dimension_estimator' build argument 'cmake_target_skip_unavailable' from command line to 'False'
[0.643s] [34mcolcon.colcon_core.verb[0m [1;30mLevel 5[0m set package 'dimension_estimator' build argument 'cmake_clean_cache' from command line to 'False'
[0.643s] [34mcolcon.colcon_core.verb[0m [1;30mLevel 5[0m set package 'dimension_estimator' build argument 'cmake_clean_first' from command line to 'False'
[0.643s] [34mcolcon.colcon_core.verb[0m [1;30mLevel 5[0m set package 'dimension_estimator' build argument 'cmake_force_configure' from command line to 'False'
[0.643s] [34mcolcon.colcon_core.verb[0m [1;30mLevel 5[0m set package 'dimension_estimator' build argument 'ament_cmake_args' from command line to 'None'
[0.643s] [34mcolcon.colcon_core.verb[0m [1;30mLevel 5[0m set package 'dimension_estimator' build argument 'catkin_cmake_args' from command line to 'None'
[0.643s] [34mcolcon.colcon_core.verb[0m [1;30mLevel 5[0m set package 'dimension_estimator' build argument 'catkin_skip_building_tests' from command line to 'False'
[0.643s] [34mcolcon.colcon_core.verb[0m [1;30mDEBUG[0m [32mBuilding package 'dimension_estimator' with the following arguments: {'ament_cmake_args': None, 'build_base': '/home/ais/smartport_ws/build/dimension_estimator', 'catkin_cmake_args': None, 'catkin_skip_building_tests': False, 'cmake_args': None, 'cmake_clean_cache': False, 'cmake_clean_first': False, 'cmake_force_configure': False, 'cmake_target': None, 'cmake_target_skip_unavailable': False, 'install_base': '/home/ais/smartport_ws/install/dimension_estimator', 'merge_install': False, 'path': '/home/ais/smartport_ws/src/dimension_estimator', 'symlink_install': False, 'test_result_base': None}[0m
[0.644s] [34mcolcon.colcon_core.verb[0m [1;30mLevel 5[0m set package 'yolov8_detector' build argument 'cmake_args' from command line to 'None'
[0.644s] [34mcolcon.colcon_core.verb[0m [1;30mLevel 5[0m set package 'yolov8_detector' build argument 'cmake_target' from command line to 'None'
[0.644s] [34mcolcon.colcon_core.verb[0m [1;30mLevel 5[0m set package 'yolov8_detector' build argument 'cmake_target_skip_unavailable' from command line to 'False'
[0.644s] [34mcolcon.colcon_core.verb[0m [1;30mLevel 5[0m set package 'yolov8_detector' build argument 'cmake_clean_cache' from command line to 'False'
[0.644s] [34mcolcon.colcon_core.verb[0m [1;30mLevel 5[0m set package 'yolov8_detector' build argument 'cmake_clean_first' from command line to 'False'
[0.644s] [34mcolcon.colcon_core.verb[0m [1;30mLevel 5[0m set package 'yolov8_detector' build argument 'cmake_force_configure' from command line to 'False'
[0.644s] [34mcolcon.colcon_core.verb[0m [1;30mLevel 5[0m set package 'yolov8_detector' build argument 'ament_cmake_args' from command line to 'None'
[0.644s] [34mcolcon.colcon_core.verb[0m [1;30mLevel 5[0m set package 'yolov8_detector' build argument 'catkin_cmake_args' from command line to 'None'
[0.644s] [34mcolcon.colcon_core.verb[0m [1;30mLevel 5[0m set package 'yolov8_detector' build argument 'catkin_skip_building_tests' from command line to 'False'
[0.644s] [34mcolcon.colcon_core.verb[0m [1;30mDEBUG[0m [32mBuilding package 'yolov8_detector' with the following arguments: {'ament_cmake_args': None, 'build_base': '/home/ais/smartport_ws/build/yolov8_detector', 'catkin_cmake_args': None, 'catkin_skip_building_tests': False, 'cmake_args': None, 'cmake_clean_cache': False, 'cmake_clean_first': False, 'cmake_force_configure': False, 'cmake_target': None, 'cmake_target_skip_unavailable': False, 'install_base': '/home/ais/smartport_ws/install/yolov8_detector', 'merge_install': False, 'path': '/home/ais/smartport_ws/src/yolov8_detector', 'symlink_install': False, 'test_result_base': None}[0m
[0.644s] [34mcolcon.colcon_core.executor[0m [1;30mINFO[0m Executing jobs using 'parallel' executor
[0.645s] [34mcolcon.colcon_parallel_executor.executor.parallel[0m [1;30mDEBUG[0m [32mrun_until_complete[0m
[0.645s] [34mcolcon.colcon_ros.task.ament_python.build[0m [1;30mINFO[0m Building ROS package in '/home/ais/smartport_ws/src/dimension_estimator' with build type 'ament_python'
[0.646s] [34mcolcon.colcon_core.shell[0m [1;30mLevel 1[0m create_environment_hook('dimension_estimator', 'ament_prefix_path')
[0.648s] [34mcolcon.colcon_core.plugin_system[0m [1;30mINFO[0m Skipping extension 'colcon_core.shell.bat': Not used on non-Windows systems
[0.649s] [34mcolcon.colcon_core.shell[0m [1;30mINFO[0m Creating environment hook '/home/ais/smartport_ws/install/dimension_estimator/share/dimension_estimator/hook/ament_prefix_path.ps1'
[0.650s] [34mcolcon.colcon_core.shell[0m [1;30mINFO[0m Creating environment descriptor '/home/ais/smartport_ws/install/dimension_estimator/share/dimension_estimator/hook/ament_prefix_path.dsv'
[0.651s] [34mcolcon.colcon_core.shell[0m [1;30mINFO[0m Creating environment hook '/home/ais/smartport_ws/install/dimension_estimator/share/dimension_estimator/hook/ament_prefix_path.sh'
[0.652s] [34mcolcon.colcon_core.shell[0m [1;30mINFO[0m Skip shell extension 'powershell' for command environment: Not usable outside of PowerShell
[0.653s] [34mcolcon.colcon_core.shell[0m [1;30mDEBUG[0m [32mSkip shell extension 'dsv' for command environment[0m
[0.658s] [34mcolcon.colcon_ros.task.ament_python.build[0m [1;30mINFO[0m Building ROS package in '/home/ais/smartport_ws/src/yolov8_detector' with build type 'ament_python'
[0.659s] [34mcolcon.colcon_core.shell[0m [1;30mLevel 1[0m create_environment_hook('yolov8_detector', 'ament_prefix_path')
[0.659s] [34mcolcon.colcon_core.shell[0m [1;30mINFO[0m Creating environment hook '/home/ais/smartport_ws/install/yolov8_detector/share/yolov8_detector/hook/ament_prefix_path.ps1'
[0.661s] [34mcolcon.colcon_core.shell[0m [1;30mINFO[0m Creating environment descriptor '/home/ais/smartport_ws/install/yolov8_detector/share/yolov8_detector/hook/ament_prefix_path.dsv'
[0.662s] [34mcolcon.colcon_core.shell[0m [1;30mINFO[0m Creating environment hook '/home/ais/smartport_ws/install/yolov8_detector/share/yolov8_detector/hook/ament_prefix_path.sh'
[0.663s] [34mcolcon.colcon_core.shell[0m [1;30mINFO[0m Skip shell extension 'powershell' for command environment: Not usable outside of PowerShell
[0.664s] [34mcolcon.colcon_core.shell[0m [1;30mDEBUG[0m [32mSkip shell extension 'dsv' for command environment[0m
[1.118s] [34mcolcon.colcon_core.task.python.build[0m [1;30mINFO[0m Building Python package in '/home/ais/smartport_ws/src/dimension_estimator'
[1.118s] [34mcolcon.colcon_core.shell[0m [1;30mINFO[0m Skip shell extension 'powershell' for command environment: Not usable outside of PowerShell
[1.118s] [34mcolcon.colcon_core.shell[0m [1;30mDEBUG[0m [32mSkip shell extension 'dsv' for command environment[0m
[1.541s] [34mcolcon.colcon_core.task.python.build[0m [1;30mINFO[0m Building Python package in '/home/ais/smartport_ws/src/yolov8_detector'
[1.542s] [34mcolcon.colcon_core.shell[0m [1;30mINFO[0m Skip shell extension 'powershell' for command environment: Not usable outside of PowerShell
[1.542s] [34mcolcon.colcon_core.shell[0m [1;30mDEBUG[0m [32mSkip shell extension 'dsv' for command environment[0m
[2.185s] [34mcolcon.colcon_core.event_handler.log_command[0m [1;30mDEBUG[0m [32mInvoking command in '/home/ais/smartport_ws/build/dimension_estimator': AMENT_PREFIX_PATH=/home/ais/smartport_ws/install/vehicle_dimension_msgs:${AMENT_PREFIX_PATH} CMAKE_PREFIX_PATH=/home/ais/smartport_ws/install/vehicle_dimension_msgs LD_LIBRARY_PATH=/home/ais/smartport_ws/install/vehicle_dimension_msgs/lib:/usr/local/cuda/lib64:/usr/lib/x86_64-linux-gnu/gazebo-11/plugins:/opt/ros/humble/opt/rviz_ogre_vendor/lib:/opt/ros/humble/lib/x86_64-linux-gnu:/opt/ros/humble/lib:/usr/lib/x86_64-linux-gnu/gazebo-11/plugins PYTHONPATH=/home/ais/smartport_ws/build/dimension_estimator/prefix_override:/usr/lib/python3/dist-packages/colcon_core/task/python/colcon_distutils_commands:/home/ais/smartport_ws/install/dimension_estimator/lib/python3.10/site-packages:/home/ais/smartport_ws/install/vehicle_dimension_msgs/local/lib/python3.10/dist-packages:${PYTHONPATH} /usr/bin/python3 -W ignore:setup.py install is deprecated -W ignore:easy_install command is deprecated setup.py develop --uninstall --editable --build-directory /home/ais/smartport_ws/build/dimension_estimator/build[0m
[2.209s] [34mcolcon.colcon_core.event_handler.log_command[0m [1;30mDEBUG[0m [32mInvoking command in '/home/ais/smartport_ws/build/yolov8_detector': AMENT_PREFIX_PATH=/home/ais/smartport_ws/install/vehicle_dimension_msgs:${AMENT_PREFIX_PATH} CMAKE_PREFIX_PATH=/home/ais/smartport_ws/install/vehicle_dimension_msgs LD_LIBRARY_PATH=/home/ais/smartport_ws/install/vehicle_dimension_msgs/lib:/usr/local/cuda/lib64:/usr/lib/x86_64-linux-gnu/gazebo-11/plugins:/opt/ros/humble/opt/rviz_ogre_vendor/lib:/opt/ros/humble/lib/x86_64-linux-gnu:/opt/ros/humble/lib:/usr/lib/x86_64-linux-gnu/gazebo-11/plugins PYTHONPATH=/home/ais/smartport_ws/build/yolov8_detector/prefix_override:/usr/lib/python3/dist-packages/colcon_core/task/python/colcon_distutils_commands:/home/ais/smartport_ws/install/yolov8_detector/lib/python3.10/site-packages:/home/ais/smartport_ws/install/vehicle_dimension_msgs/local/lib/python3.10/dist-packages:${PYTHONPATH} /usr/bin/python3 -W ignore:setup.py install is deprecated -W ignore:easy_install command is deprecated setup.py develop --uninstall --editable --build-directory /home/ais/smartport_ws/build/yolov8_detector/build[0m
[3.147s] [34mcolcon.colcon_core.event_handler.log_command[0m [1;30mDEBUG[0m [32mInvoked command in '/home/ais/smartport_ws/build/dimension_estimator' returned '0': AMENT_PREFIX_PATH=/home/ais/smartport_ws/install/vehicle_dimension_msgs:${AMENT_PREFIX_PATH} CMAKE_PREFIX_PATH=/home/ais/smartport_ws/install/vehicle_dimension_msgs LD_LIBRARY_PATH=/home/ais/smartport_ws/install/vehicle_dimension_msgs/lib:/usr/local/cuda/lib64:/usr/lib/x86_64-linux-gnu/gazebo-11/plugins:/opt/ros/humble/opt/rviz_ogre_vendor/lib:/opt/ros/humble/lib/x86_64-linux-gnu:/opt/ros/humble/lib:/usr/lib/x86_64-linux-gnu/gazebo-11/plugins PYTHONPATH=/home/ais/smartport_ws/build/dimension_estimator/prefix_override:/usr/lib/python3/dist-packages/colcon_core/task/python/colcon_distutils_commands:/home/ais/smartport_ws/install/dimension_estimator/lib/python3.10/site-packages:/home/ais/smartport_ws/install/vehicle_dimension_msgs/local/lib/python3.10/dist-packages:${PYTHONPATH} /usr/bin/python3 -W ignore:setup.py install is deprecated -W ignore:easy_install command is deprecated setup.py develop --uninstall --editable --build-directory /home/ais/smartport_ws/build/dimension_estimator/build[0m
[3.150s] [34mcolcon.colcon_core.event_handler.log_command[0m [1;30mDEBUG[0m [32mInvoking command in '/home/ais/smartport_ws/src/dimension_estimator': AMENT_PREFIX_PATH=/home/ais/smartport_ws/install/vehicle_dimension_msgs:${AMENT_PREFIX_PATH} CMAKE_PREFIX_PATH=/home/ais/smartport_ws/install/vehicle_dimension_msgs LD_LIBRARY_PATH=/home/ais/smartport_ws/install/vehicle_dimension_msgs/lib:/usr/local/cuda/lib64:/usr/lib/x86_64-linux-gnu/gazebo-11/plugins:/opt/ros/humble/opt/rviz_ogre_vendor/lib:/opt/ros/humble/lib/x86_64-linux-gnu:/opt/ros/humble/lib:/usr/lib/x86_64-linux-gnu/gazebo-11/plugins PYTHONPATH=/home/ais/smartport_ws/build/dimension_estimator/prefix_override:/usr/lib/python3/dist-packages/colcon_core/task/python/colcon_distutils_commands:/home/ais/smartport_ws/install/dimension_estimator/lib/python3.10/site-packages:/home/ais/smartport_ws/install/vehicle_dimension_msgs/local/lib/python3.10/dist-packages:${PYTHONPATH} /usr/bin/python3 -W ignore:setup.py install is deprecated -W ignore:easy_install command is deprecated setup.py egg_info --egg-base ../../build/dimension_estimator build --build-base /home/ais/smartport_ws/build/dimension_estimator/build install --record /home/ais/smartport_ws/build/dimension_estimator/install.log --single-version-externally-managed install_data --force[0m
[3.154s] [34mcolcon.colcon_core.event_handler.log_command[0m [1;30mDEBUG[0m [32mInvoked command in '/home/ais/smartport_ws/build/yolov8_detector' returned '0': AMENT_PREFIX_PATH=/home/ais/smartport_ws/install/vehicle_dimension_msgs:${AMENT_PREFIX_PATH} CMAKE_PREFIX_PATH=/home/ais/smartport_ws/install/vehicle_dimension_msgs LD_LIBRARY_PATH=/home/ais/smartport_ws/install/vehicle_dimension_msgs/lib:/usr/local/cuda/lib64:/usr/lib/x86_64-linux-gnu/gazebo-11/plugins:/opt/ros/humble/opt/rviz_ogre_vendor/lib:/opt/ros/humble/lib/x86_64-linux-gnu:/opt/ros/humble/lib:/usr/lib/x86_64-linux-gnu/gazebo-11/plugins PYTHONPATH=/home/ais/smartport_ws/build/yolov8_detector/prefix_override:/usr/lib/python3/dist-packages/colcon_core/task/python/colcon_distutils_commands:/home/ais/smartport_ws/install/yolov8_detector/lib/python3.10/site-packages:/home/ais/smartport_ws/install/vehicle_dimension_msgs/local/lib/python3.10/dist-packages:${PYTHONPATH} /usr/bin/python3 -W ignore:setup.py install is deprecated -W ignore:easy_install command is deprecated setup.py develop --uninstall --editable --build-directory /home/ais/smartport_ws/build/yolov8_detector/build[0m
[3.156s] [34mcolcon.colcon_core.event_handler.log_command[0m [1;30mDEBUG[0m [32mInvoking command in '/home/ais/smartport_ws/src/yolov8_detector': AMENT_PREFIX_PATH=/home/ais/smartport_ws/install/vehicle_dimension_msgs:${AMENT_PREFIX_PATH} CMAKE_PREFIX_PATH=/home/ais/smartport_ws/install/vehicle_dimension_msgs LD_LIBRARY_PATH=/home/ais/smartport_ws/install/vehicle_dimension_msgs/lib:/usr/local/cuda/lib64:/usr/lib/x86_64-linux-gnu/gazebo-11/plugins:/opt/ros/humble/opt/rviz_ogre_vendor/lib:/opt/ros/humble/lib/x86_64-linux-gnu:/opt/ros/humble/lib:/usr/lib/x86_64-linux-gnu/gazebo-11/plugins PYTHONPATH=/home/ais/smartport_ws/build/yolov8_detector/prefix_override:/usr/lib/python3/dist-packages/colcon_core/task/python/colcon_distutils_commands:/home/ais/smartport_ws/install/yolov8_detector/lib/python3.10/site-packages:/home/ais/smartport_ws/install/vehicle_dimension_msgs/local/lib/python3.10/dist-packages:${PYTHONPATH} /usr/bin/python3 -W ignore:setup.py install is deprecated -W ignore:easy_install command is deprecated setup.py egg_info --egg-base ../../build/yolov8_detector build --build-base /home/ais/smartport_ws/build/yolov8_detector/build install --record /home/ais/smartport_ws/build/yolov8_detector/install.log --single-version-externally-managed install_data --force[0m
[3.764s] [34mcolcon.colcon_core.event_handler.log_command[0m [1;30mDEBUG[0m [32mInvoked command in '/home/ais/smartport_ws/src/dimension_estimator' returned '0': AMENT_PREFIX_PATH=/home/ais/smartport_ws/install/vehicle_dimension_msgs:${AMENT_PREFIX_PATH} CMAKE_PREFIX_PATH=/home/ais/smartport_ws/install/vehicle_dimension_msgs LD_LIBRARY_PATH=/home/ais/smartport_ws/install/vehicle_dimension_msgs/lib:/usr/local/cuda/lib64:/usr/lib/x86_64-linux-gnu/gazebo-11/plugins:/opt/ros/humble/opt/rviz_ogre_vendor/lib:/opt/ros/humble/lib/x86_64-linux-gnu:/opt/ros/humble/lib:/usr/lib/x86_64-linux-gnu/gazebo-11/plugins PYTHONPATH=/home/ais/smartport_ws/build/dimension_estimator/prefix_override:/usr/lib/python3/dist-packages/colcon_core/task/python/colcon_distutils_commands:/home/ais/smartport_ws/install/dimension_estimator/lib/python3.10/site-packages:/home/ais/smartport_ws/install/vehicle_dimension_msgs/local/lib/python3.10/dist-packages:${PYTHONPATH} /usr/bin/python3 -W ignore:setup.py install is deprecated -W ignore:easy_install command is deprecated setup.py egg_info --egg-base ../../build/dimension_estimator build --build-base /home/ais/smartport_ws/build/dimension_estimator/build install --record /home/ais/smartport_ws/build/dimension_estimator/install.log --single-version-externally-managed install_data --force[0m
[3.768s] [34mcolcon.colcon_core.environment[0m [1;30mLevel 1[0m checking '/home/ais/smartport_ws/install/dimension_estimator' for CMake module files
[3.769s] [34mcolcon.colcon_core.environment[0m [1;30mLevel 1[0m checking '/home/ais/smartport_ws/install/dimension_estimator' for CMake config files
[3.770s] [34mcolcon.colcon_core.environment[0m [1;30mLevel 1[0m checking '/home/ais/smartport_ws/install/dimension_estimator/lib'
[3.771s] [34mcolcon.colcon_core.environment[0m [1;30mLevel 1[0m checking '/home/ais/smartport_ws/install/dimension_estimator/bin'
[3.771s] [34mcolcon.colcon_core.environment[0m [1;30mLevel 1[0m checking '/home/ais/smartport_ws/install/dimension_estimator/lib/pkgconfig/dimension_estimator.pc'
[3.771s] [34mcolcon.colcon_core.environment[0m [1;30mLevel 1[0m checking '/home/ais/smartport_ws/install/dimension_estimator/lib/python3.10/site-packages'
[3.772s] [34mcolcon.colcon_core.shell[0m [1;30mLevel 1[0m create_environment_hook('dimension_estimator', 'pythonpath')
[3.772s] [34mcolcon.colcon_core.shell[0m [1;30mINFO[0m Creating environment hook '/home/ais/smartport_ws/install/dimension_estimator/share/dimension_estimator/hook/pythonpath.ps1'
[3.773s] [34mcolcon.colcon_core.shell[0m [1;30mINFO[0m Creating environment descriptor '/home/ais/smartport_ws/install/dimension_estimator/share/dimension_estimator/hook/pythonpath.dsv'
[3.774s] [34mcolcon.colcon_core.shell[0m [1;30mINFO[0m Creating environment hook '/home/ais/smartport_ws/install/dimension_estimator/share/dimension_estimator/hook/pythonpath.sh'
[3.774s] [34mcolcon.colcon_core.environment[0m [1;30mLevel 1[0m checking '/home/ais/smartport_ws/install/dimension_estimator/bin'
[3.775s] [34mcolcon.colcon_core.environment[0m [1;30mLevel 1[0m create_environment_scripts_only(dimension_estimator)
[3.775s] [34mcolcon.colcon_core.shell[0m [1;30mINFO[0m Creating package script '/home/ais/smartport_ws/install/dimension_estimator/share/dimension_estimator/package.ps1'
[3.776s] [34mcolcon.colcon_core.shell[0m [1;30mINFO[0m Creating package descriptor '/home/ais/smartport_ws/install/dimension_estimator/share/dimension_estimator/package.dsv'
[3.777s] [34mcolcon.colcon_core.shell[0m [1;30mINFO[0m Creating package script '/home/ais/smartport_ws/install/dimension_estimator/share/dimension_estimator/package.sh'
[3.778s] [34mcolcon.colcon_core.shell[0m [1;30mINFO[0m Creating package script '/home/ais/smartport_ws/install/dimension_estimator/share/dimension_estimator/package.bash'
[3.780s] [34mcolcon.colcon_core.shell[0m [1;30mINFO[0m Creating package script '/home/ais/smartport_ws/install/dimension_estimator/share/dimension_estimator/package.zsh'
[3.781s] [34mcolcon.colcon_core.environment[0m [1;30mLevel 1[0m create_file_with_runtime_dependencies(/home/ais/smartport_ws/install/dimension_estimator/share/colcon-core/packages/dimension_estimator)
[3.800s] [34mcolcon.colcon_core.environment[0m [1;30mLevel 1[0m checking '/home/ais/smartport_ws/install/yolov8_detector' for CMake module files
[3.801s] [34mcolcon.colcon_core.event_handler.log_command[0m [1;30mDEBUG[0m [32mInvoked command in '/home/ais/smartport_ws/src/yolov8_detector' returned '0': AMENT_PREFIX_PATH=/home/ais/smartport_ws/install/vehicle_dimension_msgs:${AMENT_PREFIX_PATH} CMAKE_PREFIX_PATH=/home/ais/smartport_ws/install/vehicle_dimension_msgs LD_LIBRARY_PATH=/home/ais/smartport_ws/install/vehicle_dimension_msgs/lib:/usr/local/cuda/lib64:/usr/lib/x86_64-linux-gnu/gazebo-11/plugins:/opt/ros/humble/opt/rviz_ogre_vendor/lib:/opt/ros/humble/lib/x86_64-linux-gnu:/opt/ros/humble/lib:/usr/lib/x86_64-linux-gnu/gazebo-11/plugins PYTHONPATH=/home/ais/smartport_ws/build/yolov8_detector/prefix_override:/usr/lib/python3/dist-packages/colcon_core/task/python/colcon_distutils_commands:/home/ais/smartport_ws/install/yolov8_detector/lib/python3.10/site-packages:/home/ais/smartport_ws/install/vehicle_dimension_msgs/local/lib/python3.10/dist-packages:${PYTHONPATH} /usr/bin/python3 -W ignore:setup.py install is deprecated -W ignore:easy_install command is deprecated setup.py egg_info --egg-base ../../build/yolov8_detector build --build-base /home/ais/smartport_ws/build/yolov8_detector/build install --record /home/ais/smartport_ws/build/yolov8_detector/install.log --single-version-externally-managed install_data --force[0m
[3.801s] [34mcolcon.colcon_core.environment[0m [1;30mLevel 1[0m checking '/home/ais/smartport_ws/install/yolov8_detector' for CMake config files
[3.802s] [34mcolcon.colcon_core.environment[0m [1;30mLevel 1[0m checking '/home/ais/smartport_ws/install/yolov8_detector/lib'
[3.802s] [34mcolcon.colcon_core.environment[0m [1;30mLevel 1[0m checking '/home/ais/smartport_ws/install/yolov8_detector/bin'
[3.802s] [34mcolcon.colcon_core.environment[0m [1;30mLevel 1[0m checking '/home/ais/smartport_ws/install/yolov8_detector/lib/pkgconfig/yolov8_detector.pc'
[3.803s] [34mcolcon.colcon_core.environment[0m [1;30mLevel 1[0m checking '/home/ais/smartport_ws/install/yolov8_detector/lib/python3.10/site-packages'
[3.803s] [34mcolcon.colcon_core.shell[0m [1;30mLevel 1[0m create_environment_hook('yolov8_detector', 'pythonpath')
[3.803s] [34mcolcon.colcon_core.shell[0m [1;30mINFO[0m Creating environment hook '/home/ais/smartport_ws/install/yolov8_detector/share/yolov8_detector/hook/pythonpath.ps1'
[3.804s] [34mcolcon.colcon_core.shell[0m [1;30mINFO[0m Creating environment descriptor '/home/ais/smartport_ws/install/yolov8_detector/share/yolov8_detector/hook/pythonpath.dsv'
[3.805s] [34mcolcon.colcon_core.shell[0m [1;30mINFO[0m Creating environment hook '/home/ais/smartport_ws/install/yolov8_detector/share/yolov8_detector/hook/pythonpath.sh'
[3.805s] [34mcolcon.colcon_core.environment[0m [1;30mLevel 1[0m checking '/home/ais/smartport_ws/install/yolov8_detector/bin'
[3.805s] [34mcolcon.colcon_core.environment[0m [1;30mLevel 1[0m create_environment_scripts_only(yolov8_detector)
[3.806s] [34mcolcon.colcon_core.shell[0m [1;30mINFO[0m Creating package script '/home/ais/smartport_ws/install/yolov8_detector/share/yolov8_detector/package.ps1'
[3.806s] [34mcolcon.colcon_core.shell[0m [1;30mINFO[0m Creating package descriptor '/home/ais/smartport_ws/install/yolov8_detector/share/yolov8_detector/package.dsv'
[3.807s] [34mcolcon.colcon_core.shell[0m [1;30mINFO[0m Creating package script '/home/ais/smartport_ws/install/yolov8_detector/share/yolov8_detector/package.sh'
[3.808s] [34mcolcon.colcon_core.shell[0m [1;30mINFO[0m Creating package script '/home/ais/smartport_ws/install/yolov8_detector/share/yolov8_detector/package.bash'
[3.808s] [34mcolcon.colcon_core.shell[0m [1;30mINFO[0m Creating package script '/home/ais/smartport_ws/install/yolov8_detector/share/yolov8_detector/package.zsh'
[3.808s] [34mcolcon.colcon_core.environment[0m [1;30mLevel 1[0m create_file_with_runtime_dependencies(/home/ais/smartport_ws/install/yolov8_detector/share/colcon-core/packages/yolov8_detector)
[3.809s] [34mcolcon.colcon_parallel_executor.executor.parallel[0m [1;30mDEBUG[0m [32mclosing loop[0m
[3.809s] [34mcolcon.colcon_parallel_executor.executor.parallel[0m [1;30mDEBUG[0m [32mloop closed[0m
[3.809s] [34mcolcon.colcon_parallel_executor.executor.parallel[0m [1;30mDEBUG[0m [32mrun_until_complete finished with '0'[0m
[3.810s] [34mcolcon.colcon_core.event_reactor[0m [1;30mDEBUG[0m [32mjoining thread[0m
[3.816s] [34mcolcon.colcon_core.plugin_system[0m [1;30mINFO[0m Skipping extension 'colcon_notification.desktop_notification.terminal_notifier': Not used on non-Darwin systems
[3.816s] [34mcolcon.colcon_core.plugin_system[0m [1;30mINFO[0m Skipping extension 'colcon_notification.desktop_notification.win32': Not used on non-Windows systems
[3.816s] [34mcolcon.colcon_notification.desktop_notification[0m [1;30mINFO[0m Sending desktop notification using 'notify2'
[3.829s] [34mcolcon.colcon_core.event_reactor[0m [1;30mDEBUG[0m [32mjoined thread[0m
[3.830s] [34mcolcon.colcon_core.shell[0m [1;30mINFO[0m Creating prefix script '/home/ais/smartport_ws/install/local_setup.ps1'
[3.831s] [34mcolcon.colcon_core.shell[0m [1;30mINFO[0m Creating prefix util module '/home/ais/smartport_ws/install/_local_setup_util_ps1.py'
[3.834s] [34mcolcon.colcon_core.shell[0m [1;30mINFO[0m Creating prefix chain script '/home/ais/smartport_ws/install/setup.ps1'
[3.836s] [34mcolcon.colcon_core.shell[0m [1;30mINFO[0m Creating prefix script '/home/ais/smartport_ws/install/local_setup.sh'
[3.837s] [34mcolcon.colcon_core.shell[0m [1;30mINFO[0m Creating prefix util module '/home/ais/smartport_ws/install/_local_setup_util_sh.py'
[3.837s] [34mcolcon.colcon_core.shell[0m [1;30mINFO[0m Creating prefix chain script '/home/ais/smartport_ws/install/setup.sh'
[3.839s] [34mcolcon.colcon_core.shell[0m [1;30mINFO[0m Creating prefix script '/home/ais/smartport_ws/install/local_setup.bash'
[3.840s] [34mcolcon.colcon_core.shell[0m [1;30mINFO[0m Creating prefix chain script '/home/ais/smartport_ws/install/setup.bash'
[3.841s] [34mcolcon.colcon_core.shell[0m [1;30mINFO[0m Creating prefix script '/home/ais/smartport_ws/install/local_setup.zsh'
[3.842s] [34mcolcon.colcon_core.shell[0m [1;30mINFO[0m Creating prefix chain script '/home/ais/smartport_ws/install/setup.zsh'
