[0.010s] Invoking command in '/home/ais/smartport_ws/build/realsense2_description': AMENT_PREFIX_PATH=/home/ais/smartport_ws/install/realsense2_camera_msgs:${AMENT_PREFIX_PATH} CMAKE_PREFIX_PATH=/home/ais/smartport_ws/install/realsense2_camera_msgs:/opt/ros/humble LD_LIBRARY_PATH=/home/ais/smartport_ws/install/realsense2_camera_msgs/lib:/usr/local/cuda/lib64:/usr/lib/x86_64-linux-gnu/gazebo-11/plugins:/opt/ros/humble/opt/rviz_ogre_vendor/lib:/opt/ros/humble/lib/x86_64-linux-gnu:/opt/ros/humble/lib:/usr/lib/x86_64-linux-gnu/gazebo-11/plugins PYTHONPATH=/home/ais/smartport_ws/install/realsense2_camera_msgs/local/lib/python3.10/dist-packages:${PYTHONPATH} /usr/bin/cmake /home/ais/smartport_ws/src/realsense-ros/realsense2_description -DAMENT_CMAKE_SYMLINK_INSTALL=1 -DCMAKE_INSTALL_PREFIX=/home/ais/smartport_ws/install/realsense2_description
[0.065s] -- The C compiler identification is GNU 11.4.0
[0.128s] -- The CXX compiler identification is GNU 11.4.0
[0.137s] -- Detecting C compiler ABI info
[0.207s] -- Detecting C compiler ABI info - done
[0.217s] -- Check for working C compiler: /usr/bin/cc - skipped
[0.217s] -- Detecting C compile features
[0.218s] -- Detecting C compile features - done
[0.222s] -- Detecting CXX compiler ABI info
[0.314s] -- Detecting CXX compiler ABI info - done
[0.323s] -- Check for working CXX compiler: /usr/bin/c++ - skipped
[0.324s] -- Detecting CXX compile features
[0.324s] -- Detecting CXX compile features - done
[0.328s] -- Found ament_cmake: 1.3.12 (/opt/ros/humble/share/ament_cmake/cmake)
[0.515s] -- Found Python3: /usr/bin/python3 (found version "3.10.12") found components: Interpreter 
[0.591s] -- Override CMake install command with custom implementation using symlinks instead of copying resources
[0.700s] -- Configuring done
[0.702s] -- Generating done
[0.704s] -- Build files have been written to: /home/ais/smartport_ws/build/realsense2_description
[0.709s] Invoked command in '/home/ais/smartport_ws/build/realsense2_description' returned '0': AMENT_PREFIX_PATH=/home/ais/smartport_ws/install/realsense2_camera_msgs:${AMENT_PREFIX_PATH} CMAKE_PREFIX_PATH=/home/ais/smartport_ws/install/realsense2_camera_msgs:/opt/ros/humble LD_LIBRARY_PATH=/home/ais/smartport_ws/install/realsense2_camera_msgs/lib:/usr/local/cuda/lib64:/usr/lib/x86_64-linux-gnu/gazebo-11/plugins:/opt/ros/humble/opt/rviz_ogre_vendor/lib:/opt/ros/humble/lib/x86_64-linux-gnu:/opt/ros/humble/lib:/usr/lib/x86_64-linux-gnu/gazebo-11/plugins PYTHONPATH=/home/ais/smartport_ws/install/realsense2_camera_msgs/local/lib/python3.10/dist-packages:${PYTHONPATH} /usr/bin/cmake /home/ais/smartport_ws/src/realsense-ros/realsense2_description -DAMENT_CMAKE_SYMLINK_INSTALL=1 -DCMAKE_INSTALL_PREFIX=/home/ais/smartport_ws/install/realsense2_description
[0.710s] Invoking command in '/home/ais/smartport_ws/build/realsense2_description': AMENT_PREFIX_PATH=/home/ais/smartport_ws/install/realsense2_camera_msgs:${AMENT_PREFIX_PATH} CMAKE_PREFIX_PATH=/home/ais/smartport_ws/install/realsense2_camera_msgs:/opt/ros/humble LD_LIBRARY_PATH=/home/ais/smartport_ws/install/realsense2_camera_msgs/lib:/usr/local/cuda/lib64:/usr/lib/x86_64-linux-gnu/gazebo-11/plugins:/opt/ros/humble/opt/rviz_ogre_vendor/lib:/opt/ros/humble/lib/x86_64-linux-gnu:/opt/ros/humble/lib:/usr/lib/x86_64-linux-gnu/gazebo-11/plugins PYTHONPATH=/home/ais/smartport_ws/install/realsense2_camera_msgs/local/lib/python3.10/dist-packages:${PYTHONPATH} /usr/bin/cmake --build /home/ais/smartport_ws/build/realsense2_description -- -j8 -l8
[0.750s] Invoked command in '/home/ais/smartport_ws/build/realsense2_description' returned '0': AMENT_PREFIX_PATH=/home/ais/smartport_ws/install/realsense2_camera_msgs:${AMENT_PREFIX_PATH} CMAKE_PREFIX_PATH=/home/ais/smartport_ws/install/realsense2_camera_msgs:/opt/ros/humble LD_LIBRARY_PATH=/home/ais/smartport_ws/install/realsense2_camera_msgs/lib:/usr/local/cuda/lib64:/usr/lib/x86_64-linux-gnu/gazebo-11/plugins:/opt/ros/humble/opt/rviz_ogre_vendor/lib:/opt/ros/humble/lib/x86_64-linux-gnu:/opt/ros/humble/lib:/usr/lib/x86_64-linux-gnu/gazebo-11/plugins PYTHONPATH=/home/ais/smartport_ws/install/realsense2_camera_msgs/local/lib/python3.10/dist-packages:${PYTHONPATH} /usr/bin/cmake --build /home/ais/smartport_ws/build/realsense2_description -- -j8 -l8
[0.752s] Invoking command in '/home/ais/smartport_ws/build/realsense2_description': AMENT_PREFIX_PATH=/home/ais/smartport_ws/install/realsense2_camera_msgs:${AMENT_PREFIX_PATH} CMAKE_PREFIX_PATH=/home/ais/smartport_ws/install/realsense2_camera_msgs:/opt/ros/humble LD_LIBRARY_PATH=/home/ais/smartport_ws/install/realsense2_camera_msgs/lib:/usr/local/cuda/lib64:/usr/lib/x86_64-linux-gnu/gazebo-11/plugins:/opt/ros/humble/opt/rviz_ogre_vendor/lib:/opt/ros/humble/lib/x86_64-linux-gnu:/opt/ros/humble/lib:/usr/lib/x86_64-linux-gnu/gazebo-11/plugins PYTHONPATH=/home/ais/smartport_ws/install/realsense2_camera_msgs/local/lib/python3.10/dist-packages:${PYTHONPATH} /usr/bin/cmake --install /home/ais/smartport_ws/build/realsense2_description
[0.762s] -- Install configuration: ""
[0.763s] -- Execute custom install script
[0.763s] -- Symlinking: /home/ais/smartport_ws/install/realsense2_description/share/realsense2_description/launch/launch_utils.py
[0.774s] -- Symlinking: /home/ais/smartport_ws/install/realsense2_description/share/realsense2_description/launch/view_model.launch.py
[0.785s] -- Symlinking: /home/ais/smartport_ws/install/realsense2_description/share/realsense2_description/meshes/d405.stl
[0.795s] -- Symlinking: /home/ais/smartport_ws/install/realsense2_description/share/realsense2_description/meshes/d415.stl
[0.807s] -- Symlinking: /home/ais/smartport_ws/install/realsense2_description/share/realsense2_description/meshes/d435.dae
[0.817s] -- Symlinking: /home/ais/smartport_ws/install/realsense2_description/share/realsense2_description/meshes/d455.stl
[0.828s] -- Symlinking: /home/ais/smartport_ws/install/realsense2_description/share/realsense2_description/meshes/l515.dae
[0.839s] -- Symlinking: /home/ais/smartport_ws/install/realsense2_description/share/realsense2_description/meshes/plug.stl
[0.849s] -- Symlinking: /home/ais/smartport_ws/install/realsense2_description/share/realsense2_description/meshes/plug_collision.stl
[0.857s] -- Symlinking: /home/ais/smartport_ws/install/realsense2_description/share/realsense2_description/rviz/urdf.rviz
[0.865s] -- Symlinking: /home/ais/smartport_ws/install/realsense2_description/share/realsense2_description/urdf/_d405.urdf.xacro
[0.874s] -- Symlinking: /home/ais/smartport_ws/install/realsense2_description/share/realsense2_description/urdf/_d415.urdf.xacro
[0.882s] -- Symlinking: /home/ais/smartport_ws/install/realsense2_description/share/realsense2_description/urdf/_d435.urdf.xacro
[0.891s] -- Symlinking: /home/ais/smartport_ws/install/realsense2_description/share/realsense2_description/urdf/_d435i.urdf.xacro
[0.899s] -- Symlinking: /home/ais/smartport_ws/install/realsense2_description/share/realsense2_description/urdf/_d435i_imu_modules.urdf.xacro
[0.908s] -- Symlinking: /home/ais/smartport_ws/install/realsense2_description/share/realsense2_description/urdf/_d455.urdf.xacro
[0.916s] -- Symlinking: /home/ais/smartport_ws/install/realsense2_description/share/realsense2_description/urdf/_materials.urdf.xacro
[0.925s] -- Symlinking: /home/ais/smartport_ws/install/realsense2_description/share/realsense2_description/urdf/_r410.urdf.xacro
[0.935s] -- Symlinking: /home/ais/smartport_ws/install/realsense2_description/share/realsense2_description/urdf/_r430.urdf.xacro
[0.945s] -- Symlinking: /home/ais/smartport_ws/install/realsense2_description/share/realsense2_description/urdf/_usb_plug.urdf.xacro
[0.955s] -- Symlinking: /home/ais/smartport_ws/install/realsense2_description/share/realsense2_description/urdf/test_d405_camera.urdf.xacro
[0.966s] -- Symlinking: /home/ais/smartport_ws/install/realsense2_description/share/realsense2_description/urdf/test_d415_camera.urdf.xacro
[0.976s] -- Symlinking: /home/ais/smartport_ws/install/realsense2_description/share/realsense2_description/urdf/test_d435_camera.urdf.xacro
[0.988s] -- Symlinking: /home/ais/smartport_ws/install/realsense2_description/share/realsense2_description/urdf/test_d435_multiple_cameras.urdf.xacro
[0.998s] -- Symlinking: /home/ais/smartport_ws/install/realsense2_description/share/realsense2_description/urdf/test_d435i_camera.urdf.xacro
[1.007s] -- Symlinking: /home/ais/smartport_ws/install/realsense2_description/share/realsense2_description/urdf/test_d455_camera.urdf.xacro
[1.017s] -- Symlinking: /home/ais/smartport_ws/install/realsense2_description/share/realsense2_description/urdf/test_r410_camera.urdf.xacro
[1.025s] -- Symlinking: /home/ais/smartport_ws/install/realsense2_description/share/realsense2_description/urdf/test_r430_camera.urdf.xacro
[1.035s] -- Symlinking: /home/ais/smartport_ws/install/realsense2_description/share/ament_index/resource_index/package_run_dependencies/realsense2_description
[1.046s] -- Symlinking: /home/ais/smartport_ws/install/realsense2_description/share/ament_index/resource_index/parent_prefix_path/realsense2_description
[1.056s] -- Symlinking: /home/ais/smartport_ws/install/realsense2_description/share/realsense2_description/environment/ament_prefix_path.sh
[1.067s] -- Symlinking: /home/ais/smartport_ws/install/realsense2_description/share/realsense2_description/environment/ament_prefix_path.dsv
[1.077s] -- Symlinking: /home/ais/smartport_ws/install/realsense2_description/share/realsense2_description/environment/path.sh
[1.088s] -- Symlinking: /home/ais/smartport_ws/install/realsense2_description/share/realsense2_description/environment/path.dsv
[1.099s] -- Symlinking: /home/ais/smartport_ws/install/realsense2_description/share/realsense2_description/local_setup.bash
[1.109s] -- Symlinking: /home/ais/smartport_ws/install/realsense2_description/share/realsense2_description/local_setup.sh
[1.119s] -- Symlinking: /home/ais/smartport_ws/install/realsense2_description/share/realsense2_description/local_setup.zsh
[1.130s] -- Symlinking: /home/ais/smartport_ws/install/realsense2_description/share/realsense2_description/local_setup.dsv
[1.141s] -- Symlinking: /home/ais/smartport_ws/install/realsense2_description/share/realsense2_description/package.dsv
[1.151s] -- Symlinking: /home/ais/smartport_ws/install/realsense2_description/share/ament_index/resource_index/packages/realsense2_description
[1.161s] -- Symlinking: /home/ais/smartport_ws/install/realsense2_description/share/realsense2_description/cmake/realsense2_descriptionConfig.cmake
[1.171s] -- Symlinking: /home/ais/smartport_ws/install/realsense2_description/share/realsense2_description/cmake/realsense2_descriptionConfig-version.cmake
[1.181s] -- Symlinking: /home/ais/smartport_ws/install/realsense2_description/share/realsense2_description/package.xml
[1.194s] Invoked command in '/home/ais/smartport_ws/build/realsense2_description' returned '0': AMENT_PREFIX_PATH=/home/ais/smartport_ws/install/realsense2_camera_msgs:${AMENT_PREFIX_PATH} CMAKE_PREFIX_PATH=/home/ais/smartport_ws/install/realsense2_camera_msgs:/opt/ros/humble LD_LIBRARY_PATH=/home/ais/smartport_ws/install/realsense2_camera_msgs/lib:/usr/local/cuda/lib64:/usr/lib/x86_64-linux-gnu/gazebo-11/plugins:/opt/ros/humble/opt/rviz_ogre_vendor/lib:/opt/ros/humble/lib/x86_64-linux-gnu:/opt/ros/humble/lib:/usr/lib/x86_64-linux-gnu/gazebo-11/plugins PYTHONPATH=/home/ais/smartport_ws/install/realsense2_camera_msgs/local/lib/python3.10/dist-packages:${PYTHONPATH} /usr/bin/cmake --install /home/ais/smartport_ws/build/realsense2_description
