[2.296s] Invoking command in '/home/ais/smartport_ws/build/dimension_estimator': AMENT_PREFIX_PATH=/home/ais/smartport_ws/install/vehicle_dimension_msgs:${AMENT_PREFIX_PATH} CMAKE_PREFIX_PATH=/home/ais/smartport_ws/install/vehicle_dimension_msgs LD_LIBRARY_PATH=/home/ais/smartport_ws/install/vehicle_dimension_msgs/lib:/usr/local/cuda/lib64:/usr/lib/x86_64-linux-gnu/gazebo-11/plugins:/opt/ros/humble/opt/rviz_ogre_vendor/lib:/opt/ros/humble/lib/x86_64-linux-gnu:/opt/ros/humble/lib:/usr/lib/x86_64-linux-gnu/gazebo-11/plugins PYTHONPATH=/home/ais/smartport_ws/build/dimension_estimator/prefix_override:/usr/lib/python3/dist-packages/colcon_core/task/python/colcon_distutils_commands:/home/ais/smartport_ws/install/dimension_estimator/lib/python3.10/site-packages:/home/ais/smartport_ws/install/vehicle_dimension_msgs/local/lib/python3.10/dist-packages:${PYTHONPATH} /usr/bin/python3 -W ignore:setup.py install is deprecated -W ignore:easy_install command is deprecated setup.py develop --editable --build-directory /home/ais/smartport_ws/build/dimension_estimator/build --no-deps symlink_data
[2.819s] running develop
[3.489s] running egg_info
[3.489s] creating dimension_estimator.egg-info
[3.489s] writing dimension_estimator.egg-info/PKG-INFO
[3.490s] writing dependency_links to dimension_estimator.egg-info/dependency_links.txt
[3.490s] writing entry points to dimension_estimator.egg-info/entry_points.txt
[3.490s] writing requirements to dimension_estimator.egg-info/requires.txt
[3.491s] writing top-level names to dimension_estimator.egg-info/top_level.txt
[3.492s] writing manifest file 'dimension_estimator.egg-info/SOURCES.txt'
[3.496s] reading manifest file 'dimension_estimator.egg-info/SOURCES.txt'
[3.498s] writing manifest file 'dimension_estimator.egg-info/SOURCES.txt'
[3.502s] running build_ext
[3.502s] Creating /home/ais/smartport_ws/install/dimension_estimator/lib/python3.10/site-packages/dimension-estimator.egg-link (link to .)
[3.504s] Installing dimension_estimator script to /home/ais/smartport_ws/install/dimension_estimator/lib/dimension_estimator
[3.506s] 
[3.506s] Installed /home/ais/smartport_ws/build/dimension_estimator
[3.506s] running symlink_data
[3.507s] creating /home/ais/smartport_ws/install/dimension_estimator/share/ament_index
[3.507s] creating /home/ais/smartport_ws/install/dimension_estimator/share/ament_index/resource_index
[3.507s] creating /home/ais/smartport_ws/install/dimension_estimator/share/ament_index/resource_index/packages
[3.507s] symbolically linking /home/ais/smartport_ws/build/dimension_estimator/resource/dimension_estimator -> /home/ais/smartport_ws/install/dimension_estimator/share/ament_index/resource_index/packages
[3.507s] symbolically linking /home/ais/smartport_ws/build/dimension_estimator/package.xml -> /home/ais/smartport_ws/install/dimension_estimator/share/dimension_estimator
[3.576s] Invoked command in '/home/ais/smartport_ws/build/dimension_estimator' returned '0': AMENT_PREFIX_PATH=/home/ais/smartport_ws/install/vehicle_dimension_msgs:${AMENT_PREFIX_PATH} CMAKE_PREFIX_PATH=/home/ais/smartport_ws/install/vehicle_dimension_msgs LD_LIBRARY_PATH=/home/ais/smartport_ws/install/vehicle_dimension_msgs/lib:/usr/local/cuda/lib64:/usr/lib/x86_64-linux-gnu/gazebo-11/plugins:/opt/ros/humble/opt/rviz_ogre_vendor/lib:/opt/ros/humble/lib/x86_64-linux-gnu:/opt/ros/humble/lib:/usr/lib/x86_64-linux-gnu/gazebo-11/plugins PYTHONPATH=/home/ais/smartport_ws/build/dimension_estimator/prefix_override:/usr/lib/python3/dist-packages/colcon_core/task/python/colcon_distutils_commands:/home/ais/smartport_ws/install/dimension_estimator/lib/python3.10/site-packages:/home/ais/smartport_ws/install/vehicle_dimension_msgs/local/lib/python3.10/dist-packages:${PYTHONPATH} /usr/bin/python3 -W ignore:setup.py install is deprecated -W ignore:easy_install command is deprecated setup.py develop --editable --build-directory /home/ais/smartport_ws/build/dimension_estimator/build --no-deps symlink_data
