[0.010s] Invoking command in '/home/ais/smartport_ws/build/realsense2_camera': AMENT_PREFIX_PATH=/home/ais/smartport_ws/install/realsense2_camera_msgs:${AMENT_PREFIX_PATH} CMAKE_PREFIX_PATH=/home/ais/smartport_ws/install/realsense2_camera_msgs:/opt/ros/humble LD_LIBRARY_PATH=/home/ais/smartport_ws/install/realsense2_camera_msgs/lib:/usr/local/cuda/lib64:/usr/lib/x86_64-linux-gnu/gazebo-11/plugins:/opt/ros/humble/opt/rviz_ogre_vendor/lib:/opt/ros/humble/lib/x86_64-linux-gnu:/opt/ros/humble/lib:/usr/lib/x86_64-linux-gnu/gazebo-11/plugins PYTHONPATH=/home/ais/smartport_ws/install/realsense2_camera_msgs/local/lib/python3.10/dist-packages:${PYTHONPATH} /usr/bin/cmake /home/ais/smartport_ws/src/realsense-ros/realsense2_camera -DAMENT_CMAKE_SYMLINK_INSTALL=1 -DCMAKE_INSTALL_PREFIX=/home/ais/smartport_ws/install/realsense2_camera
[0.067s] -- The C compiler identification is GNU 11.4.0
[0.130s] -- The CXX compiler identification is GNU 11.4.0
[0.140s] -- Detecting C compiler ABI info
[0.211s] -- Detecting C compiler ABI info - done
[0.229s] -- Check for working C compiler: /usr/bin/cc - skipped
[0.230s] -- Detecting C compile features
[0.231s] -- Detecting C compile features - done
[0.235s] -- Detecting CXX compiler ABI info
[0.321s] -- Detecting CXX compiler ABI info - done
[0.330s] -- Check for working CXX compiler: /usr/bin/c++ - skipped
[0.330s] -- Detecting CXX compile features
[0.331s] -- Detecting CXX compile features - done
[0.331s] -- Create Release Build.
[0.334s] -- Found ament_cmake: 1.3.12 (/opt/ros/humble/share/ament_cmake/cmake)
[0.517s] -- Found Python3: /usr/bin/python3 (found version "3.10.12") found components: Interpreter 
[0.594s] -- Override CMake install command with custom implementation using symlinks instead of copying resources
[0.629s] -- Found builtin_interfaces: 1.2.2 (/opt/ros/humble/share/builtin_interfaces/cmake)
[0.672s] -- Found rosidl_generator_c: 3.1.7 (/opt/ros/humble/share/rosidl_generator_c/cmake)
[0.680s] -- Found rosidl_adapter: 3.1.7 (/opt/ros/humble/share/rosidl_adapter/cmake)
[0.692s] -- Found rosidl_generator_cpp: 3.1.7 (/opt/ros/humble/share/rosidl_generator_cpp/cmake)
[0.706s] -- Using all available rosidl_typesupport_c: rosidl_typesupport_fastrtps_c;rosidl_typesupport_introspection_c
[0.726s] -- Using all available rosidl_typesupport_cpp: rosidl_typesupport_fastrtps_cpp;rosidl_typesupport_introspection_cpp
[0.746s] -- Found cv_bridge: 3.2.1 (/opt/ros/humble/share/cv_bridge/cmake)
[0.837s] -- Found image_transport: 3.1.12 (/opt/ros/humble/share/image_transport/cmake)
[0.909s] -- Found rmw_implementation_cmake: 6.1.2 (/opt/ros/humble/share/rmw_implementation_cmake/cmake)
[0.914s] -- Found rmw_fastrtps_cpp: 6.2.8 (/opt/ros/humble/share/rmw_fastrtps_cpp/cmake)
[1.042s] -- Found OpenSSL: /usr/lib/x86_64-linux-gnu/libcrypto.so (found version "3.0.2")  
[1.083s] -- Found FastRTPS: /opt/ros/humble/include  
[1.142s] -- Using RMW implementation 'rmw_fastrtps_cpp' as default
[1.160s] -- Looking for pthread.h
[1.241s] -- Looking for pthread.h - found
[1.242s] -- Performing Test CMAKE_HAVE_LIBC_PTHREAD
[1.310s] -- Performing Test CMAKE_HAVE_LIBC_PTHREAD - Success
[1.311s] -- Found Threads: TRUE  
[1.407s] -- Found rclcpp_action: 16.0.14 (/opt/ros/humble/share/rclcpp_action/cmake)
[1.452s] -- Found rclcpp_components: 16.0.14 (/opt/ros/humble/share/rclcpp_components/cmake)
[1.476s] -- Found realsense2_camera_msgs: 4.56.4 (/home/ais/smartport_ws/install/realsense2_camera_msgs/share/realsense2_camera_msgs/cmake)
[1.503s] -- Found std_srvs: 4.9.0 (/opt/ros/humble/share/std_srvs/cmake)
[1.519s] -- Found nav_msgs: 4.9.0 (/opt/ros/humble/share/nav_msgs/cmake)
[1.544s] -- Found tf2_ros: 0.25.16 (/opt/ros/humble/share/tf2_ros/cmake)
[1.591s] -- Found diagnostic_updater: 4.0.6 (/opt/ros/humble/share/diagnostic_updater/cmake)
[1.627s] -- Found OpenCV: /usr (found version "4.5.4") found components: core 
[1.630s] -- Build for ROS2 Humble
[1.637s] -- Found ament_cmake_gtest: 1.3.12 (/opt/ros/humble/share/ament_cmake_gtest/cmake)
[1.642s] -- Found gtest sources under '/opt/ros/humble/src/gtest_vendor': C++ tests using 'Google Test' will be built
[1.648s] -- Found ament_cmake_pytest: 1.3.12 (/opt/ros/humble/share/ament_cmake_pytest/cmake)
[13.616s] -- rs_device_info:
[13.617s] -- Device Name                   Serial Number       Firmware Version
[13.617s] Intel RealSense D455          151422254839        5.17.0.10
[13.617s] 
[13.617s] -- D455 device found
[23.776s] -- Configuring done
[23.808s] -- Generating done
[23.817s] -- Build files have been written to: /home/ais/smartport_ws/build/realsense2_camera
[23.830s] Invoked command in '/home/ais/smartport_ws/build/realsense2_camera' returned '0': AMENT_PREFIX_PATH=/home/ais/smartport_ws/install/realsense2_camera_msgs:${AMENT_PREFIX_PATH} CMAKE_PREFIX_PATH=/home/ais/smartport_ws/install/realsense2_camera_msgs:/opt/ros/humble LD_LIBRARY_PATH=/home/ais/smartport_ws/install/realsense2_camera_msgs/lib:/usr/local/cuda/lib64:/usr/lib/x86_64-linux-gnu/gazebo-11/plugins:/opt/ros/humble/opt/rviz_ogre_vendor/lib:/opt/ros/humble/lib/x86_64-linux-gnu:/opt/ros/humble/lib:/usr/lib/x86_64-linux-gnu/gazebo-11/plugins PYTHONPATH=/home/ais/smartport_ws/install/realsense2_camera_msgs/local/lib/python3.10/dist-packages:${PYTHONPATH} /usr/bin/cmake /home/ais/smartport_ws/src/realsense-ros/realsense2_camera -DAMENT_CMAKE_SYMLINK_INSTALL=1 -DCMAKE_INSTALL_PREFIX=/home/ais/smartport_ws/install/realsense2_camera
[23.832s] Invoking command in '/home/ais/smartport_ws/build/realsense2_camera': AMENT_PREFIX_PATH=/home/ais/smartport_ws/install/realsense2_camera_msgs:${AMENT_PREFIX_PATH} CMAKE_PREFIX_PATH=/home/ais/smartport_ws/install/realsense2_camera_msgs:/opt/ros/humble LD_LIBRARY_PATH=/home/ais/smartport_ws/install/realsense2_camera_msgs/lib:/usr/local/cuda/lib64:/usr/lib/x86_64-linux-gnu/gazebo-11/plugins:/opt/ros/humble/opt/rviz_ogre_vendor/lib:/opt/ros/humble/lib/x86_64-linux-gnu:/opt/ros/humble/lib:/usr/lib/x86_64-linux-gnu/gazebo-11/plugins PYTHONPATH=/home/ais/smartport_ws/install/realsense2_camera_msgs/local/lib/python3.10/dist-packages:${PYTHONPATH} /usr/bin/cmake --build /home/ais/smartport_ws/build/realsense2_camera -- -j8 -l8
[23.884s] [ 12%] [32mBuilding CXX object gtest/CMakeFiles/gtest.dir/src/gtest-all.cc.o[0m
[23.885s] [ 12%] [32mBuilding CXX object CMakeFiles/realsense2_camera_node.dir/rclcpp_components/node_main_realsense2_camera_node.cpp.o[0m
[23.885s] [ 12%] [32mBuilding CXX object gtest/CMakeFiles/gtest_main.dir/src/gtest_main.cc.o[0m
[23.885s] [ 16%] [32mBuilding CXX object CMakeFiles/realsense2_camera.dir/src/realsense_node_factory.cpp.o[0m
[23.886s] [ 20%] [32mBuilding CXX object CMakeFiles/realsense2_camera.dir/src/base_realsense_node.cpp.o[0m
[23.886s] [ 24%] [32mBuilding CXX object CMakeFiles/realsense2_camera.dir/src/parameters.cpp.o[0m
[23.886s] [ 28%] [32mBuilding CXX object CMakeFiles/realsense2_camera.dir/src/ros_sensor.cpp.o[0m
[23.886s] [ 32%] [32mBuilding CXX object CMakeFiles/realsense2_camera.dir/src/rs_node_setup.cpp.o[0m
[25.360s] [ 36%] [32m[1mLinking CXX static library libgtest_main.a[0m
[25.426s] [ 36%] Built target gtest_main
[25.445s] [ 40%] [32mBuilding CXX object CMakeFiles/realsense2_camera.dir/src/ros_utils.cpp.o[0m
[32.290s] [ 44%] [32m[1mLinking CXX executable realsense2_camera_node[0m
[32.582s] [ 44%] Built target realsense2_camera_node
[32.600s] [ 48%] [32mBuilding CXX object CMakeFiles/realsense2_camera.dir/src/dynamic_params.cpp.o[0m
[33.306s] [ 52%] [32mBuilding CXX object CMakeFiles/realsense2_camera.dir/src/sensor_params.cpp.o[0m
[39.372s] [ 56%] [32mBuilding CXX object CMakeFiles/realsense2_camera.dir/src/named_filter.cpp.o[0m
[40.442s] [ 60%] [32mBuilding CXX object CMakeFiles/realsense2_camera.dir/src/pointcloud_filter.cpp.o[0m
[40.646s] [ 64%] [32m[1mLinking CXX static library libgtest.a[0m
[40.725s] [ 64%] Built target gtest
[40.743s] [ 68%] [32mBuilding CXX object CMakeFiles/realsense2_camera.dir/src/align_depth_filter.cpp.o[0m
[45.131s] [ 72%] [32mBuilding CXX object CMakeFiles/realsense2_camera.dir/src/profile_manager.cpp.o[0m
[46.032s] [ 76%] [32mBuilding CXX object CMakeFiles/realsense2_camera.dir/src/image_publisher.cpp.o[0m
[48.945s] [ 80%] [32mBuilding CXX object CMakeFiles/realsense2_camera.dir/src/tfs.cpp.o[0m
[50.613s] [ 84%] [32mBuilding CXX object CMakeFiles/gtest_template.dir/test/gtest_template.cpp.o[0m
[51.069s] [ 88%] [32mBuilding CXX object CMakeFiles/realsense2_camera.dir/src/actions.cpp.o[0m
[52.561s] [ 92%] [32m[1mLinking CXX executable gtest_template[0m
[52.824s] [ 92%] Built target gtest_template
[52.844s] [ 96%] [32mBuilding CXX object CMakeFiles/realsense2_camera.dir/src/ros_param_backend.cpp.o[0m
[63.918s] [100%] [32m[1mLinking CXX shared library librealsense2_camera.so[0m
[64.468s] [100%] Built target realsense2_camera
[64.480s] Invoked command in '/home/ais/smartport_ws/build/realsense2_camera' returned '0': AMENT_PREFIX_PATH=/home/ais/smartport_ws/install/realsense2_camera_msgs:${AMENT_PREFIX_PATH} CMAKE_PREFIX_PATH=/home/ais/smartport_ws/install/realsense2_camera_msgs:/opt/ros/humble LD_LIBRARY_PATH=/home/ais/smartport_ws/install/realsense2_camera_msgs/lib:/usr/local/cuda/lib64:/usr/lib/x86_64-linux-gnu/gazebo-11/plugins:/opt/ros/humble/opt/rviz_ogre_vendor/lib:/opt/ros/humble/lib/x86_64-linux-gnu:/opt/ros/humble/lib:/usr/lib/x86_64-linux-gnu/gazebo-11/plugins PYTHONPATH=/home/ais/smartport_ws/install/realsense2_camera_msgs/local/lib/python3.10/dist-packages:${PYTHONPATH} /usr/bin/cmake --build /home/ais/smartport_ws/build/realsense2_camera -- -j8 -l8
[64.481s] Invoking command in '/home/ais/smartport_ws/build/realsense2_camera': AMENT_PREFIX_PATH=/home/ais/smartport_ws/install/realsense2_camera_msgs:${AMENT_PREFIX_PATH} CMAKE_PREFIX_PATH=/home/ais/smartport_ws/install/realsense2_camera_msgs:/opt/ros/humble LD_LIBRARY_PATH=/home/ais/smartport_ws/install/realsense2_camera_msgs/lib:/usr/local/cuda/lib64:/usr/lib/x86_64-linux-gnu/gazebo-11/plugins:/opt/ros/humble/opt/rviz_ogre_vendor/lib:/opt/ros/humble/lib/x86_64-linux-gnu:/opt/ros/humble/lib:/usr/lib/x86_64-linux-gnu/gazebo-11/plugins PYTHONPATH=/home/ais/smartport_ws/install/realsense2_camera_msgs/local/lib/python3.10/dist-packages:${PYTHONPATH} /usr/bin/cmake --install /home/ais/smartport_ws/build/realsense2_camera
[64.488s] -- Install configuration: "Release"
[64.488s] -- Execute custom install script
[64.489s] -- Symlinking: /home/ais/smartport_ws/install/realsense2_camera/share/realsense2_camera/config/global_settings.yaml
[64.497s] -- Symlinking: /home/ais/smartport_ws/install/realsense2_camera/lib/realsense2_camera/realsense2_camera_node
[64.505s] -- Symlinking: /home/ais/smartport_ws/install/realsense2_camera/lib/librealsense2_camera.so
[64.514s] -- Symlinking: /home/ais/smartport_ws/install/realsense2_camera/include/align_depth_filter.h
[64.523s] -- Symlinking: /home/ais/smartport_ws/install/realsense2_camera/include/base_realsense_node.h
[64.531s] -- Symlinking: /home/ais/smartport_ws/install/realsense2_camera/include/constants.h
[64.540s] -- Symlinking: /home/ais/smartport_ws/install/realsense2_camera/include/dynamic_params.h
[64.549s] -- Symlinking: /home/ais/smartport_ws/install/realsense2_camera/include/gl_window.h
[64.558s] -- Symlinking: /home/ais/smartport_ws/install/realsense2_camera/include/image_publisher.h
[64.568s] -- Symlinking: /home/ais/smartport_ws/install/realsense2_camera/include/named_filter.h
[64.576s] -- Symlinking: /home/ais/smartport_ws/install/realsense2_camera/include/pointcloud_filter.h
[64.585s] -- Symlinking: /home/ais/smartport_ws/install/realsense2_camera/include/profile_manager.h
[64.593s] -- Symlinking: /home/ais/smartport_ws/install/realsense2_camera/include/realsense_node_factory.h
[64.600s] -- Symlinking: /home/ais/smartport_ws/install/realsense2_camera/include/ros_node_base.h
[64.608s] -- Symlinking: /home/ais/smartport_ws/install/realsense2_camera/include/ros_param_backend.h
[64.616s] -- Symlinking: /home/ais/smartport_ws/install/realsense2_camera/include/ros_sensor.h
[64.624s] -- Symlinking: /home/ais/smartport_ws/install/realsense2_camera/include/ros_utils.h
[64.632s] -- Symlinking: /home/ais/smartport_ws/install/realsense2_camera/include/sensor_params.h
[64.640s] -- Symlinking: /home/ais/smartport_ws/install/realsense2_camera/share/realsense2_camera/launch/default.rviz
[64.648s] -- Symlinking: /home/ais/smartport_ws/install/realsense2_camera/share/realsense2_camera/launch/rs_intra_process_demo_launch.py
[64.655s] -- Symlinking: /home/ais/smartport_ws/install/realsense2_camera/share/realsense2_camera/launch/rs_launch.py
[64.663s] -- Symlinking: /home/ais/smartport_ws/install/realsense2_camera/share/realsense2_camera/launch/rs_multi_camera_launch.py
[64.671s] -- Symlinking: /home/ais/smartport_ws/install/realsense2_camera/share/realsense2_camera/launch/rs_multi_camera_launch_sync.py
[64.681s] -- Symlinking: /home/ais/smartport_ws/install/realsense2_camera/share/realsense2_camera/examples/align_depth/README.md
[64.690s] -- Symlinking: /home/ais/smartport_ws/install/realsense2_camera/share/realsense2_camera/examples/align_depth/rs_align_depth_launch.py
[64.698s] -- Symlinking: /home/ais/smartport_ws/install/realsense2_camera/share/realsense2_camera/examples/d500_tables/calib_config_example.json
[64.707s] -- Symlinking: /home/ais/smartport_ws/install/realsense2_camera/share/realsense2_camera/examples/dual_camera/README.md
[64.715s] -- Symlinking: /home/ais/smartport_ws/install/realsense2_camera/share/realsense2_camera/examples/dual_camera/rs_dual_camera_launch.py
[64.724s] -- Symlinking: /home/ais/smartport_ws/install/realsense2_camera/share/realsense2_camera/examples/dual_camera/rviz/dual_camera_pointcloud.rviz
[64.731s] -- Symlinking: /home/ais/smartport_ws/install/realsense2_camera/share/realsense2_camera/examples/launch_from_rosbag/README.md
[64.739s] -- Symlinking: /home/ais/smartport_ws/install/realsense2_camera/share/realsense2_camera/examples/launch_from_rosbag/rs_launch_from_rosbag.py
[64.747s] -- Symlinking: /home/ais/smartport_ws/install/realsense2_camera/share/realsense2_camera/examples/launch_params_from_file/README.md
[64.755s] -- Symlinking: /home/ais/smartport_ws/install/realsense2_camera/share/realsense2_camera/examples/launch_params_from_file/config/config.yaml
[64.764s] -- Symlinking: /home/ais/smartport_ws/install/realsense2_camera/share/realsense2_camera/examples/launch_params_from_file/rs_launch_get_params_from_yaml.py
[64.772s] -- Symlinking: /home/ais/smartport_ws/install/realsense2_camera/share/realsense2_camera/examples/pointcloud/README.md
[64.782s] -- Symlinking: /home/ais/smartport_ws/install/realsense2_camera/share/realsense2_camera/examples/pointcloud/rs_d405_pointcloud_launch.py
[64.791s] -- Symlinking: /home/ais/smartport_ws/install/realsense2_camera/share/realsense2_camera/examples/pointcloud/rs_d455_pointcloud_launch.py
[64.799s] -- Symlinking: /home/ais/smartport_ws/install/realsense2_camera/share/realsense2_camera/examples/pointcloud/rs_pointcloud_infra_launch.py
[64.807s] -- Symlinking: /home/ais/smartport_ws/install/realsense2_camera/share/realsense2_camera/examples/pointcloud/rs_pointcloud_launch.py
[64.816s] -- Symlinking: /home/ais/smartport_ws/install/realsense2_camera/share/realsense2_camera/examples/pointcloud/rviz/pointcloud.rviz
[64.824s] -- Symlinking: /home/ais/smartport_ws/install/realsense2_camera/share/realsense2_camera/examples/pointcloud/rviz/urdf_pointcloud.rviz
[64.833s] -- Symlinking: /home/ais/smartport_ws/install/realsense2_camera/share/realsense2_camera/environment/library_path.sh
[64.842s] -- Symlinking: /home/ais/smartport_ws/install/realsense2_camera/share/realsense2_camera/environment/library_path.dsv
[64.851s] -- Symlinking: /home/ais/smartport_ws/install/realsense2_camera/share/ament_index/resource_index/package_run_dependencies/realsense2_camera
[64.860s] -- Symlinking: /home/ais/smartport_ws/install/realsense2_camera/share/ament_index/resource_index/parent_prefix_path/realsense2_camera
[64.869s] -- Symlinking: /home/ais/smartport_ws/install/realsense2_camera/share/realsense2_camera/environment/ament_prefix_path.sh
[64.877s] -- Symlinking: /home/ais/smartport_ws/install/realsense2_camera/share/realsense2_camera/environment/ament_prefix_path.dsv
[64.886s] -- Symlinking: /home/ais/smartport_ws/install/realsense2_camera/share/realsense2_camera/environment/path.sh
[64.894s] -- Symlinking: /home/ais/smartport_ws/install/realsense2_camera/share/realsense2_camera/environment/path.dsv
[64.902s] -- Symlinking: /home/ais/smartport_ws/install/realsense2_camera/share/realsense2_camera/local_setup.bash
[64.911s] -- Symlinking: /home/ais/smartport_ws/install/realsense2_camera/share/realsense2_camera/local_setup.sh
[64.919s] -- Symlinking: /home/ais/smartport_ws/install/realsense2_camera/share/realsense2_camera/local_setup.zsh
[64.927s] -- Symlinking: /home/ais/smartport_ws/install/realsense2_camera/share/realsense2_camera/local_setup.dsv
[64.936s] -- Symlinking: /home/ais/smartport_ws/install/realsense2_camera/share/realsense2_camera/package.dsv
[64.944s] -- Symlinking: /home/ais/smartport_ws/install/realsense2_camera/share/ament_index/resource_index/packages/realsense2_camera
[64.952s] -- Symlinking: /home/ais/smartport_ws/install/realsense2_camera/share/ament_index/resource_index/rclcpp_components/realsense2_camera
[64.961s] -- Symlinking: /home/ais/smartport_ws/install/realsense2_camera/share/realsense2_camera/cmake/ament_cmake_export_include_directories-extras.cmake
[64.969s] -- Symlinking: /home/ais/smartport_ws/install/realsense2_camera/share/realsense2_camera/cmake/ament_cmake_export_libraries-extras.cmake
[64.978s] -- Symlinking: /home/ais/smartport_ws/install/realsense2_camera/share/realsense2_camera/cmake/ament_cmake_export_dependencies-extras.cmake
[64.987s] -- Symlinking: /home/ais/smartport_ws/install/realsense2_camera/share/realsense2_camera/cmake/realsense2_cameraConfig.cmake
[64.995s] -- Symlinking: /home/ais/smartport_ws/install/realsense2_camera/share/realsense2_camera/cmake/realsense2_cameraConfig-version.cmake
[65.005s] -- Symlinking: /home/ais/smartport_ws/install/realsense2_camera/share/realsense2_camera/package.xml
[65.017s] Invoked command in '/home/ais/smartport_ws/build/realsense2_camera' returned '0': AMENT_PREFIX_PATH=/home/ais/smartport_ws/install/realsense2_camera_msgs:${AMENT_PREFIX_PATH} CMAKE_PREFIX_PATH=/home/ais/smartport_ws/install/realsense2_camera_msgs:/opt/ros/humble LD_LIBRARY_PATH=/home/ais/smartport_ws/install/realsense2_camera_msgs/lib:/usr/local/cuda/lib64:/usr/lib/x86_64-linux-gnu/gazebo-11/plugins:/opt/ros/humble/opt/rviz_ogre_vendor/lib:/opt/ros/humble/lib/x86_64-linux-gnu:/opt/ros/humble/lib:/usr/lib/x86_64-linux-gnu/gazebo-11/plugins PYTHONPATH=/home/ais/smartport_ws/install/realsense2_camera_msgs/local/lib/python3.10/dist-packages:${PYTHONPATH} /usr/bin/cmake --install /home/ais/smartport_ws/build/realsense2_camera
