[0.013s] Invoking command in '/home/ais/smartport_ws/build/vehicle_dimension_msgs': CMAKE_PREFIX_PATH=/opt/ros/humble /usr/bin/cmake /home/ais/smartport_ws/src/vehicle_dimension_msgs -DAMENT_CMAKE_SYMLINK_INSTALL=1 -DCMAKE_INSTALL_PREFIX=/home/ais/smartport_ws/install/vehicle_dimension_msgs
[0.196s] -- The C compiler identification is GNU 11.4.0
[0.351s] -- The CXX compiler identification is GNU 11.4.0
[0.361s] -- Detecting C compiler ABI info
[0.443s] -- Detecting C compiler ABI info - done
[0.452s] -- Check for working C compiler: /usr/bin/cc - skipped
[0.452s] -- Detecting C compile features
[0.453s] -- Detecting C compile features - done
[0.456s] -- Detecting CXX compiler ABI info
[0.545s] -- Detecting CXX compiler ABI info - done
[0.553s] -- Check for working CXX compiler: /usr/bin/c++ - skipped
[0.554s] -- Detecting CXX compile features
[0.555s] -- Detecting CXX compile features - done
[0.564s] -- Found ament_cmake: 1.3.12 (/opt/ros/humble/share/ament_cmake/cmake)
[0.744s] -- Found Python3: /usr/bin/python3 (found version "3.10.12") found components: Interpreter 
[0.814s] -- Override CMake install command with custom implementation using symlinks instead of copying resources
[0.856s] -- Found rosidl_default_generators: 1.2.0 (/opt/ros/humble/share/rosidl_default_generators/cmake)
[0.861s] -- Using all available rosidl_typesupport_c: rosidl_typesupport_fastrtps_c;rosidl_typesupport_introspection_c
[0.872s] -- Found rosidl_adapter: 3.1.7 (/opt/ros/humble/share/rosidl_adapter/cmake)
[0.934s] -- Using all available rosidl_typesupport_cpp: rosidl_typesupport_fastrtps_cpp;rosidl_typesupport_introspection_cpp
[0.986s] -- Found std_msgs: 4.9.0 (/opt/ros/humble/share/std_msgs/cmake)
[1.334s] -- Found ament_cmake_ros: 0.10.0 (/opt/ros/humble/share/ament_cmake_ros/cmake)
[1.579s] -- Using all available rosidl_typesupport_c: rosidl_typesupport_fastrtps_c;rosidl_typesupport_introspection_c
[1.897s] -- Using all available rosidl_typesupport_cpp: rosidl_typesupport_fastrtps_cpp;rosidl_typesupport_introspection_cpp
[1.923s] -- Found PythonInterp: /usr/bin/python3 (found suitable version "3.10.12", minimum required is "3.6") 
[1.925s] -- Found python_cmake_module: 0.10.0 (/opt/ros/humble/share/python_cmake_module/cmake)
[1.956s] -- Found PythonLibs: /usr/lib/x86_64-linux-gnu/libpython3.10.so (found suitable version "3.10.12", minimum required is "3.5") 
[1.957s] -- Using PYTHON_EXECUTABLE: /usr/bin/python3
[1.957s] -- Using PYTHON_INCLUDE_DIRS: /usr/include/python3.10
[1.957s] -- Using PYTHON_LIBRARIES: /usr/lib/x86_64-linux-gnu/libpython3.10.so
[1.981s] -- Found PythonExtra: .so  
[2.042s] -- Found ament_lint_auto: 0.12.14 (/opt/ros/humble/share/ament_lint_auto/cmake)
[2.077s] -- Added test 'copyright' to check source files copyright and LICENSE
[2.080s] -- Added test 'lint_cmake' to check CMake code style
[2.082s] -- Added test 'xmllint' to check XML markup files
[2.087s] -- Configuring done
[2.132s] -- Generating done
[2.147s] -- Build files have been written to: /home/ais/smartport_ws/build/vehicle_dimension_msgs
[2.155s] Invoked command in '/home/ais/smartport_ws/build/vehicle_dimension_msgs' returned '0': CMAKE_PREFIX_PATH=/opt/ros/humble /usr/bin/cmake /home/ais/smartport_ws/src/vehicle_dimension_msgs -DAMENT_CMAKE_SYMLINK_INSTALL=1 -DCMAKE_INSTALL_PREFIX=/home/ais/smartport_ws/install/vehicle_dimension_msgs
[2.158s] Invoking command in '/home/ais/smartport_ws/build/vehicle_dimension_msgs': CMAKE_PREFIX_PATH=/opt/ros/humble /usr/bin/cmake --build /home/ais/smartport_ws/build/vehicle_dimension_msgs -- -j8 -l8
[2.204s] [  1%] [34m[1mGenerating C code for ROS interfaces[0m
[2.217s] [  3%] [34m[1mGenerating C++ code for ROS interfaces[0m
[2.226s] [  3%] Built target ament_cmake_python_symlink_vehicle_dimension_msgs
[2.737s] running egg_info
[2.738s] creating vehicle_dimension_msgs.egg-info
[2.738s] writing vehicle_dimension_msgs.egg-info/PKG-INFO
[2.739s] writing dependency_links to vehicle_dimension_msgs.egg-info/dependency_links.txt
[2.739s] writing top-level names to vehicle_dimension_msgs.egg-info/top_level.txt
[2.739s] writing manifest file 'vehicle_dimension_msgs.egg-info/SOURCES.txt'
[2.744s] reading manifest file 'vehicle_dimension_msgs.egg-info/SOURCES.txt'
[2.745s] writing manifest file 'vehicle_dimension_msgs.egg-info/SOURCES.txt'
[2.809s] [  3%] Built target ament_cmake_python_build_vehicle_dimension_msgs_egg
[2.932s] [  3%] Built target vehicle_dimension_msgs__cpp
[2.961s] [  5%] [34m[1mGenerating C++ type support for eProsima Fast-RTPS[0m
[2.962s] [  7%] [34m[1mGenerating C++ introspection for ROS interfaces[0m
[2.963s] [  9%] [34m[1mGenerating C++ type support dispatch for ROS interfaces[0m
[2.984s] [ 10%] [32mBuilding C object CMakeFiles/vehicle_dimension_msgs__rosidl_generator_c.dir/rosidl_generator_c/vehicle_dimension_msgs/msg/detail/vehicle_dimension__functions.c.o[0m
[2.985s] [ 12%] [32mBuilding C object CMakeFiles/vehicle_dimension_msgs__rosidl_generator_c.dir/rosidl_generator_c/vehicle_dimension_msgs/msg/detail/vehicle_bounding_box__functions.c.o[0m
[3.004s] [ 14%] [32mBuilding C object CMakeFiles/vehicle_dimension_msgs__rosidl_generator_c.dir/rosidl_generator_c/vehicle_dimension_msgs/msg/detail/vehicle_tariff__functions.c.o[0m
[3.006s] [ 16%] [32mBuilding C object CMakeFiles/vehicle_dimension_msgs__rosidl_generator_c.dir/rosidl_generator_c/vehicle_dimension_msgs/msg/detail/vehicle_bounding_box_array__functions.c.o[0m
[3.195s] [ 18%] [32m[1mLinking C shared library libvehicle_dimension_msgs__rosidl_generator_c.so[0m
[3.280s] [ 18%] Built target vehicle_dimension_msgs__rosidl_generator_c
[3.302s] [ 20%] [34m[1mGenerating C type support for eProsima Fast-RTPS[0m
[3.305s] [ 21%] [34m[1mGenerating C type support dispatch for ROS interfaces[0m
[3.318s] [ 23%] [34m[1mGenerating C introspection for ROS interfaces[0m
[3.802s] [ 27%] [32mBuilding CXX object CMakeFiles/vehicle_dimension_msgs__rosidl_typesupport_cpp.dir/rosidl_typesupport_cpp/vehicle_dimension_msgs/msg/vehicle_bounding_box__type_support.cpp.o[0m
[3.804s] [ 27%] [32mBuilding CXX object CMakeFiles/vehicle_dimension_msgs__rosidl_typesupport_cpp.dir/rosidl_typesupport_cpp/vehicle_dimension_msgs/msg/vehicle_dimension__type_support.cpp.o[0m
[3.812s] [ 29%] [32mBuilding CXX object CMakeFiles/vehicle_dimension_msgs__rosidl_typesupport_cpp.dir/rosidl_typesupport_cpp/vehicle_dimension_msgs/msg/vehicle_bounding_box_array__type_support.cpp.o[0m
[4.053s] [ 30%] [32mBuilding CXX object CMakeFiles/vehicle_dimension_msgs__rosidl_typesupport_introspection_cpp.dir/rosidl_typesupport_introspection_cpp/vehicle_dimension_msgs/msg/detail/vehicle_dimension__type_support.cpp.o[0m
[4.191s] [ 32%] [32mBuilding CXX object CMakeFiles/vehicle_dimension_msgs__rosidl_typesupport_c.dir/rosidl_typesupport_c/vehicle_dimension_msgs/msg/vehicle_dimension__type_support.cpp.o[0m
[4.235s] [ 34%] [32mBuilding CXX object CMakeFiles/vehicle_dimension_msgs__rosidl_typesupport_fastrtps_cpp.dir/rosidl_typesupport_fastrtps_cpp/vehicle_dimension_msgs/msg/detail/dds_fastrtps/vehicle_dimension__type_support.cpp.o[0m
[4.292s] [ 36%] [32mBuilding CXX object CMakeFiles/vehicle_dimension_msgs__rosidl_typesupport_c.dir/rosidl_typesupport_c/vehicle_dimension_msgs/msg/vehicle_bounding_box__type_support.cpp.o[0m
[4.370s] [ 38%] [32mBuilding CXX object CMakeFiles/vehicle_dimension_msgs__rosidl_typesupport_c.dir/rosidl_typesupport_c/vehicle_dimension_msgs/msg/vehicle_bounding_box_array__type_support.cpp.o[0m
[4.422s] [ 40%] [32mBuilding C object CMakeFiles/vehicle_dimension_msgs__rosidl_typesupport_introspection_c.dir/rosidl_typesupport_introspection_c/vehicle_dimension_msgs/msg/detail/vehicle_dimension__type_support.c.o[0m
[4.483s] [ 41%] [32mBuilding CXX object CMakeFiles/vehicle_dimension_msgs__rosidl_typesupport_c.dir/rosidl_typesupport_c/vehicle_dimension_msgs/msg/vehicle_tariff__type_support.cpp.o[0m
[4.561s] [ 43%] [32mBuilding C object CMakeFiles/vehicle_dimension_msgs__rosidl_typesupport_introspection_c.dir/rosidl_typesupport_introspection_c/vehicle_dimension_msgs/msg/detail/vehicle_bounding_box__type_support.c.o[0m
[4.619s] [ 45%] [32m[1mLinking CXX shared library libvehicle_dimension_msgs__rosidl_typesupport_c.so[0m
[4.661s] [ 47%] [32mBuilding CXX object CMakeFiles/vehicle_dimension_msgs__rosidl_typesupport_fastrtps_cpp.dir/rosidl_typesupport_fastrtps_cpp/vehicle_dimension_msgs/msg/detail/dds_fastrtps/vehicle_bounding_box__type_support.cpp.o[0m
[4.673s] [ 49%] [32mBuilding CXX object CMakeFiles/vehicle_dimension_msgs__rosidl_typesupport_cpp.dir/rosidl_typesupport_cpp/vehicle_dimension_msgs/msg/vehicle_tariff__type_support.cpp.o[0m
[4.674s] [ 50%] [32mBuilding CXX object CMakeFiles/vehicle_dimension_msgs__rosidl_typesupport_introspection_cpp.dir/rosidl_typesupport_introspection_cpp/vehicle_dimension_msgs/msg/detail/vehicle_bounding_box__type_support.cpp.o[0m
[4.701s] [ 52%] [32mBuilding C object CMakeFiles/vehicle_dimension_msgs__rosidl_typesupport_introspection_c.dir/rosidl_typesupport_introspection_c/vehicle_dimension_msgs/msg/detail/vehicle_bounding_box_array__type_support.c.o[0m
[4.702s] [ 54%] [32mBuilding CXX object CMakeFiles/vehicle_dimension_msgs__rosidl_typesupport_fastrtps_c.dir/rosidl_typesupport_fastrtps_c/vehicle_dimension_msgs/msg/detail/vehicle_dimension__type_support_c.cpp.o[0m
[4.791s] [ 54%] Built target vehicle_dimension_msgs__rosidl_typesupport_c
[4.825s] [ 56%] [32mBuilding CXX object CMakeFiles/vehicle_dimension_msgs__rosidl_typesupport_introspection_cpp.dir/rosidl_typesupport_introspection_cpp/vehicle_dimension_msgs/msg/detail/vehicle_bounding_box_array__type_support.cpp.o[0m
[4.863s] [ 58%] [32mBuilding C object CMakeFiles/vehicle_dimension_msgs__rosidl_typesupport_introspection_c.dir/rosidl_typesupport_introspection_c/vehicle_dimension_msgs/msg/detail/vehicle_tariff__type_support.c.o[0m
[4.972s] [ 60%] [32m[1mLinking C shared library libvehicle_dimension_msgs__rosidl_typesupport_introspection_c.so[0m
[5.096s] [ 60%] Built target vehicle_dimension_msgs__rosidl_typesupport_introspection_c
[5.119s] [ 61%] [32mBuilding CXX object CMakeFiles/vehicle_dimension_msgs__rosidl_typesupport_fastrtps_c.dir/rosidl_typesupport_fastrtps_c/vehicle_dimension_msgs/msg/detail/vehicle_bounding_box__type_support_c.cpp.o[0m
[5.195s] [ 63%] [32mBuilding CXX object CMakeFiles/vehicle_dimension_msgs__rosidl_typesupport_introspection_cpp.dir/rosidl_typesupport_introspection_cpp/vehicle_dimension_msgs/msg/detail/vehicle_tariff__type_support.cpp.o[0m
[5.481s] [ 65%] [32mBuilding CXX object CMakeFiles/vehicle_dimension_msgs__rosidl_typesupport_fastrtps_cpp.dir/rosidl_typesupport_fastrtps_cpp/vehicle_dimension_msgs/msg/detail/dds_fastrtps/vehicle_bounding_box_array__type_support.cpp.o[0m
[5.594s] [ 67%] [32m[1mLinking CXX shared library libvehicle_dimension_msgs__rosidl_typesupport_cpp.so[0m
[5.598s] [ 69%] [32mBuilding CXX object CMakeFiles/vehicle_dimension_msgs__rosidl_typesupport_fastrtps_c.dir/rosidl_typesupport_fastrtps_c/vehicle_dimension_msgs/msg/detail/vehicle_bounding_box_array__type_support_c.cpp.o[0m
[5.627s] [ 70%] [32mBuilding CXX object CMakeFiles/vehicle_dimension_msgs__rosidl_typesupport_fastrtps_cpp.dir/rosidl_typesupport_fastrtps_cpp/vehicle_dimension_msgs/msg/detail/dds_fastrtps/vehicle_tariff__type_support.cpp.o[0m
[5.841s] [ 70%] Built target vehicle_dimension_msgs__rosidl_typesupport_cpp
[5.893s] [ 72%] [32mBuilding CXX object CMakeFiles/vehicle_dimension_msgs__rosidl_typesupport_fastrtps_c.dir/rosidl_typesupport_fastrtps_c/vehicle_dimension_msgs/msg/detail/vehicle_tariff__type_support_c.cpp.o[0m
[6.595s] [ 74%] [32m[1mLinking CXX shared library libvehicle_dimension_msgs__rosidl_typesupport_introspection_cpp.so[0m
[6.882s] [ 74%] Built target vehicle_dimension_msgs__rosidl_typesupport_introspection_cpp
[6.957s] [ 76%] [32m[1mLinking CXX shared library libvehicle_dimension_msgs__rosidl_typesupport_fastrtps_cpp.so[0m
[7.039s] [ 78%] [32m[1mLinking CXX shared library libvehicle_dimension_msgs__rosidl_typesupport_fastrtps_c.so[0m
[7.150s] [ 78%] Built target vehicle_dimension_msgs__rosidl_typesupport_fastrtps_cpp
[7.228s] [ 78%] Built target vehicle_dimension_msgs__rosidl_typesupport_fastrtps_c
[7.276s] [ 78%] Built target vehicle_dimension_msgs
[7.320s] [ 80%] [34m[1mGenerating Python code for ROS interfaces[0m
[8.947s] [ 80%] Built target vehicle_dimension_msgs__py
[9.017s] [ 81%] [32mBuilding C object CMakeFiles/vehicle_dimension_msgs__rosidl_generator_py.dir/rosidl_generator_py/vehicle_dimension_msgs/msg/_vehicle_bounding_box_array_s.c.o[0m
[9.031s] [ 85%] [32mBuilding C object CMakeFiles/vehicle_dimension_msgs__rosidl_generator_py.dir/rosidl_generator_py/vehicle_dimension_msgs/msg/_vehicle_bounding_box_s.c.o[0m
[9.032s] [ 85%] [32mBuilding C object CMakeFiles/vehicle_dimension_msgs__rosidl_generator_py.dir/rosidl_generator_py/vehicle_dimension_msgs/msg/_vehicle_dimension_s.c.o[0m
[9.040s] [ 87%] [32mBuilding C object CMakeFiles/vehicle_dimension_msgs__rosidl_generator_py.dir/rosidl_generator_py/vehicle_dimension_msgs/msg/_vehicle_tariff_s.c.o[0m
[9.508s] [ 89%] [32m[1mLinking C shared library rosidl_generator_py/vehicle_dimension_msgs/libvehicle_dimension_msgs__rosidl_generator_py.so[0m
[9.668s] [ 89%] Built target vehicle_dimension_msgs__rosidl_generator_py
[9.729s] [ 90%] [32mBuilding C object CMakeFiles/vehicle_dimension_msgs__rosidl_typesupport_introspection_c__pyext.dir/rosidl_generator_py/vehicle_dimension_msgs/_vehicle_dimension_msgs_s.ep.rosidl_typesupport_introspection_c.c.o[0m
[9.749s] [ 92%] [32mBuilding C object CMakeFiles/vehicle_dimension_msgs__rosidl_typesupport_fastrtps_c__pyext.dir/rosidl_generator_py/vehicle_dimension_msgs/_vehicle_dimension_msgs_s.ep.rosidl_typesupport_fastrtps_c.c.o[0m
[9.770s] [ 94%] [32mBuilding C object CMakeFiles/vehicle_dimension_msgs__rosidl_typesupport_c__pyext.dir/rosidl_generator_py/vehicle_dimension_msgs/_vehicle_dimension_msgs_s.ep.rosidl_typesupport_c.c.o[0m
[10.104s] [ 96%] [32m[1mLinking C shared library rosidl_generator_py/vehicle_dimension_msgs/vehicle_dimension_msgs_s__rosidl_typesupport_introspection_c.cpython-310-x86_64-linux-gnu.so[0m
[10.144s] [ 98%] [32m[1mLinking C shared library rosidl_generator_py/vehicle_dimension_msgs/vehicle_dimension_msgs_s__rosidl_typesupport_fastrtps_c.cpython-310-x86_64-linux-gnu.so[0m
[10.269s] [100%] [32m[1mLinking C shared library rosidl_generator_py/vehicle_dimension_msgs/vehicle_dimension_msgs_s__rosidl_typesupport_c.cpython-310-x86_64-linux-gnu.so[0m
[10.278s] [100%] Built target vehicle_dimension_msgs__rosidl_typesupport_introspection_c__pyext
[10.297s] [100%] Built target vehicle_dimension_msgs__rosidl_typesupport_fastrtps_c__pyext
[10.444s] [100%] Built target vehicle_dimension_msgs__rosidl_typesupport_c__pyext
[10.502s] Invoked command in '/home/ais/smartport_ws/build/vehicle_dimension_msgs' returned '0': CMAKE_PREFIX_PATH=/opt/ros/humble /usr/bin/cmake --build /home/ais/smartport_ws/build/vehicle_dimension_msgs -- -j8 -l8
[10.532s] Invoking command in '/home/ais/smartport_ws/build/vehicle_dimension_msgs': CMAKE_PREFIX_PATH=/opt/ros/humble /usr/bin/cmake --install /home/ais/smartport_ws/build/vehicle_dimension_msgs
[10.548s] -- Install configuration: ""
[10.549s] -- Execute custom install script
[10.550s] -- Symlinking: /home/ais/smartport_ws/install/vehicle_dimension_msgs/share/ament_index/resource_index/rosidl_interfaces/vehicle_dimension_msgs
[10.588s] -- Symlinking: /home/ais/smartport_ws/install/vehicle_dimension_msgs/include/vehicle_dimension_msgs/vehicle_dimension_msgs/msg/detail/vehicle_bounding_box__functions.h
[10.614s] -- Symlinking: /home/ais/smartport_ws/install/vehicle_dimension_msgs/include/vehicle_dimension_msgs/vehicle_dimension_msgs/msg/detail/vehicle_bounding_box__struct.h
[10.650s] -- Symlinking: /home/ais/smartport_ws/install/vehicle_dimension_msgs/include/vehicle_dimension_msgs/vehicle_dimension_msgs/msg/detail/vehicle_bounding_box__type_support.h
[10.666s] -- Symlinking: /home/ais/smartport_ws/install/vehicle_dimension_msgs/include/vehicle_dimension_msgs/vehicle_dimension_msgs/msg/detail/vehicle_bounding_box_array__functions.h
[10.684s] -- Symlinking: /home/ais/smartport_ws/install/vehicle_dimension_msgs/include/vehicle_dimension_msgs/vehicle_dimension_msgs/msg/detail/vehicle_bounding_box_array__struct.h
[10.710s] -- Symlinking: /home/ais/smartport_ws/install/vehicle_dimension_msgs/include/vehicle_dimension_msgs/vehicle_dimension_msgs/msg/detail/vehicle_bounding_box_array__type_support.h
[10.728s] -- Symlinking: /home/ais/smartport_ws/install/vehicle_dimension_msgs/include/vehicle_dimension_msgs/vehicle_dimension_msgs/msg/detail/vehicle_dimension__functions.h
[10.746s] -- Symlinking: /home/ais/smartport_ws/install/vehicle_dimension_msgs/include/vehicle_dimension_msgs/vehicle_dimension_msgs/msg/detail/vehicle_dimension__struct.h
[10.766s] -- Symlinking: /home/ais/smartport_ws/install/vehicle_dimension_msgs/include/vehicle_dimension_msgs/vehicle_dimension_msgs/msg/detail/vehicle_dimension__type_support.h
[10.786s] -- Symlinking: /home/ais/smartport_ws/install/vehicle_dimension_msgs/include/vehicle_dimension_msgs/vehicle_dimension_msgs/msg/detail/vehicle_tariff__functions.h
[10.806s] -- Symlinking: /home/ais/smartport_ws/install/vehicle_dimension_msgs/include/vehicle_dimension_msgs/vehicle_dimension_msgs/msg/detail/vehicle_tariff__struct.h
[10.826s] -- Symlinking: /home/ais/smartport_ws/install/vehicle_dimension_msgs/include/vehicle_dimension_msgs/vehicle_dimension_msgs/msg/detail/vehicle_tariff__type_support.h
[10.846s] -- Symlinking: /home/ais/smartport_ws/install/vehicle_dimension_msgs/include/vehicle_dimension_msgs/vehicle_dimension_msgs/msg/rosidl_generator_c__visibility_control.h
[10.866s] -- Symlinking: /home/ais/smartport_ws/install/vehicle_dimension_msgs/include/vehicle_dimension_msgs/vehicle_dimension_msgs/msg/vehicle_bounding_box.h
[10.886s] -- Symlinking: /home/ais/smartport_ws/install/vehicle_dimension_msgs/include/vehicle_dimension_msgs/vehicle_dimension_msgs/msg/vehicle_bounding_box_array.h
[10.907s] -- Symlinking: /home/ais/smartport_ws/install/vehicle_dimension_msgs/include/vehicle_dimension_msgs/vehicle_dimension_msgs/msg/vehicle_dimension.h
[10.927s] -- Symlinking: /home/ais/smartport_ws/install/vehicle_dimension_msgs/include/vehicle_dimension_msgs/vehicle_dimension_msgs/msg/vehicle_tariff.h
[10.976s] -- Symlinking: /home/ais/smartport_ws/install/vehicle_dimension_msgs/share/vehicle_dimension_msgs/environment/library_path.sh
[10.996s] -- Symlinking: /home/ais/smartport_ws/install/vehicle_dimension_msgs/share/vehicle_dimension_msgs/environment/library_path.dsv
[11.019s] -- Symlinking: /home/ais/smartport_ws/install/vehicle_dimension_msgs/include/vehicle_dimension_msgs/vehicle_dimension_msgs/msg/detail/vehicle_bounding_box__rosidl_typesupport_fastrtps_c.h
[11.040s] -- Symlinking: /home/ais/smartport_ws/install/vehicle_dimension_msgs/include/vehicle_dimension_msgs/vehicle_dimension_msgs/msg/detail/vehicle_bounding_box_array__rosidl_typesupport_fastrtps_c.h
[11.059s] -- Symlinking: /home/ais/smartport_ws/install/vehicle_dimension_msgs/include/vehicle_dimension_msgs/vehicle_dimension_msgs/msg/detail/vehicle_dimension__rosidl_typesupport_fastrtps_c.h
[11.078s] -- Symlinking: /home/ais/smartport_ws/install/vehicle_dimension_msgs/include/vehicle_dimension_msgs/vehicle_dimension_msgs/msg/detail/vehicle_tariff__rosidl_typesupport_fastrtps_c.h
[11.099s] -- Symlinking: /home/ais/smartport_ws/install/vehicle_dimension_msgs/include/vehicle_dimension_msgs/vehicle_dimension_msgs/msg/rosidl_typesupport_fastrtps_c__visibility_control.h
[11.120s] -- Symlinking: /home/ais/smartport_ws/install/vehicle_dimension_msgs/include/vehicle_dimension_msgs/vehicle_dimension_msgs/msg/detail/vehicle_bounding_box__rosidl_typesupport_introspection_c.h
[11.140s] -- Symlinking: /home/ais/smartport_ws/install/vehicle_dimension_msgs/include/vehicle_dimension_msgs/vehicle_dimension_msgs/msg/detail/vehicle_bounding_box_array__rosidl_typesupport_introspection_c.h
[11.158s] -- Symlinking: /home/ais/smartport_ws/install/vehicle_dimension_msgs/include/vehicle_dimension_msgs/vehicle_dimension_msgs/msg/detail/vehicle_dimension__rosidl_typesupport_introspection_c.h
[11.178s] -- Symlinking: /home/ais/smartport_ws/install/vehicle_dimension_msgs/include/vehicle_dimension_msgs/vehicle_dimension_msgs/msg/detail/vehicle_tariff__rosidl_typesupport_introspection_c.h
[11.199s] -- Symlinking: /home/ais/smartport_ws/install/vehicle_dimension_msgs/include/vehicle_dimension_msgs/vehicle_dimension_msgs/msg/rosidl_typesupport_introspection_c__visibility_control.h
[11.220s] -- Symlinking: /home/ais/smartport_ws/install/vehicle_dimension_msgs/include/vehicle_dimension_msgs/vehicle_dimension_msgs/msg/detail/vehicle_bounding_box__builder.hpp
[11.239s] -- Symlinking: /home/ais/smartport_ws/install/vehicle_dimension_msgs/include/vehicle_dimension_msgs/vehicle_dimension_msgs/msg/detail/vehicle_bounding_box__struct.hpp
[11.259s] -- Symlinking: /home/ais/smartport_ws/install/vehicle_dimension_msgs/include/vehicle_dimension_msgs/vehicle_dimension_msgs/msg/detail/vehicle_bounding_box__traits.hpp
[11.279s] -- Symlinking: /home/ais/smartport_ws/install/vehicle_dimension_msgs/include/vehicle_dimension_msgs/vehicle_dimension_msgs/msg/detail/vehicle_bounding_box__type_support.hpp
[11.298s] -- Symlinking: /home/ais/smartport_ws/install/vehicle_dimension_msgs/include/vehicle_dimension_msgs/vehicle_dimension_msgs/msg/detail/vehicle_bounding_box_array__builder.hpp
[11.320s] -- Symlinking: /home/ais/smartport_ws/install/vehicle_dimension_msgs/include/vehicle_dimension_msgs/vehicle_dimension_msgs/msg/detail/vehicle_bounding_box_array__struct.hpp
[11.339s] -- Symlinking: /home/ais/smartport_ws/install/vehicle_dimension_msgs/include/vehicle_dimension_msgs/vehicle_dimension_msgs/msg/detail/vehicle_bounding_box_array__traits.hpp
[11.360s] -- Symlinking: /home/ais/smartport_ws/install/vehicle_dimension_msgs/include/vehicle_dimension_msgs/vehicle_dimension_msgs/msg/detail/vehicle_bounding_box_array__type_support.hpp
[11.381s] -- Symlinking: /home/ais/smartport_ws/install/vehicle_dimension_msgs/include/vehicle_dimension_msgs/vehicle_dimension_msgs/msg/detail/vehicle_dimension__builder.hpp
[11.399s] -- Symlinking: /home/ais/smartport_ws/install/vehicle_dimension_msgs/include/vehicle_dimension_msgs/vehicle_dimension_msgs/msg/detail/vehicle_dimension__struct.hpp
[11.420s] -- Symlinking: /home/ais/smartport_ws/install/vehicle_dimension_msgs/include/vehicle_dimension_msgs/vehicle_dimension_msgs/msg/detail/vehicle_dimension__traits.hpp
[11.440s] -- Symlinking: /home/ais/smartport_ws/install/vehicle_dimension_msgs/include/vehicle_dimension_msgs/vehicle_dimension_msgs/msg/detail/vehicle_dimension__type_support.hpp
[11.468s] -- Symlinking: /home/ais/smartport_ws/install/vehicle_dimension_msgs/include/vehicle_dimension_msgs/vehicle_dimension_msgs/msg/detail/vehicle_tariff__builder.hpp
[11.493s] -- Symlinking: /home/ais/smartport_ws/install/vehicle_dimension_msgs/include/vehicle_dimension_msgs/vehicle_dimension_msgs/msg/detail/vehicle_tariff__struct.hpp
[11.519s] -- Symlinking: /home/ais/smartport_ws/install/vehicle_dimension_msgs/include/vehicle_dimension_msgs/vehicle_dimension_msgs/msg/detail/vehicle_tariff__traits.hpp
[11.544s] -- Symlinking: /home/ais/smartport_ws/install/vehicle_dimension_msgs/include/vehicle_dimension_msgs/vehicle_dimension_msgs/msg/detail/vehicle_tariff__type_support.hpp
[11.568s] -- Symlinking: /home/ais/smartport_ws/install/vehicle_dimension_msgs/include/vehicle_dimension_msgs/vehicle_dimension_msgs/msg/rosidl_generator_cpp__visibility_control.hpp
[11.590s] -- Symlinking: /home/ais/smartport_ws/install/vehicle_dimension_msgs/include/vehicle_dimension_msgs/vehicle_dimension_msgs/msg/vehicle_bounding_box.hpp
[11.616s] -- Symlinking: /home/ais/smartport_ws/install/vehicle_dimension_msgs/include/vehicle_dimension_msgs/vehicle_dimension_msgs/msg/vehicle_bounding_box_array.hpp
[11.640s] -- Symlinking: /home/ais/smartport_ws/install/vehicle_dimension_msgs/include/vehicle_dimension_msgs/vehicle_dimension_msgs/msg/vehicle_dimension.hpp
[11.663s] -- Symlinking: /home/ais/smartport_ws/install/vehicle_dimension_msgs/include/vehicle_dimension_msgs/vehicle_dimension_msgs/msg/vehicle_tariff.hpp
[11.684s] -- Symlinking: /home/ais/smartport_ws/install/vehicle_dimension_msgs/include/vehicle_dimension_msgs/vehicle_dimension_msgs/msg/detail/vehicle_bounding_box__rosidl_typesupport_fastrtps_cpp.hpp
[11.704s] -- Symlinking: /home/ais/smartport_ws/install/vehicle_dimension_msgs/include/vehicle_dimension_msgs/vehicle_dimension_msgs/msg/detail/vehicle_bounding_box_array__rosidl_typesupport_fastrtps_cpp.hpp
[11.729s] -- Symlinking: /home/ais/smartport_ws/install/vehicle_dimension_msgs/include/vehicle_dimension_msgs/vehicle_dimension_msgs/msg/detail/vehicle_dimension__rosidl_typesupport_fastrtps_cpp.hpp
[11.749s] -- Symlinking: /home/ais/smartport_ws/install/vehicle_dimension_msgs/include/vehicle_dimension_msgs/vehicle_dimension_msgs/msg/detail/vehicle_tariff__rosidl_typesupport_fastrtps_cpp.hpp
[11.771s] -- Symlinking: /home/ais/smartport_ws/install/vehicle_dimension_msgs/include/vehicle_dimension_msgs/vehicle_dimension_msgs/msg/rosidl_typesupport_fastrtps_cpp__visibility_control.h
[11.794s] -- Symlinking: /home/ais/smartport_ws/install/vehicle_dimension_msgs/include/vehicle_dimension_msgs/vehicle_dimension_msgs/msg/detail/vehicle_bounding_box__rosidl_typesupport_introspection_cpp.hpp
[11.812s] -- Symlinking: /home/ais/smartport_ws/install/vehicle_dimension_msgs/include/vehicle_dimension_msgs/vehicle_dimension_msgs/msg/detail/vehicle_bounding_box_array__rosidl_typesupport_introspection_cpp.hpp
[11.836s] -- Symlinking: /home/ais/smartport_ws/install/vehicle_dimension_msgs/include/vehicle_dimension_msgs/vehicle_dimension_msgs/msg/detail/vehicle_dimension__rosidl_typesupport_introspection_cpp.hpp
[11.856s] -- Symlinking: /home/ais/smartport_ws/install/vehicle_dimension_msgs/include/vehicle_dimension_msgs/vehicle_dimension_msgs/msg/detail/vehicle_tariff__rosidl_typesupport_introspection_cpp.hpp
[11.878s] -- Symlinking: /home/ais/smartport_ws/install/vehicle_dimension_msgs/share/vehicle_dimension_msgs/environment/pythonpath.sh
[11.898s] -- Symlinking: /home/ais/smartport_ws/install/vehicle_dimension_msgs/share/vehicle_dimension_msgs/environment/pythonpath.dsv
[11.931s] -- Symlinking: /home/ais/smartport_ws/install/vehicle_dimension_msgs/local/lib/python3.10/dist-packages/vehicle_dimension_msgs-0.1.0-py3.10.egg-info/PKG-INFO
[11.955s] -- Symlinking: /home/ais/smartport_ws/install/vehicle_dimension_msgs/local/lib/python3.10/dist-packages/vehicle_dimension_msgs-0.1.0-py3.10.egg-info/SOURCES.txt
[11.976s] -- Symlinking: /home/ais/smartport_ws/install/vehicle_dimension_msgs/local/lib/python3.10/dist-packages/vehicle_dimension_msgs-0.1.0-py3.10.egg-info/dependency_links.txt
[11.995s] -- Symlinking: /home/ais/smartport_ws/install/vehicle_dimension_msgs/local/lib/python3.10/dist-packages/vehicle_dimension_msgs-0.1.0-py3.10.egg-info/top_level.txt
[12.029s] -- Symlinking: /home/ais/smartport_ws/install/vehicle_dimension_msgs/local/lib/python3.10/dist-packages/vehicle_dimension_msgs/__init__.py
[12.047s] -- Symlinking: /home/ais/smartport_ws/install/vehicle_dimension_msgs/local/lib/python3.10/dist-packages/vehicle_dimension_msgs/_vehicle_dimension_msgs_s.ep.rosidl_typesupport_c.c
[12.067s] -- Symlinking: /home/ais/smartport_ws/install/vehicle_dimension_msgs/local/lib/python3.10/dist-packages/vehicle_dimension_msgs/_vehicle_dimension_msgs_s.ep.rosidl_typesupport_fastrtps_c.c
[12.087s] -- Symlinking: /home/ais/smartport_ws/install/vehicle_dimension_msgs/local/lib/python3.10/dist-packages/vehicle_dimension_msgs/_vehicle_dimension_msgs_s.ep.rosidl_typesupport_introspection_c.c
[12.108s] -- Symlinking: /home/ais/smartport_ws/install/vehicle_dimension_msgs/local/lib/python3.10/dist-packages/vehicle_dimension_msgs/libvehicle_dimension_msgs__rosidl_generator_py.so
[12.141s] -- Symlinking: /home/ais/smartport_ws/install/vehicle_dimension_msgs/local/lib/python3.10/dist-packages/vehicle_dimension_msgs/msg/__init__.py
[12.158s] -- Symlinking: /home/ais/smartport_ws/install/vehicle_dimension_msgs/local/lib/python3.10/dist-packages/vehicle_dimension_msgs/msg/_vehicle_bounding_box.py
[12.178s] -- Symlinking: /home/ais/smartport_ws/install/vehicle_dimension_msgs/local/lib/python3.10/dist-packages/vehicle_dimension_msgs/msg/_vehicle_bounding_box_array.py
[12.198s] -- Symlinking: /home/ais/smartport_ws/install/vehicle_dimension_msgs/local/lib/python3.10/dist-packages/vehicle_dimension_msgs/msg/_vehicle_bounding_box_array_s.c
[12.236s] -- Symlinking: /home/ais/smartport_ws/install/vehicle_dimension_msgs/local/lib/python3.10/dist-packages/vehicle_dimension_msgs/msg/_vehicle_bounding_box_s.c
[12.256s] -- Symlinking: /home/ais/smartport_ws/install/vehicle_dimension_msgs/local/lib/python3.10/dist-packages/vehicle_dimension_msgs/msg/_vehicle_dimension.py
[12.280s] -- Symlinking: /home/ais/smartport_ws/install/vehicle_dimension_msgs/local/lib/python3.10/dist-packages/vehicle_dimension_msgs/msg/_vehicle_dimension_s.c
[12.297s] -- Symlinking: /home/ais/smartport_ws/install/vehicle_dimension_msgs/local/lib/python3.10/dist-packages/vehicle_dimension_msgs/msg/_vehicle_tariff.py
[12.324s] -- Symlinking: /home/ais/smartport_ws/install/vehicle_dimension_msgs/local/lib/python3.10/dist-packages/vehicle_dimension_msgs/msg/_vehicle_tariff_s.c
[12.346s] -- Symlinking: /home/ais/smartport_ws/install/vehicle_dimension_msgs/local/lib/python3.10/dist-packages/vehicle_dimension_msgs/vehicle_dimension_msgs_s__rosidl_typesupport_c.cpython-310-x86_64-linux-gnu.so
[12.368s] -- Symlinking: /home/ais/smartport_ws/install/vehicle_dimension_msgs/local/lib/python3.10/dist-packages/vehicle_dimension_msgs/vehicle_dimension_msgs_s__rosidl_typesupport_fastrtps_c.cpython-310-x86_64-linux-gnu.so
[12.387s] -- Symlinking: /home/ais/smartport_ws/install/vehicle_dimension_msgs/local/lib/python3.10/dist-packages/vehicle_dimension_msgs/vehicle_dimension_msgs_s__rosidl_typesupport_introspection_c.cpython-310-x86_64-linux-gnu.so
[12.408s] -- Up-to-date symlink: /home/ais/smartport_ws/install/vehicle_dimension_msgs/local/lib/python3.10/dist-packages/vehicle_dimension_msgs/vehicle_dimension_msgs_s__rosidl_typesupport_fastrtps_c.cpython-310-x86_64-linux-gnu.so
[12.409s] -- Up-to-date symlink: /home/ais/smartport_ws/install/vehicle_dimension_msgs/local/lib/python3.10/dist-packages/vehicle_dimension_msgs/vehicle_dimension_msgs_s__rosidl_typesupport_introspection_c.cpython-310-x86_64-linux-gnu.so
[12.410s] -- Up-to-date symlink: /home/ais/smartport_ws/install/vehicle_dimension_msgs/local/lib/python3.10/dist-packages/vehicle_dimension_msgs/vehicle_dimension_msgs_s__rosidl_typesupport_c.cpython-310-x86_64-linux-gnu.so
[12.412s] -- Symlinking: /home/ais/smartport_ws/install/vehicle_dimension_msgs/share/vehicle_dimension_msgs/msg/VehicleDimension.idl
[12.439s] -- Symlinking: /home/ais/smartport_ws/install/vehicle_dimension_msgs/share/vehicle_dimension_msgs/msg/VehicleBoundingBox.idl
[12.459s] -- Symlinking: /home/ais/smartport_ws/install/vehicle_dimension_msgs/share/vehicle_dimension_msgs/msg/VehicleBoundingBoxArray.idl
[12.479s] -- Symlinking: /home/ais/smartport_ws/install/vehicle_dimension_msgs/share/vehicle_dimension_msgs/msg/VehicleTariff.idl
[12.499s] -- Symlinking: /home/ais/smartport_ws/install/vehicle_dimension_msgs/share/vehicle_dimension_msgs/msg/VehicleDimension.msg
[12.519s] -- Symlinking: /home/ais/smartport_ws/install/vehicle_dimension_msgs/share/vehicle_dimension_msgs/msg/VehicleBoundingBox.msg
[12.549s] -- Symlinking: /home/ais/smartport_ws/install/vehicle_dimension_msgs/share/vehicle_dimension_msgs/msg/VehicleBoundingBoxArray.msg
[12.571s] -- Symlinking: /home/ais/smartport_ws/install/vehicle_dimension_msgs/share/vehicle_dimension_msgs/msg/VehicleTariff.msg
[12.592s] -- Symlinking: /home/ais/smartport_ws/install/vehicle_dimension_msgs/share/ament_index/resource_index/package_run_dependencies/vehicle_dimension_msgs
[12.612s] -- Symlinking: /home/ais/smartport_ws/install/vehicle_dimension_msgs/share/ament_index/resource_index/parent_prefix_path/vehicle_dimension_msgs
[12.633s] -- Symlinking: /home/ais/smartport_ws/install/vehicle_dimension_msgs/share/vehicle_dimension_msgs/environment/ament_prefix_path.sh
[12.653s] -- Symlinking: /home/ais/smartport_ws/install/vehicle_dimension_msgs/share/vehicle_dimension_msgs/environment/ament_prefix_path.dsv
[12.672s] -- Symlinking: /home/ais/smartport_ws/install/vehicle_dimension_msgs/share/vehicle_dimension_msgs/environment/path.sh
[12.692s] -- Symlinking: /home/ais/smartport_ws/install/vehicle_dimension_msgs/share/vehicle_dimension_msgs/environment/path.dsv
[12.705s] -- Symlinking: /home/ais/smartport_ws/install/vehicle_dimension_msgs/share/vehicle_dimension_msgs/local_setup.bash
[12.717s] -- Symlinking: /home/ais/smartport_ws/install/vehicle_dimension_msgs/share/vehicle_dimension_msgs/local_setup.sh
[12.731s] -- Symlinking: /home/ais/smartport_ws/install/vehicle_dimension_msgs/share/vehicle_dimension_msgs/local_setup.zsh
[12.743s] -- Symlinking: /home/ais/smartport_ws/install/vehicle_dimension_msgs/share/vehicle_dimension_msgs/local_setup.dsv
[12.755s] -- Symlinking: /home/ais/smartport_ws/install/vehicle_dimension_msgs/share/vehicle_dimension_msgs/package.dsv
[12.767s] -- Symlinking: /home/ais/smartport_ws/install/vehicle_dimension_msgs/share/ament_index/resource_index/packages/vehicle_dimension_msgs
[12.780s] -- Symlinking: /home/ais/smartport_ws/install/vehicle_dimension_msgs/share/vehicle_dimension_msgs/cmake/rosidl_cmake-extras.cmake
[12.792s] -- Symlinking: /home/ais/smartport_ws/install/vehicle_dimension_msgs/share/vehicle_dimension_msgs/cmake/ament_cmake_export_dependencies-extras.cmake
[12.804s] -- Symlinking: /home/ais/smartport_ws/install/vehicle_dimension_msgs/share/vehicle_dimension_msgs/cmake/ament_cmake_export_include_directories-extras.cmake
[12.817s] -- Symlinking: /home/ais/smartport_ws/install/vehicle_dimension_msgs/share/vehicle_dimension_msgs/cmake/ament_cmake_export_libraries-extras.cmake
[12.831s] -- Symlinking: /home/ais/smartport_ws/install/vehicle_dimension_msgs/share/vehicle_dimension_msgs/cmake/ament_cmake_export_targets-extras.cmake
[12.843s] -- Symlinking: /home/ais/smartport_ws/install/vehicle_dimension_msgs/share/vehicle_dimension_msgs/cmake/rosidl_cmake_export_typesupport_targets-extras.cmake
[12.856s] -- Symlinking: /home/ais/smartport_ws/install/vehicle_dimension_msgs/share/vehicle_dimension_msgs/cmake/rosidl_cmake_export_typesupport_libraries-extras.cmake
[12.868s] -- Symlinking: /home/ais/smartport_ws/install/vehicle_dimension_msgs/share/vehicle_dimension_msgs/cmake/vehicle_dimension_msgsConfig.cmake
[12.880s] -- Symlinking: /home/ais/smartport_ws/install/vehicle_dimension_msgs/share/vehicle_dimension_msgs/cmake/vehicle_dimension_msgsConfig-version.cmake
[12.892s] -- Symlinking: /home/ais/smartport_ws/install/vehicle_dimension_msgs/share/vehicle_dimension_msgs/package.xml
[12.905s] -- Installing: /home/ais/smartport_ws/install/vehicle_dimension_msgs/lib/libvehicle_dimension_msgs__rosidl_generator_c.so
[12.905s] -- Set runtime path of "/home/ais/smartport_ws/install/vehicle_dimension_msgs/lib/libvehicle_dimension_msgs__rosidl_generator_c.so" to ""
[12.906s] -- Installing: /home/ais/smartport_ws/install/vehicle_dimension_msgs/lib/libvehicle_dimension_msgs__rosidl_typesupport_fastrtps_c.so
[12.906s] -- Set runtime path of "/home/ais/smartport_ws/install/vehicle_dimension_msgs/lib/libvehicle_dimension_msgs__rosidl_typesupport_fastrtps_c.so" to ""
[12.907s] -- Installing: /home/ais/smartport_ws/install/vehicle_dimension_msgs/lib/libvehicle_dimension_msgs__rosidl_typesupport_introspection_c.so
[12.907s] -- Set runtime path of "/home/ais/smartport_ws/install/vehicle_dimension_msgs/lib/libvehicle_dimension_msgs__rosidl_typesupport_introspection_c.so" to ""
[12.907s] -- Installing: /home/ais/smartport_ws/install/vehicle_dimension_msgs/lib/libvehicle_dimension_msgs__rosidl_typesupport_c.so
[12.908s] -- Set runtime path of "/home/ais/smartport_ws/install/vehicle_dimension_msgs/lib/libvehicle_dimension_msgs__rosidl_typesupport_c.so" to ""
[12.908s] -- Installing: /home/ais/smartport_ws/install/vehicle_dimension_msgs/lib/libvehicle_dimension_msgs__rosidl_typesupport_fastrtps_cpp.so
[12.909s] -- Set runtime path of "/home/ais/smartport_ws/install/vehicle_dimension_msgs/lib/libvehicle_dimension_msgs__rosidl_typesupport_fastrtps_cpp.so" to ""
[12.909s] -- Installing: /home/ais/smartport_ws/install/vehicle_dimension_msgs/lib/libvehicle_dimension_msgs__rosidl_typesupport_introspection_cpp.so
[12.910s] -- Set runtime path of "/home/ais/smartport_ws/install/vehicle_dimension_msgs/lib/libvehicle_dimension_msgs__rosidl_typesupport_introspection_cpp.so" to ""
[12.911s] -- Installing: /home/ais/smartport_ws/install/vehicle_dimension_msgs/lib/libvehicle_dimension_msgs__rosidl_typesupport_cpp.so
[12.911s] -- Set runtime path of "/home/ais/smartport_ws/install/vehicle_dimension_msgs/lib/libvehicle_dimension_msgs__rosidl_typesupport_cpp.so" to ""
[12.965s] Listing '/home/ais/smartport_ws/install/vehicle_dimension_msgs/local/lib/python3.10/dist-packages/vehicle_dimension_msgs'...
[12.965s] Compiling '/home/ais/smartport_ws/install/vehicle_dimension_msgs/local/lib/python3.10/dist-packages/vehicle_dimension_msgs/__init__.py'...
[12.966s] Listing '/home/ais/smartport_ws/install/vehicle_dimension_msgs/local/lib/python3.10/dist-packages/vehicle_dimension_msgs/msg'...
[12.966s] Compiling '/home/ais/smartport_ws/install/vehicle_dimension_msgs/local/lib/python3.10/dist-packages/vehicle_dimension_msgs/msg/__init__.py'...
[12.966s] Compiling '/home/ais/smartport_ws/install/vehicle_dimension_msgs/local/lib/python3.10/dist-packages/vehicle_dimension_msgs/msg/_vehicle_bounding_box.py'...
[12.966s] Compiling '/home/ais/smartport_ws/install/vehicle_dimension_msgs/local/lib/python3.10/dist-packages/vehicle_dimension_msgs/msg/_vehicle_bounding_box_array.py'...
[12.966s] Compiling '/home/ais/smartport_ws/install/vehicle_dimension_msgs/local/lib/python3.10/dist-packages/vehicle_dimension_msgs/msg/_vehicle_dimension.py'...
[12.966s] Compiling '/home/ais/smartport_ws/install/vehicle_dimension_msgs/local/lib/python3.10/dist-packages/vehicle_dimension_msgs/msg/_vehicle_tariff.py'...
[12.972s] -- Installing: /home/ais/smartport_ws/install/vehicle_dimension_msgs/lib/libvehicle_dimension_msgs__rosidl_generator_py.so
[12.973s] -- Set runtime path of "/home/ais/smartport_ws/install/vehicle_dimension_msgs/lib/libvehicle_dimension_msgs__rosidl_generator_py.so" to ""
[12.974s] -- Installing: /home/ais/smartport_ws/install/vehicle_dimension_msgs/share/vehicle_dimension_msgs/cmake/export_vehicle_dimension_msgs__rosidl_generator_cExport.cmake
[12.974s] -- Installing: /home/ais/smartport_ws/install/vehicle_dimension_msgs/share/vehicle_dimension_msgs/cmake/export_vehicle_dimension_msgs__rosidl_generator_cExport-noconfig.cmake
[12.974s] -- Installing: /home/ais/smartport_ws/install/vehicle_dimension_msgs/share/vehicle_dimension_msgs/cmake/export_vehicle_dimension_msgs__rosidl_typesupport_fastrtps_cExport.cmake
[12.974s] -- Installing: /home/ais/smartport_ws/install/vehicle_dimension_msgs/share/vehicle_dimension_msgs/cmake/export_vehicle_dimension_msgs__rosidl_typesupport_fastrtps_cExport-noconfig.cmake
[12.975s] -- Installing: /home/ais/smartport_ws/install/vehicle_dimension_msgs/share/vehicle_dimension_msgs/cmake/vehicle_dimension_msgs__rosidl_typesupport_introspection_cExport.cmake
[12.975s] -- Installing: /home/ais/smartport_ws/install/vehicle_dimension_msgs/share/vehicle_dimension_msgs/cmake/vehicle_dimension_msgs__rosidl_typesupport_introspection_cExport-noconfig.cmake
[12.976s] -- Installing: /home/ais/smartport_ws/install/vehicle_dimension_msgs/share/vehicle_dimension_msgs/cmake/vehicle_dimension_msgs__rosidl_typesupport_cExport.cmake
[12.976s] -- Installing: /home/ais/smartport_ws/install/vehicle_dimension_msgs/share/vehicle_dimension_msgs/cmake/vehicle_dimension_msgs__rosidl_typesupport_cExport-noconfig.cmake
[12.976s] -- Installing: /home/ais/smartport_ws/install/vehicle_dimension_msgs/share/vehicle_dimension_msgs/cmake/export_vehicle_dimension_msgs__rosidl_generator_cppExport.cmake
[12.976s] -- Installing: /home/ais/smartport_ws/install/vehicle_dimension_msgs/share/vehicle_dimension_msgs/cmake/export_vehicle_dimension_msgs__rosidl_typesupport_fastrtps_cppExport.cmake
[12.977s] -- Installing: /home/ais/smartport_ws/install/vehicle_dimension_msgs/share/vehicle_dimension_msgs/cmake/export_vehicle_dimension_msgs__rosidl_typesupport_fastrtps_cppExport-noconfig.cmake
[12.977s] -- Installing: /home/ais/smartport_ws/install/vehicle_dimension_msgs/share/vehicle_dimension_msgs/cmake/vehicle_dimension_msgs__rosidl_typesupport_introspection_cppExport.cmake
[12.977s] -- Installing: /home/ais/smartport_ws/install/vehicle_dimension_msgs/share/vehicle_dimension_msgs/cmake/vehicle_dimension_msgs__rosidl_typesupport_introspection_cppExport-noconfig.cmake
[12.977s] -- Installing: /home/ais/smartport_ws/install/vehicle_dimension_msgs/share/vehicle_dimension_msgs/cmake/vehicle_dimension_msgs__rosidl_typesupport_cppExport.cmake
[12.978s] -- Installing: /home/ais/smartport_ws/install/vehicle_dimension_msgs/share/vehicle_dimension_msgs/cmake/vehicle_dimension_msgs__rosidl_typesupport_cppExport-noconfig.cmake
[12.978s] -- Installing: /home/ais/smartport_ws/install/vehicle_dimension_msgs/share/vehicle_dimension_msgs/cmake/export_vehicle_dimension_msgs__rosidl_generator_pyExport.cmake
[12.978s] -- Installing: /home/ais/smartport_ws/install/vehicle_dimension_msgs/share/vehicle_dimension_msgs/cmake/export_vehicle_dimension_msgs__rosidl_generator_pyExport-noconfig.cmake
[12.982s] Invoked command in '/home/ais/smartport_ws/build/vehicle_dimension_msgs' returned '0': CMAKE_PREFIX_PATH=/opt/ros/humble /usr/bin/cmake --install /home/ais/smartport_ws/build/vehicle_dimension_msgs
